00007c5c
0000bdd3
0002b182
000304be
0003247e
00048d5b
0005cada
000896f0
0008c0c8
000adf24
000af144
000cd008
000cd008_13565e4a4f19bb786921d49144460da5
0010d484
0012c0b4
001703cb
00171f0b
00171f0c
001beddd
001d9f6f
0022d5cf
0022d5d0
0022d5d1
0022d5d2
0022d5d3
0022d5d4
0022d5d5
0022d5d6
00280305
002a0983
002b0983
003cb15f
003e0206
0043fb54
0043fb55
0043fb56
0043fb58
00496387
0051e8d2
0053fb54
0053fb55
0053fb56
0053fb57
0053fb58
0055cb2e
005aba45
005abb25
005abb26
005abb27
0060bac8
0063fb54
00689115
00703c5d
0075eac4
007a4cea
00847ff1
008dfe98
008e01a0
009b787e
009b8c64
00a129a2
00a18c64
00ae2938
00b114a0
00b72ecd
00b7a65b
00b9ed1b
00de5fb7
00ea43a7
00f16ec8
00fcd394
00fdd394
a_craft_struc_sub_alp_ovl.bmp
a_micr_top_sub_ovl_alp.bmp
abreak_ovl_sub_alp.bmp
abreak_ovl_sub_alp.bmp_52c97f0acc706212d7c15ffc02f7d45f
abreakset_ovl_sub_alp.bmp
abreakset_ovl_sub_alp.bmp_cf2b5c487b827941ff303f500e265ea9
abs_def_hair_ovl_alp.bmp
adriveshaft_ovl_sub_alp.bmp
adriveshaft_ovl_sub_alp.bmp_268c4f1f336ccb6c7157ae2a8986888f
ads_def_tai
af_forkudw_ovl_sub_alp.bmp
af_forkudw_ovl_sub_alp.bmp_0f06d346a5c1ab19180eb69dc7f82135
af_forkumt_ovl_sub_alp.bmp
af_forkumt_ovl_sub_alp.bmp_50ece628e7bcb6072e937dd6a0a7658a
ahandlebase_ovl_sub_alp.bmp
ahandlebase_ovl_sub_alp.bmp_2976c7da232bddbd422ac917c77dac32
ahandleber_ovl_sub_alp.bmp
ahandleber_ovl_sub_alp.bmp_194d8fb1651b709d6895f4ec73c927be
ahandlegrip_ovl_sub_alp.bmp
ahandlegrip_ovl_sub_alp.bmp_5286c2cb0586c31cdc816c7b1c9d50c3
aheadlight02_ovl_sub_alp.bmp
aheadlight02_ovl_sub_alp.bmp_3414dbb22647ed42a0334ef25b1dc287
aheadlight04_ovl_sub_alp.bmp
ahojyohandle_ovl_sub_alp.bmp
alarm_02.bmp_b17b833d4e55436edb2563414fe705e9
alarm_02_sdw_alp_ovl.bmp
alarm_02_sdw_alp_ovl.bmp_e367385f189659cd279d49fd74fb1588
amafuler01_ovl_sub_alp.bmp
amafuler01_ovl_sub_alp.bmp_9438472174c3057f767e739061012554
amafuler02_ovl_sub_alp.bmp
amafuler02_ovl_sub_alp.bmp_ee5a079c14c5c576078003930c3e99f7
amafuler03_ovl_sub_alp.bmp
amafuler03_ovl_sub_alp.bmp_e05ef15e103a561c9395998cb559dc84
amanademod.bmp
ameater_ovl_sub_alp.bmp
ameater_ovl_sub_alp.bmp_2af0b8c71eebf09fc325bdf6412854c3
amirrar_ovl_sub_alp.bmp
amirrar_ovl_sub_alp.bmp_99a78534fd01e0160bbde2932e12a4c7
amo-c.bmp
anidai01_ovl_sub_alp.bmp
anidai01_ovl_sub_alp.bmp_783518a7d055cae93b19f830e6594a1e
anidai02_ovl_sub_alp.bmp
anidai02_ovl_sub_alp.bmp_8f35c346b2732101f2ea2b831221b4f8
apple_00.bmp
ar_forkudw_ovl_sub_alp.bmp
ar_forkudw_ovl_sub_alp.bmp_adf2c6858167aa7c3c5b3b7f6e95eceb
ar_forkumt_ovl_sub_alp.bmp
ar_forkumt_ovl_sub_alp.bmp_1291a2edb844a3bbb93e16f4727bfea2
armory_box01front.bmp
armory_box01front.bmp_6acec0f83ba3ea31abca28a07abc7cb3
armory_box01front.bmp_eb0b378c9e4ecd6da76dd0034786c11a
armory_box01side.bmp
armory_box01side.bmp_03ad64231aaaaabac33d48a9603d2f7a
armory_box01side.bmp_06dc0ae91571bfb90e6cb63d255d40a9
armory_box01top.bmp
armory_box01top.bmp_4f5c7fed44a9504f8aee9dc8867ce63d
armory_box01top.bmp_e066807376a37b05365eb89332059f0a
armory_boxb00.bmp
armory_boxb00.bmp_bd0810e38ca5a66182fde43d07d4bec7
armory_boxb01.bmp
armory_boxb01.bmp_119eb9cda3b77ac9238e0713857e929f
armory_boxb02.bmp
armory_boxb02.bmp_d1047ca4de1ee45ac4cd68592b838207
armory_boxc00.bmp
armory_boxc01.bmp
armory_boxc01.bmp_c77c2e039471df6af6d9aa3686dfd3df
armory_boxc02.bmp
armory_boxc02.bmp_11aefe6d600309c695cdfd180315c5e0
armory_brkbox01front.bmp
armory_brkbox01front.bmp_163e704bde29dff24577454637499aed
armory_brkbox01side.bmp
armory_brkbox01side.bmp_641a1e9f100d9e4272fd3e30fc267964
armory_brkbox01top.bmp
armory_brkbox01top.bmp_993cefa84e39d38ed6afbe1d8f996cb4
armory_brkboxb00.bmp
armory_brkboxb00.bmp_b30ce2ca0a0ba1e62c3f0fcab89b20e2
armory_brkboxb01.bmp
armory_brkboxb01.bmp_c77a5c1aef37bc09778cd733bfe67fbc
armory_brkboxb02.bmp
armory_brkboxb02.bmp_167f56e1daba16158c5b8569d1077762
armory_brkdty00_alp_ovl.bmp
armory_brkdty00_alp_ovl.bmp_60a7da6c823ac3bdd7ca733a24a4129c
armory_brkdty00a_alp_ovl.bmp
armory_brkkan02.bmp
armory_brkkan02.bmp_ef0db98abde446d506280094439a37e5
armory_brkpaper00_alp_ovl.bmp
armory_brkplt00.bmp
armory_ceil01.bmp
armory_door01.bmp
armory_doorframe01.bmp_381259feb8452fb2f7b168cfb2cc8f87
armory_floor01.bmp
armory_kan01.bmp
armory_kan01.bmp_1926b58465933136b8b8e9a28ffb67c1
armory_kan02.bmp
armory_kan02.bmp_f2036919f3c1c4eaeaee951679a30cc9
armory_kan03.bmp
armory_light00.bmp
armory_light02_alp_ovl.bmp
armory_light02_alp_ovl.bmp_0638277d8bb16e69c32fca0ef443bc4a
armory_light02_alp_ovl.bmp_ace6c2f60fa75ba68aca013c8e0906b7
armory_light02_alp_ovl.bmp_fc7bccf876f9078ec5606bc102b8ce83
armory_paper00_alp_ovl.bmp
armory_paper00_alp_ovl.bmp_3de9cd3e5a27240fd1744bc8205c3a91
armory_plt00.bmp
armory_plt00.bmp_08b23396f01b7759af0822da63e882ef
armory_rackdoor.bmp
armory_sdw02_alp_ovl.bmp
armory_shelf01.bmp
armory_shelf01.bmp_9c4e006caf1b1d5994b2515ebc5607f4
armory_sign_alp_ovl_03.bmp
armory_vent00.bmp
armory_window_alp_ovl_01.bmp
arowana_co02_eaten.bmp
ashirindahead_ovl_sub_alp.bmp
ashirindahead_ovl_sub_alp.bmp_112e708131775183b190e919d5290f90
aspook_ovl_sub_alp.bmp
aspook_ovl_sub_alp.bmp_312c358450a2a50a8319a8a7dd498479
ataiya_ovl_sub_alp.bmp
ataiya_ovl_sub_alp.bmp_70b0ef6e0148fe4ecdf1d050443e70c4
ataiyabase_ovl_sub_alp.bmp
ataiyabase_ovl_sub_alp.bmp_369e6b99fc38083c1787314a7fdc765c
atank_ovl_sub_alp.bmp
atank_ovl_sub_alp.bmp_ea31fbeefc636adacf0fc3ea3a39bbe6
ateallamp_ovl_sub_alp.bmp
ateallamp_ovl_sub_alp.bmp_c97c0848a1700c59f14e833e062087e8
awaiyer_ovl_sub_alp.bmp
awaiyer_ovl_sub_alp.bmp_77400dbc8e958689ae031e109a2e6bfd
award_cup01.bmp
award_cup03_alp_ovl.bmp
awinke_ovl_sub_alp.bmp
battely.bmp
battely.bmp_7ccbc70980330a2a630b6780d41cb1a1
bee_cmd_ovl_alp.bmp
bee_def.bmp
bee_high.bmp
bee_suana_alp_ovl.bmp
biyopro.bmp
biyopro_b.bmp
biyopro_b.bmp_cf9c5a81302b08a5dcd0e564cb0a295d
blen_glass_ovl_sub_alp.bmp
blen_glass_ovl_sub_alp.bmp_902192bcc76cb57599b19cd017e859fa
blen_glass_ovl_sub_alp.bmp_b9c456a186c740eecc4d76fb57a6bc7c
blen_napalm_sub_ovl_alp.bmp
blind_a00_alp_ovl.bmp
boat_d.bmp
boat_l.bmp
boat_m.bmp
bonn_battery_sub_ovl_alp.bmp
bonn_drumbra_center.bmp
bonn_drumbra_center_sub_ovl_alp.bmp
bonn_drumbra_in.bmp
bonn_drumbra_in_sub_ovl_alp.bmp
bonn_drumbra_left_sub_ovl_alp.bmp
bonn_drumbra_right.bmp
bonn_drumbra_right_sub_ovl_alp.bmp
bonn_engine_sub_ovl_alp.bmp
bonn_handle_metal.bmp
bonn_handle_metal_sub_ovl_alp.bmp
bonn_headlight_sub_ovl_alp.bmp
bonn_muffler.bmp
bonn_muffler_sub_ovl_alp.bmp
bonn_sus_dw.bmp
bonn_sus_dw_sub_ovl_alp.bmp
bonn_sus_up.bmp
bonn_sus_up_sub_ovl_alp.bmp
book_case_cast00.bmp
book_case_in00.bmp
book_case_in00.bmp_0c42051673f5e7eff84c8ac1c5f1049d
book_case_side.bmp
book_case_top.bmp
book_case_top.bmp_32d8de3027ef0a8845a83a0200ede545
book_casewin00_alp_ovl.bmp
book_cover_a00.bmp_b2dc7be2b698bc89e7feb49f6289c65a
book_cover_b00.bmp
book_cover_b00.bmp_4998a21e2276ed9183e56ce9b3747fb5
book_cover_c00.bmp
book_cover_c00.bmp_325f8d14a740aa2de074fc17a13b25dd
book_d.bmp
book_e.bmp
book_f.bmp
book_front_blue.bmp
book_front_red.bmp
book_front_red.bmp_88d13744927f937dcdf353b6d017c1df
book_front_red2.bmp
book_g.bmp
book_h.bmp
book_i.bmp
book_inside00.bmp
book_inside01.bmp
book_j.bmp
book_k.bmp
book_m.bmp
book_open_inside00.bmp
book_other00.bmp
book_side00.bmp
book_side00.bmp_7a74c0c84ef65a2c6aa914f573b4bb4c
book_side_red.bmp
books_01.bmp
bookshelf_b00.bmp
bookshelf_b01.bmp
bookshelf_b02.bmp
bookshelf_b03.bmp
bord_a00.bmp
bos_ss_end_body.bmp
bos_ss_hook.bmp
bos_ss_knee.bmp
bos_ss_side.bmp
bos_ss_side_ovl_add_alp.bmp
bos_ss_skin.bmp
bos_ss_uarm.bmp
bos_vr_uarm.bmp
box_a00.bmp_02e273f463df22c07db782a8e3402182
box_a01.bmp_da8e9a743efeaa701d33737acfa396c0
box_b00.bmp
break.bmp
break.bmp_d195e86766f70386a15488da1d580649
break_right_sub_alp_ovl.bmp
breakset.bmp_b1050df02f449da5e3bb364f2b025c10
btr_inpane02.bmp
btr_inpane03.bmp
btr_inpane04.bmp
btr_right01.bmp
btr_right02.bmp
btr_right03.bmp
btr_right04.bmp
btr_seat01.bmp
btr_seat02.bmp
btr_seat03.bmp
btr_tire01_dmo.bmp
btr_tire03_dmo.bmp
btr_under02.bmp
btr_under03.bmp
btr_under05.bmp
btr_under06.bmp
btr_under07.bmp
btr_under08.bmp
btr_under09.bmp
btr_under10.bmp
bull_saa.bmp
bull_saa_ovl_sub_alp.bmp
bull_top.bmp
buren_a_sub_alp_ovl.bmp
c3_bomb_body.bmp
c3_bomb_cap.bmp_1b1ffa67a31576ea7039ebf741804af0
c3_bomb_hupack_b.bmp
c3_bomb_hutape.bmp
c3_bomb_panel.bmp
c3_bomb_panel.bmp_9eaf58cc7eeb0178018fab6052d1f626
c3_bomb_pin.bmp
c3_bomb_timer_02.bmp_f902b4841ce1fcbc844d66617a4853fe
c3_bomb_wire.bmp
c3_break.bmp
cage_b.bmp
cargo_drumcan_in.bmp
cargo_para_belt.bmp
cargo_para_body.bmp
cargo_room_floor.bmp
cargo_room_locker.bmp
case_bar.bmp
casecover_up_kankyo_sub_alp_ovl.bmp
cbox_a.bmp
cbox_b.bmp
cbox_c.bmp
chaf_a.bmp
chaf_label_alp_ovl.bmp
chair_back_of_body.bmp
chair_d01.bmp
chairb_01.bmp_b954fd185bc2ebaeb68a7edb73e26953
chairb_02_alp_ovl.bmp
chiki_ramen_a.bmp
cme_a_face.bmp
cme_a_idcard.bmp
cme_a_item_parts.bmp
cme_a_nekutai.bmp
cme_b_head.bmp
cme_b_idcard.bmp
cme_b_suits.bmp
cme_suits.bmp
cokupit.bmp
cokupit_b.bmp
colttex.bmp
colttex_bara.bmp
comp_btn_00_alp_ovl.bmp
comp_btn_00_alp_ovl.bmp_ea088a2fc38ae58c06ab7851c32e8c32
comp_e01.bmp
comp_pane_00_alp_ovl.bmp
comp_pipe_a00.bmp
comp_pipe_k00_alp_ovl.bmp
cover_under_kankyo_sub_alp_ovl.bmp
crb_arm.bmp
crb_body.bmp
davy_case_barrel_in02.bmp
davy_case_barrel_in03.bmp
davy_case_barrel_in04.bmp
davy_case_marking_alp_ovl.bmp
davy_case_nuclear_in01.bmp
davy_case_nuclear_in02.bmp
davy_case_nuclear_in04.bmp
davy_case_nuclear_in06.bmp
davy_case_nuclear_in07.bmp
davy_case_nuclear_in10.bmp
davy_case_nuclear_in11.bmp
davy_case_nuclear_in13.bmp
davy_case_ste01_alp_ovl.bmp
davy_case_ste02_alp_ovl.bmp
dfgear02.bmp
dfgear02.bmp_325ce8406588efd2c5ae2e8e14f56fd4
dfgear03.bmp
dirty_00_alp_ovl.bmp
dmit_cardkey_a01_alp_ovl.bmp
dmit_key00.bmp
document_case_00.bmp
door_a03.bmp
doro.bmp_52bca22d7fcfaa1b9d3897a27fa87479
dorone_2_alp_ovl.bmp
drivebase.bmp
drivebase.bmp_e8d2878d490aa8888c3d68880abb778c
driveshaft.bmp
drone_b.bmp
drone_b_ovl_sub_alp.bmp
drone_c.bmp
drone_shadow_a_alpx2_add_ovl.bmp
drumcan_exp_s1.bmp
dryleaves_00_alp_ovl.bmp
e02a_leave01_alp_ovl.bmp
e02a_leave03_alp_ovl.bmp
e02a_treebg_00_alp_ovl.bmp
e02b_ana_01_alp_ovl.bmp
e02b_drumcan05.bmp
e02b_fl02b_alp_ovl.bmp
e02b_fl04a_alp_ovl.bmp
e02b_flsdw00_alp_ovl.bmp
e02b_lit07_alp_add_ovl.bmp
e02b_lit08_alp_add_ovl.bmp
e02b_pipe02_alp_ovl.bmp
e02b_pipe03_alp_ovl.bmp
e02b_sk02_alp_ovl.bmp
e02b_wall01a3_alp_ovl.bmp
e02b_wall01b.bmp
e02b_wall01e2_alp_ovl.bmp
e02b_wlsdw00_alp_ovl.bmp
e_akm.bmp
e_box_a00.bmp
e_grene-do.bmp
e_musenki.bmp
e_musenki_belt.bmp
e_musenki_p.bmp
e_rig.bmp
e_rigbelt_alp_ovl.bmp
egun.bmp
egun_saru.bmp
egun_tama_x_ray.bmp
ene_def_eye_white.bmp_6c3d7f31526aabd0f04de0a45771023f
ene_def_pa-ka.bmp
ene_flame_belt_alp_ovl.bmp
ene_flame_boots1.bmp
ene_flame_boots2.bmp
ene_flame_boots3.bmp
ene_flame_boots4.bmp
ene_flame_eye.bmp
ene_flame_hand.bmp
ene_flame_lends_ovl_add_alp.bmp
ene_flame_lends_ovl_alp.bmp
ene_flame_lends_ovl_mod1120_alp_emap.bmp
ene_flame_mask.bmp
ene_flame_pipe.bmp
ene_fph_belt_center.bmp
ene_fph_best.bmp
ene_fph_best.bmp_aa3b29848739a7ae82da7bc7f83e468a
ene_fph_body.bmp
ene_fph_body.bmp_dcc5d84c43203080a9394bc7619c7dcf
ene_fph_eye.bmp
ene_fph_face.bmp
ene_fph_foot_ed.bmp
ene_fph_hand.bmp
ene_fph_met.bmp
ene_fph_met_kanagu.bmp
ene_ind_body_belt.bmp
ene_ind_body_belt_alp_ovl.bmp
ene_ind_boots3_ovl_sub_alp.bmp
ene_ind_eye_close_a.bmp
ene_ind_eye_close_b.bmp
ene_ind_eye_close_c.bmp
ene_ind_eye_close_d.bmp
ene_ind_eye_close_e.bmp
ene_ind_eye_def_b.bmp
ene_ind_eye_def_c.bmp
ene_ind_eye_def_d.bmp
ene_ind_eye_mu_b.bmp
ene_ind_eye_mu_c.bmp
ene_ind_eye_mu_d.bmp
ene_ind_eye_mu_e.bmp
ene_ind_eye_open_b.bmp
ene_ind_eye_open_c.bmp
ene_ind_eye_open_d.bmp
ene_ind_eye_open_e.bmp
ene_ind_eye_pain_b.bmp
ene_ind_eye_pain_c.bmp
ene_ind_eye_pain_d.bmp
ene_ind_eye_white_a.bmp
ene_ind_eye_white_b.bmp
ene_ind_eye_white_c.bmp
ene_ind_eye_white_d.bmp
ene_ind_eye_white_e.bmp
ene_jonny_armband.bmp
ene_jonny_ovl_alp.bmp
ene_kgb_best.bmp
ene_kgb_body.bmp
ene_kgb_boots1.bmp
ene_kgb_boots1_ovl_sub_alp.bmp
ene_kgb_boots2.bmp
ene_kgb_dam_ovl_alp.bmp
ene_kgb_eye_close.bmp
ene_kgb_eye_def.bmp
ene_kgb_eye_mu.bmp
ene_kgb_eye_open.bmp
ene_kgb_eye_pain.bmp
ene_kgb_eye_white.bmp
ene_kgb_face.bmp
ene_kgb_hand.bmp
ene_kgb_pa-ka.bmp
ene_rider_arm.bmp
ene_rider_arm_ovl_sub_alp.bmp
ene_rider_body.bmp
ene_rider_body4_ovl_sub_alp.bmp
ene_rider_boots1.bmp
ene_rider_boots1_ovl_sub_alp.bmp
ene_rider_boots2_ovl_sub_alp.bmp
ene_rider_boots2_test.bmp
ene_rider_boots3_ovl_sub_alp.bmp
ene_rider_boots3_test.bmp
ene_rider_boots4_test.bmp
ene_rider_face_mask.bmp
ene_rider_hand.bmp
ene_rider_helmet.bmp
ene_rider_helmet_ovl_sub_alp.bmp
ene_rider_leg2_test.bmp
ene_rider_leg_test.bmp
ene_rider_neck_op_ovl_sub_alp.bmp
ene_rider_neck_open.bmp
enjine01.bmp_64e7bcb9df415f5e0f8831b99e7aeb4c
enjine02.bmp
enjine02.bmp_774a11c1185eabe6a08cf1f5d79ab63c
enjine03.bmp
enjine03.bmp_e2ce4011fd30f1fbb4182f8181c2e496
enjine04.bmp
enjine04.bmp_57e57945a094be55596c7d22cf05bdc2
enjinp02.bmp
enjinp02.bmp_93cec2626adb3beeaefb2ee2e518cf03
enjinp03.bmp_f6166fd326cb6514d952749618aa71b9
ent_def_body.bmp
ent_def_mouth.bmp
eve_close_body.bmp
eve_close_pocket.bmp
eve_cov_blood_ovl_alp.bmp
eve_cov_burn_ovl_alp.bmp
eve_def_boot.bmp
eve_def_boot_crack_ovl_alp.bmp
eve_def_bra.bmp
eve_def_face_fix_new.bmp
eve_def_skin_fix.bmp
eve_def_watch.bmp
eve_def_watch_sub_ovl_alp.bmp
eve_def_zipper.bmp
eve_item_glasses_ovl_alp.bmp
eve_item_helmet_ear.bmp
eve_item_helmet_face.bmp
eve_item_helmet_neck.bmp
eve_naked_arm_new.bmp
eve_naked_face_fix.bmp
eve_naked_foot_new.bmp
eve_naked_hand_new.bmp
eve_naked_leg_new.bmp
eve_nhair_top_ovl_alp.bmp
eve_rider_belt.bmp
eve_rider_collar.bmp
eve_riders_arm.bmp
eve_riders_body.bmp
eve_riders_button_ovl_alp.bmp
eve_riders_under_fix.bmp
eve_suit_waist.bmp
eve_tac_arm_m390.bmp
eve_tac_arm_m390_sub_ovl_alp.bmp
eve_tac_arm_new.bmp
eve_tac_body_m390.bmp
eve_tac_body_m390_sub_ovl_alp.bmp
eve_tac_body_new.bmp
eve_tac_face_fix.bmp
eve_tac_face_fix_new.bmp
eve_tac_face_new.bmp
eve_tac_hair_back_all_ovl_alp.bmp
eve_tac_hair_fro_ovl_alp.bmp
eve_tac_hand_new.bmp
eve_tac_hand_new_fix.bmp
eve_tac_leg_ovl_alp_mod1120_emap.bmp
eve_tac_leg_right_m390.bmp
eve_tac_star_ovl_alp.bmp
f_forkudw.bmp
f_forkudw.bmp_32dda6679d9ebf89b7310f4af39c1611
f_forkumt.bmp
f_forkumt.bmp_df4a982ec6180ead02904e2e51bc5224
f_forkuup.bmp_cb19d7bdf3c161b74d00f582dbd6cae6
f_fream.bmp
f_fream.bmp_3fe169c6c0ea911c14fc8cea09e359bc
family_picture_ura_musen.bmp
fea_arm.bmp
fea_def_dmo_hand_belt.bmp
fea_def_hand_belt_low.bmp
fea_face_dead.bmp
fea_face_fix.bmp_7f1d3c13eea0ad4841af24e2b2561093
fea_face_ovl_sub_alp.bmp_2e26a714816fa118cc2280e6861df0a0
fea_tongue_ovl_alp_mod1120_emap.bmp
feather_par_def_ovl_alp.bmp
feather_pca_def_ovl_alp.bmp
feather_red_def_ovl_alp.bmp
feather_rpv_def_ovl_alp.bmp
feather_sdl_def_ovl_alp.bmp
ffender.bmp
fork_b.bmp
fowgia01.bmp
fowgia03.bmp
frame_a.bmp
fsh_lod.bmp
fsh_mid_hi.bmp
fsh_mid_hi_ovl_sub_alp.bmp
fsh_mid_kizu.bmp
fsh_mid_kizu_ovl_sub_alp.bmp
fur_arm_belt_ovl_alp.bmp
fur_atouchi_pipe.bmp
fur_comp_pipe_ovl_alp.bmp
fur_damage_met_display_ovl_alp.bmp
fur_damage_met_koge_ovl_alp.bmp
fur_damage_met_koge_sub_ovl_alp.bmp
fur_damage_met_metal.bmp
fur_damage_met_metal_ovl_sub_alp.bmp
fur_def_met_display_ovl_alp.bmp
fur_def_met_display_ovl_alp.bmp_d26cd6082b60e4c7e4fdfa55632ea7cb
fur_def_met_displayside_ovl_alp.bmp
fur_def_tank_display_ovl_alp.bmp
fur_face.bmp
fur_face_damege.bmp
fur_foot_marking_ovl_alp.bmp
fur_glip.bmp
fur_jet_rock_ovl_alp.bmp
fur_nosle.bmp
fur_nosle.bmp_a54a906e32934f75db0ad015e52da6cb
fur_nosle_ovl_sub_alp.bmp
fury_def_gun.bmp
fury_def_gun_ovl_sub_alp.bmp
gav_sebire_ovl_alp.bmp
gave_cus_barrel.bmp
gave_cus_slide.bmp
gavial_cap_ovl_sub_alp.bmp
gg_door02_16s.bmp
gg_door02a.bmp
gg_door02b.bmp
gg_dp00.bmp
gg_dp00b.bmp
gg_s111a_cor_light_04_alp_ovl.bmp
gpi_arm_def.bmp
gpi_haira.bmp
gpi_hairb.bmp
gpi_hpline_ovl__alp.bmp
gps_def_body.bmp
gps_def_mouth.bmp
gra_dead_face_ovl_mod1120_alp_emap.bmp
gra_dead_face_sub_ovl_alp.bmp
gra_dead_foot_s_ovl_sub_alp.bmp
gra_dead_hair_ovl_alp.bmp
gra_dead_hasshinki_sub_ovl_alp.bmp
gra_dead_medal_rening_ovl_sub_alp.bmp
gra_def_face_ovl_mod1120_alp_emap.bmp
gra_def_face_sub_ovl_alp.bmp
gra_def_foot_s_ovl_sub_alp.bmp
gra_def_liquor_sub_ovl_alp.bmp
gra_def_medal_rening_ovl_sub_alp.bmp
grchaira_front00.bmp
gunship_body.bmp
handlebase.bmp_91f9901ab0bee39b9e76101e367cbb62
handleber.bmp_5c0febfdbc37a09a6e78c506ff497cef
handlegrip.bmp_eceebf431d0daca71b77825876d8dd4e
hangar_01_alp_ovl.bmp
hangar_01_alp_ovl.bmp_78b704351e0734badfe71b7a7ee5fb0e
hangar_10.bmp
hangar_11_alp_ovl.bmp
hangar_11_alp_ovl.bmp_ac78870f5f54690e3545d687e8624a81
hangar_11_alp_ovl.bmp_d6929f48bfb42343d0f6b7a1cd82dd11
headlight01.bmp
headlight01.bmp_3f71089514066febb2528a04693afdd4
headlight02.bmp_9d4387e9e7560783ebc97fb3df42a73e
headlight03.bmp
headlight03.bmp_1d9b104ef103365a635c3eaefe51fa26
headtomegane.bmp_a22fd780fe9526db2efff5d30f8febef
hind_02_num_b_alp_ovl.bmp
hind_2ndpro_n.bmp
hind_body_b.bmp
hind_body_bpr.bmp
hind_body_cut.bmp
hind_body_cut.bmp_d0fa5e59f25b19d7dfeb466e95362c05
hind_body_doora.bmp
hind_body_doora.bmp_c2d7d0721495ebdda29e187f394e7360
hind_body_doorb.bmp
hind_body_doorb.bmp_e49375fd2842f2fbd84d433b61d3cffe
hind_body_enga.bmp
hind_body_enga.bmp_45eb02ca700224fb81f717fd9167efd1
hind_body_engb.bmp
hind_body_roof.bmp
hind_body_side_panel.bmp
hind_body_side_panel.bmp_9cca2e6e0bb1906761a4ca74e46c50a1
hind_body_sidea.bmp
hind_body_sidea.bmp_e29a75a1171c5e596e35a6452a4b2d3c
hind_body_sideb.bmp
hind_body_sideb.bmp_4b257ee03c1a846a61cdbe905390d4cb
hind_body_sidec.bmp
hind_body_sidec.bmp_49247e34310bc5c04537acc906e046e6
hind_body_tail_cut.bmp
hind_body_tail_cut.bmp_12b1fb790e565fe6546183274458ac91
hind_body_windowc.bmp
hind_body_windowc.bmp_317804596c3b74a803d01fb344795c20
hind_body_windowd.bmp
hind_body_windowd.bmp_db2b51df0e7153004f885a3f257bb555
hind_cargo01.bmp
hind_cargo01mini.bmp
hind_cargo02.bmp
hind_cargo02mini.bmp
hind_cargo03.bmp
hind_cargo03mini.bmp
hind_cargo04.bmp
hind_cargo04mini.bmp
hind_cargo04smini.bmp
hind_cargo05.bmp
hind_cargo05mini.bmp
hind_cargo06.bmp
hind_cargo06mini.bmp
hind_cargo07.bmp
hind_cargo07mini.bmp
hind_cargo09.bmp
hind_cargo09mini.bmp
hind_cargo09smini.bmp
hind_cargo10.bmp
hind_cargo10mini.bmp
hind_cargo10smini.bmp
hind_cargo11.bmp
hind_cargo11mini.bmp
hind_cargo12.bmp
hind_cargo12mini.bmp
hind_cargo13.bmp
hind_cargo13mini.bmp
hind_cargo14.bmp
hind_cargo14mini.bmp
hind_cargo16.bmp
hind_cargo17.bmp
hind_cargo17mini.bmp
hind_cargo18.bmp
hind_cargo20.bmp
hind_cargo22.bmp
hind_cargo23.bmp
hind_cargo24.bmp
hind_cargo25.bmp
hind_cargo26.bmp
hind_cargo27.bmp
hind_cargo28.bmp
hind_cargo29.bmp
hind_cargo_shadow_alp_ovl.bmp
hind_cockpit01.bmp
hind_cockpit01mini.bmp
hind_cockpit02.bmp
hind_cockpit03.bmp
hind_cockpit04.bmp
hind_cockpit05.bmp
hind_cockpit05mini.bmp
hind_cockpit06.bmp
hind_cockpit06mini.bmp
hind_cockpit07.bmp
hind_cockpit07mini.bmp
hind_cockpit08.bmp
hind_cockpit08mini.bmp
hind_cockpit09.bmp
hind_cockpit09mini.bmp
hind_cockpit11mini.bmp
hind_cockpit12.bmp
hind_cockpit12mini.bmp
hind_cockpit13.bmp
hind_cockpit13mini.bmp
hind_cockpit14.bmp
hind_cockpit14mini.bmp
hind_cockpit16.bmp
hind_cockpit16mini.bmp
hind_cockpit17.bmp
hind_cockpit17mini.bmp
hind_cockpit18.bmp
hind_landgia_n.bmp
hind_pod_b.bmp_032820fb871361ce37b49799ca40d55b
hind_roter02_alp.trans.bmp
hind_roter02_ria_alp.trans.bmp
hind_seat01.bmp
hind_seat01mini.bmp
hind_seat02mini.bmp
hind_seat03.bmp
hind_seat03mini.bmp
hind_seat05.bmp
hind_tire_f.bmp
hind_tire_r_b.bmp
hind_wing_b.bmp_6cdc57cdbf0428debf63be8fe7c21492
hind_wing_c.bmp
hind_wing_d.bmp
hireharisou_pillar_decal.bmp
hojyohandle.bmp
homo_picture_01.bmp
hy_liguid_ovl_alp.bmp
it_magazine_side.bmp
it_papers_a00.bmp
item_a.bmp
item_chiki_ramen_01.bmp
item_chiki_ramen_01.bmp_ac2aaa5412bba6a3551f4fe238fdcf02
item_chiki_ramen_new_1.bmp
itha_bull_tex.bmp
ivn_belt.bmp
ivn_belt_shl_ovl_alp.bmp
ivn_belt_sub_ovl_alp.bmp
ivn_body_def.bmp
ivn_body_suit_bh_ovl_alp.bmp
ivn_briefs.bmp
ivn_briefs_sub_ovl_alp.bmp
ivn_dead_tie.bmp
ivn_def_boots_c.bmp
ivn_face_def.bmp
ivn_face_def_sub_ovl_alp.bmp
ivn_head_mark.bmp
ivn_head_mark_sub_ovl_alp.bmp
jeh_ant01.bmp
jeh_arm01.bmp
jeh_arm02.bmp
jeh_arm03.bmp
jeh_arm04.bmp
jeh_arm05.bmp
jeh_arm06.bmp
jeh_arm07.bmp
jeh_back01.bmp
jeh_back02.bmp
jeh_back03.bmp
jeh_back04.bmp
jeh_back05.bmp
jeh_back06.bmp
jeh_back07.bmp
jeh_back08.bmp
jeh_body01.bmp
jeh_body02.bmp
jeh_body03.bmp
jeh_body04.bmp
jeh_body05.bmp
jeh_body06.bmp
jeh_body07.bmp
jeh_body08.bmp
jeh_body09.bmp
jeh_body10.bmp
jeh_body11.bmp
jeh_boost01.bmp
jeh_boost02.bmp
jeh_boost03.bmp
jeh_boost04.bmp
jeh_boost05.bmp
jeh_boost06.bmp
jeh_chest01.bmp
jeh_chest02.bmp
jeh_chest03.bmp
jeh_chest04.bmp
jeh_chest05.bmp
jeh_chest06.bmp
jeh_chest07.bmp
jeh_ckpt01.bmp
jeh_ckpt02.bmp
jeh_cpu02.bmp
jeh_cpu03.bmp
jeh_ear01.bmp
jeh_fist01.bmp
jeh_fist02.bmp
jeh_fist03.bmp
jeh_glass01.bmp
jeh_head01.bmp
jeh_head02.bmp
jeh_head03.bmp
jeh_head04.bmp
jeh_incom01.bmp
jeh_leg01.bmp
jeh_leg02.bmp
jeh_leg03.bmp
jeh_leg04.bmp
jeh_leg05.bmp
jeh_leg06.bmp
jeh_leg07.bmp
jeh_leg08.bmp
jeh_leg09.bmp
jeh_leg10.bmp
jeh_leg11.bmp
jeh_leg12.bmp
jeh_leg13.bmp
jeh_leg14.bmp
jeh_leg15.bmp
jeh_leg16.bmp
jeh_leg17.bmp
jeh_leg18.bmp
jeh_leg19.bmp
jeh_onibi01.bmp
jeh_onibi02.bmp
jeh_onibi03.bmp
jeh_shadow01.bmp
jeh_shld01.bmp
jeh_shld02.bmp
jeh_sld01.bmp
jeh_sld02.bmp
jeh_sld03.bmp
jeh_sld04.bmp
jeh_sld05.bmp
jeh_swd02.bmp
jeh_swdbase.bmp
jeh_waist01.bmp
jeh_waist02.bmp
jet_enjin01.bmp
jet_enjinp.bmp
jet_enjinp02.bmp
jet_enjinp03.bmp
jngl_eda1_alp_ovl.bmp
jngl_happa04_alp_ovl_mip16000.bmp_c82c791b86086ed52d483520273e9b5b
jonny_familiy_01.bmp
katu_door_light_blue_alp_add_tr.trans.bmp
katu_door_light_red_alp_add_tr.trans.bmp
katu_door_light_yellow_alp_add_ovl.bmp
kerotan_hi.bmp
kiss_base01.bmp
kiss_base02.bmp
kiss_cap01.bmp
kiss_cap02.bmp
kiss_gun01.bmp
kiss_gun03.bmp
kiss_inner.bmp
kiss_inner_in.bmp
kiss_inner_ovl_sub_alp.bmp
kiss_rip01.bmp
kiss_rip02.bmp
kiss_side_ovl_mod1120_alp_emap.bmp
kiss_top_ovl_mod1120_alp_emap.bmp
kng_def_body.bmp
kyab01.bmp
kyab01.bmp_932839bf8787920ced3da36cb51253f4
kyab02.bmp
kyab02.bmp_dc12223612998f4886541262ff48945e
kyabkuda.bmp
kyabkuda.bmp_6dfbb1d662e4d86ed2c82e390efa6543
label_amo_ak47_alp_ovl.bmp
label_amo_cig_alp_ovl.bmp
label_amo_hand_alp_ovl.bmp
label_amo_m1911_alp_ovl.bmp
label_amo_m37_alp_ovl.bmp
label_amo_m63_alp_ovl.bmp
label_amo_mk22_alp_ovl.bmp
label_amo_msn_alp_ovl.bmp
label_amo_rpg_alp_ovl.bmp
label_amo_saa_alp_ovl.bmp
label_amo_svd_alp_ovl.bmp
label_amo_vz61_alp_ovl.bmp
label_amo_xm16_alp_ovl.bmp
label_bdu_animals_alp_ovl.bmp
label_bdu_choco_alp_ovl.bmp
label_bdu_cold_alp_ovl.bmp
label_bdu_crcdl_alp_ovl.bmp
label_bdu_fire_alp_ovl.bmp
label_bdu_fly_alp_ovl.bmp
label_bdu_gako_alp_ovl.bmp
label_bdu_hornet_alp_ovl.bmp
label_bdu_mnt_alp_ovl.bmp
label_bdu_moss_alp_ovl.bmp
label_bdu_rain_alp_ovl.bmp
label_bdu_snake_alp_ovl.bmp
label_bdu_snk_alp_ovl.bmp
label_bdu_snow_alp_ovl.bmp
label_bdu_spider_alp_ovl.bmp
label_bdu_splitt_alp_ovl.bmp
label_bdu_water_alp_ovl.bmp
label_cbox_a_alp_ovl.bmp
label_cbox_b_alp_ovl.bmp
label_cbox_c_alp_ovl.bmp
label_face_desert_alp_ovl.bmp
label_face_kabuki_alp_ovl.bmp
label_face_oyama_alp_ovl.bmp
label_face_snow_alp_ovl.bmp
label_face_water_alp_ovl.bmp
label_face_zombie_alp_ovl.bmp
label_grd_chf_alp_ovl.bmp
label_grd_clay_alp_ovl.bmp
label_grd_grd_alp_ovl.bmp
label_grd_mag_alp_ovl.bmp
label_grd_smk_alp_ovl.bmp
label_grd_stn_alp_ovl.bmp
label_grd_tnt_alp_ovl.bmp
label_grd_wp_alp_ovl.bmp
label_item_bat_alp_ovl.bmp
label_item_camera_alp_ovl.bmp
label_item_mic_alp_ovl.bmp
label_item_mine_alp_ovl.bmp
label_item_nvg_alp_ovl.bmp
label_item_thrm_alp_ovl.bmp
label_item_torch_alp_ovl.bmp
label_sp_m1911_alp_ovl.bmp
label_sp_mk22_alp_ovl.bmp
label_sp_rat_alp_ovl.bmp
label_sp_xm16_alp_ovl.bmp
label_weap_ak47_alp_ovl.bmp
label_weap_cig_alp_ovl.bmp
label_weap_hand_alp_ovl.bmp
label_weap_m37_alp_ovl.bmp
label_weap_m63_alp_ovl.bmp
label_weap_msn_alp_ovl.bmp
label_weap_pato_alp_ovl.bmp
label_weap_rpg_alp_ovl.bmp
label_weap_saa_alp_ovl.bmp
label_weap_svd_alp_ovl.bmp
label_weap_vz61_alp_ovl.bmp
label_weap_xm16_alp_ovl.bmp
landgia.bmp
landgia_b.bmp
lch_def_base.bmp
lch_def_base_ovl_sub_alp.bmp
lift_arm_04.bmp
lift_seat_01.bmp
lift_seat_02.bmp
lift_tire_01.bmp
lift_wall_01.bmp
lift_wall_02.bmp
lift_wall_03.bmp
lift_wall_04.bmp
lift_wall_06.bmp
lift_wall_07.bmp
lift_wall_08.bmp
light_body.bmp_ea34bc2dea0c9cf62a11ce1a08d461fe
light_roof.bmp
light_roof_add_alp_ovl.bmp
light_table_a00.bmp
light_table_a01.bmp
light_table_a02.bmp
light_table_a03.bmp
light_table_a05.bmp
lightb01.bmp
lms_arm.bmp
lms_arm_skin.bmp
lms_foot.bmp
lms_foot_vr_sub_ovl_alp.bmp
lms_helr_ovl_sub_alp.bmp
lms_met.bmp
lms_tube_l.bmp
madon.bmp
madon.bmp_bb8b46c866abc3c5ffd4b46e90edd2f6
mafuler01.bmp
mafuler01.bmp_7236eb9eacd541949fbb61f82317411a
mafuler02.bmp
mafuler02.bmp_b1e360c693909572aeeacdc70cdc0b63
mafuler03.bmp_11b5fd4ccb4031c5fa5e496729c54420
mainpro_b.bmp
mainwing01.bmp
mainwing02.bmp
mainwing03.bmp
mark_fur_weara_ovl_alp.bmp
mater_glass_ovl_sub_alp.bmp
mauser_label_a_alp_ovl.bmp
mauser_label_b_alp_ovl.bmp
meater.bmp_1c8409132c7e748cc7b0b8ff39dc8b4a
med_arm.bmp
med_best_ws.bmp
med_boots.bmp
med_eye_brow_ovl_alp.bmp
med_skarf.bmp
med_skart.bmp
med_suits.bmp
meter_a.bmp_3fc4c378604afe5c9b46b3377345c940
meter_c.bmp_fdc79e6c587b639c421f4a8b7d1f376f
meter_e.bmp_e28e6538473f578ceb057508e8ac12c0
meter_f.bmp_f2271b7b1470ce04e8ef7103107a37ea
meter_g.bmp_08246182d7782224b3b345a729d68ae4
meter_h.bmp_7c893e392e3aa13889ba1fb3663b10de
micro_film_cor01_b.bmp
micro_film_cor01_c.bmp
micro_film_cor02.bmp
micro_film_cor03.bmp
micro_film_film01.bmp
micro_film_film02.bmp
micro_film_film03.bmp
micro_film_film04.bmp
micro_film_film05.bmp
micro_film_film06.bmp
micro_film_side.bmp
micro_film_sideb.bmp
mig_arm.bmp
mig_body.bmp
mig_body_leg.bmp
mig_foot.bmp
mig_foot_r.bmp
mig_hel_ovl_sub_alp.bmp
mig_met.bmp
mig_napalm.bmp
mig_tube.bmp
mig_tube1.bmp
mig_tube2.bmp
mirrar.bmp
mirrar.bmp_5e5aee36a8ebf4ebbaf02cd7244211cf
misile_case00.bmp
misile_grass_00_alp_ovl.bmp
misile_paper00_alp_ovl.bmp
misile_picture00.bmp
misile_picture01.bmp
misile_ss1c_01.bmp
misile_ss1c_02.bmp
misile_ss1c_03.bmp
mlk_def_fbody.bmp
mlk_def_mouth.bmp
mlk_def_ubody.bmp
mnt_arm_def.bmp
mnt_def_eye_close_a.bmp
mnt_def_eye_close_b.bmp
mnt_def_eye_close_c.bmp
mnt_def_eye_close_d.bmp
mnt_def_eye_close_e.bmp
mnt_def_eye_def_a.bmp
mnt_def_eye_def_b.bmp
mnt_def_eye_def_c.bmp
mnt_def_eye_def_d.bmp
mnt_def_eye_def_e.bmp
mnt_def_eye_mu_a.bmp
mnt_def_eye_mu_b.bmp
mnt_def_eye_mu_c.bmp
mnt_def_eye_mu_d.bmp
mnt_def_eye_mu_e.bmp
mnt_def_eye_open_a.bmp
mnt_def_eye_open_b.bmp
mnt_def_eye_open_c.bmp
mnt_def_eye_open_d.bmp
mnt_def_eye_open_e.bmp
mnt_def_eye_pain_a.bmp
mnt_def_eye_pain_b.bmp
mnt_def_eye_pain_c.bmp
mnt_def_eye_pain_d.bmp
mnt_def_eye_pain_e.bmp
mnt_def_eye_white_a.bmp
mnt_def_eye_white_b.bmp
mnt_def_eye_white_c.bmp
mnt_def_eye_white_d.bmp
mnt_shl_def.bmp
mog_box_06.bmp
mog_box_alp_ovl_10.bmp
mog_box_decal_add_alp_ovl_04.bmp
mog_box_decal_add_alp_ovl_05.bmp
mog_crane_07.bmp
mog_crane_08.bmp
mog_crane_09.bmp
mog_crane_11.bmp
mog_crane_alp_ovl03.bmp
mog_deco_alp_ovl_01.bmp
mog_door_02.bmp
mog_duct_02.bmp
mog_floor_13.bmp
mog_floor_13.bmp_dc28576616dbe3fd3befacd767e44ac5
mog_floor_17.bmp
mog_floor_alp_ovl_06.bmp
mog_floor_alp_ovl_20.bmp
mog_floor_alp_ovl_21.bmp
mog_font_alp_ovl_01.bmp
mog_gatedoor00.bmp
mog_ladder_step_01.bmp
mog_light_decal_add_alp_ovl_06.bmp
mog_light_decal_add_alp_ovl_08.bmp
mog_light_decal_add_alp_ovl_12.bmp
mog_lightl_add_alp_05.trans.bmp
mog_lightl_add_alp_ovl_06.bmp
mog_lightl_decal_add_alp_04.trans.bmp
mog_lightl_decal_add_alp_ovl_07.bmp
mog_lightl_decal_add_alp_ovl_09.bmp
mog_obj_02.bmp
mog_pillar_05.bmp
mog_pillar_07.bmp
mog_pillar_09.bmp
mog_pillar_10.bmp
mog_rail_04.bmp
mog_rail_06.bmp
mog_roof_decal_02.bmp
mog_sdw_alp_ovl_07.bmp
mog_sdw_alp_ovl_07.bmp_77d049969cfa5773411d22bc42892033
mog_sdw_alp_ovl_14.bmp
mog_sdw_alp_ovl_17.bmp
mog_stain_alp_ovl_03.bmp
mog_step_alp_ovl_03.bmp
mog_step_alp_ovl_04.bmp
mog_wall_16.bmp
moon_s002a_alp_ovl.bmp
mor_def.bmp
mr_light_a00_alp_ovl.bmp
msa_def_ear.bmp
mushrooms_under1.bmp
mushrooms_under1_2.bmp
mushrooms_under1_4.bmp
mushrooms_under1_r.bmp
nest_l.bmp
nest_ura_full.bmp
nidai01.bmp
nidai02.bmp
number_a_ovl_alp.bmp
number_b_ovl_alp.bmp
number_eve.bmp
number_oce.bmp
number_oth_a.bmp
number_oth_b.bmp
number_oth_c.bmp
number_oth_d.bmp
number_oth_e.bmp
number_oth_f.bmp
number_ovl_alp.bmp
obj279_body_resize.bmp
obj279_caterpillar_resize.bmp
obj279_test_resize.bmp
oce_body_belt_alp_ovl.bmp
oce_def_bere.bmp
oce_def_body_belt.bmp
oce_def_boots1.bmp
oce_def_boots1_ovl_sub_alp.bmp
oce_def_boots2_ovl_sub_alp.bmp
oce_def_boots3.bmp
oce_def_boots3_ovl_sub_alp.bmp
oce_def_boots4.bmp
oce_def_boots5_2_alp_ovl.bmp
oce_def_bull_cap.bmp
oce_def_bull_cap_ovl_sub_alp.bmp
oce_def_bullet1.bmp
oce_def_bullstrap_ovl_mod1120_alp_emap.bmp
oce_def_face_ovl_sub_alp.bmp
oce_def_face_slap_ovl_alp.bmp
oce_def_grene-do.bmp
oce_def_gun.bmp
oce_def_gunbelt.bmp
oce_def_mafura.bmp
oce_def_matuge_alp_ovl.bmp
oce_def_pin_alp_ovl.bmp
oce_def_tire_ovl_alp.bmp
oce_def_wanshou.bmp
operation_room_book.bmp
operation_room_door.bmp
operation_room_f01.bmp
operation_room_f02.bmp
operation_room_f03.bmp
operation_room_f04.bmp
operation_room_f05.bmp
operation_room_item01.bmp
operation_room_item02.bmp
operation_room_l04.bmp
operation_room_m.bmp
operation_room_ms_alp_ovl.bmp
operation_room_r01.bmp
operation_room_r02.bmp
operation_room_r03.bmp
operation_room_r04.bmp
operation_room_r05.bmp
operation_room_r06.bmp
operation_room_w01.bmp
operation_room_w02.bmp
operation_room_w03.bmp
operation_room_w04.bmp
operation_room_w05.bmp
operation_room_w06.bmp
operation_room_w07.bmp
operation_room_w08.bmp
operation_room_w09.bmp
operation_room_w10.bmp
operation_room_w11.bmp
operation_room_w12.bmp
operation_room_w13.bmp
operation_room_w14.bmp
operation_room_w16.bmp
operation_room_w17.bmp
operation_room_w18.bmp
oum_leg_00_col.bmp
oum_leg_01_col.bmp
oum_tail_col_alp_ovl.bmp
oum_wing_in_alp_ovl_col.bmp
pai_def_body_ovl_sub_alp.bmp
pai_def_boots_ovl_sub_alp.bmp
pai_def_hand_hi_ovl_sub_alp.bmp
pai_def_hand_low_ovl_sub_alp.bmp
pai_def_mask_h_ovl_alp.bmp
pai_def_mask_ovl_sub_alp.bmp
pai_def_matuge_alp_ovl.bmp
paper00_alp_ovl.bmp
paper_a00_alp_ovl.bmp
paper_tracks_00_alp_ovl.bmp
par_def_body.bmp
par_def_leg.bmp
par_def_leg_01_col.bmp
par_def_wing_alp_ovl_col.bmp
par_def_wing_out_alp_ovl_col.bmp
paralittle_ovl_alp.bmp
pca_def_body_ovl_alp.bmp
pca_def_wing_ovl_alp.bmp
photo_gra_ota_0.bmp
picture10.bmp
picture2.bmp
picture3.bmp
picture4.bmp
picture5.bmp
picture6.bmp
picture7.bmp
picture8.bmp
picture9.bmp
picture_usu_0.bmp
picture_usu_1.bmp
picture_usu_2.bmp
picturel00.bmp
picturel02.bmp
picturel03.bmp
picturel04.bmp
picturel05.bmp
picturel06.bmp
picturem01.bmp
picturem02.bmp
picturem03.bmp
picturem04.bmp
pictures00_alp_ovl.bmp
pictures00_alp_ovl.bmp_535d92ef8777ab15139d3b7fcd87b17f
pictures_00.bmp
pictures_01.bmp
pictures_02.bmp
pipe01.bmp
pipe_a00.bmp
pipe_bara03_alp_ovl.bmp
pipe_bara04.bmp
pipe_sdw_00_alp_ovl.bmp
plant_a00_alp_ovl.bmp
planta00_alp_ovl.bmp_531eec38a029046f9cfaf71dbb726ab8
planta00_alp_ovl.bmp_6ed3f79e7c8195ee5b862429b653710c
planta01.bmp_a18c1ddbcccfab68f6f3c6f8156bb000
plate_a00.bmp
poster_m00_alp_ovl.bmp
poster_omake00_alp_ovl.bmp
poster_omake00_alp_ovl.bmp_a3cc619ac656df83092e6eb5e5fc2a7a
poster_omake01_alp_ovl.bmp
poster_ru00_alp_ovl.bmp
poster_tirn00_alp_ovl.bmp
poster_woman_a01_alp_ovl.bmp
poster_woman_mod0001_alpx2_ovl.bmp
pre_suits_add_ovl_alp.bmp
pulag.bmp
pulag.bmp_7e078eb6468dce7cd1887dd8fa84a9d5
r_forku01.bmp
r_forku01.bmp_5a251592c76d7d11e2e89863ca3c6316
r_forku02.bmp
r_forku02.bmp_eae372dd89dcc80f2ac5a7c5a6d3b5e0
r_forkudw.bmp
r_forkudw.bmp_524d0dc8c9adbace996ab5d957235c9c
r_forkumt.bmp
r_forkumt.bmp_aa9d15c6ef24c9a0278267651c9e34f8
r_forkuup.bmp
r_forkuup.bmp_88069ad2afec5b79bdc53c6793ce2cc2
r_fream.bmp
r_fream.bmp_07099f52bac4d5aa4059fa367660cf09
raiden_01_alp_ovl.bmp
raiden_01_mod0001_alpx2_ovl.bmp
rat_def_body.bmp
rat_def_parts.bmp
ration_back.bmp
ray_arm_t1.bmp
ray_arm_u_finall.bmp
ray_backpack_t1.bmp
ray_body_s1.bmp
ray_cheek_f1.bmp
ray_cheek_inside1.bmp
ray_chest_f1.bmp
ray_chin1_u.bmp
ray_eye_pera.bmp
ray_face_b1.bmp
ray_face_s1.bmp
ray_face_s2.bmp
ray_face_t1.bmp
ray_foot_s.bmp
ray_forearm_t1.bmp
ray_hand_u1.bmp
ray_hip_f1.bmp
ray_leg1_s1.bmp
ray_leg2_s1.bmp
ray_lip_out.bmp
ray_marines_alp_ovl.bmp
ray_shoulder_circle.bmp
ray_tail_s1x.bmp
ray_tail_s2.bmp
ray_thigh_b1.bmp
ray_thigh_circle.bmp
ray_thigh_s1.bmp
ray_thigh_t1.bmp
ray_thigh_u1.bmp
ray_waist_b1x.bmp
ray_waist_s1.bmp
rear_tire04.bmp
reception_desk_top.bmp
red_def_ovl_alp.bmp
red_def_wing_ovl_alp.bmp
rend_fox.bmp
rex_arm_f.bmp
rex_arm_t.bmp
rex_arm_u.bmp
rex_cam_f.bmp
rex_cam_s.bmp
rex_cam_t.bmp
rex_cam_u.bmp
rex_chin_f01.bmp
rex_chin_s01.bmp
rex_chin_u01.bmp
rex_chin_u02.bmp
rex_chin_u03.bmp
rex_chin_u04.bmp
rex_claw_s01.bmp
rex_claw_s02.bmp
rex_eyes_alp_ovl.bmp
rex_finger_s_alp_ovl.bmp
rex_finger_t.bmp
rex_gun_body_b.bmp
rex_gun_body_f.bmp
rex_gun_body_s01.bmp
rex_gun_body_s02.bmp
rex_gun_body_t.bmp
rex_gun_body_u.bmp
rex_gun_f.bmp
rex_gun_s01.bmp
rex_head_b01.bmp
rex_head_b02.bmp
rex_head_b03.bmp
rex_head_b04.bmp
rex_head_f01.bmp
rex_head_f02.bmp
rex_head_f03.bmp
rex_head_f04.bmp
rex_head_f05.bmp
rex_head_s01.bmp
rex_head_s02.bmp
rex_head_s02in.bmp
rex_head_s03.bmp
rex_head_t01.bmp
rex_head_t02.bmp
rex_head_t03.bmp
rex_head_t03s.bmp
rex_head_u01.bmp
rex_head_u02.bmp
rex_head_u03.bmp
rex_heel_b01.bmp
rex_heel_b02.bmp
rex_heel_f01.bmp
rex_heel_f02.bmp
rex_heel_s01.bmp
rex_heel_u.bmp
rex_leg1_f01.bmp
rex_leg1_f02.bmp
rex_leg1_s01.bmp
rex_leg1_s02.bmp
rex_leg1parts_b01.bmp
rex_leg1parts_b02.bmp
rex_leg1parts_b03.bmp
rex_leg1parts_b04.bmp
rex_leg1parts_s01.bmp
rex_leg1parts_s02.bmp
rex_leg1parts_s03.bmp
rex_leg1parts_s04.bmp
rex_leg1parts_t01.bmp
rex_leg1parts_t03.bmp
rex_leg2_b01.bmp
rex_leg2_f01.bmp
rex_leg2_f02.bmp
rex_leg2_f03.bmp
rex_leg2_f04.bmp
rex_leg2_f05.bmp
rex_leg2_s01.bmp
rex_leg2_s02.bmp
rex_leg2_s03in.bmp
rex_leg2_s04.bmp
rex_leg2_t01.bmp
rex_leg2_t02.bmp
rex_leg2_t03.bmp
rex_leg2_t04.bmp
rex_leg2_u01.bmp
rex_leg2_u02.bmp
rex_leg2_u03.bmp
rex_neck_f01.bmp
rex_neck_f02.bmp
rex_neck_s01.bmp
rex_neck_s02.bmp
rex_radar_b.bmp
rex_radar_f.bmp
rex_radar_s.bmp
rex_radar_s02.bmp
rex_radar_ts01.bmp
rex_radar_ts02.bmp
rex_radome_b01.bmp
rex_radome_b02.bmp
rex_radome_b03.bmp
rex_radome_b04.bmp
rex_radome_b05.bmp
rex_radome_f01.bmp
rex_radome_f02.bmp
rex_radome_s01.bmp
rex_radome_s02in.bmp
rex_radome_s02out.bmp
rex_radome_s03.bmp
rex_radome_s04.bmp
rex_radome_t01.bmp
rex_radome_t02.bmp
rex_radome_t03.bmp
rex_radome_t04.bmp
rex_radome_u01.bmp
rex_radome_u02.bmp
rex_radome_u04.bmp
rex_railgun_b01.bmp
rex_railgun_b02.bmp
rex_railgun_f01.bmp
rex_railgun_f02.bmp
rex_railgun_f03.bmp
rex_railgun_f04.bmp
rex_railgun_s01.bmp
rex_railgun_s02out.bmp
rex_railgun_s03inmsk.bmp
rex_railgun_s03out.bmp
rex_railgun_s04in.bmp
rex_railgun_s04out.bmp
rex_railgun_s05in.bmp
rex_railgun_s05out.bmp
rex_railgun_t01.bmp
rex_railgun_t02.bmp
rex_railgun_t03.bmp
rex_railgun_t05.bmp
rex_railgun_t06.bmp
rex_railgun_t07.bmp
rex_railgun_t08.bmp
rex_railgun_t11.bmp
rex_railgun_ts_alp_ovl.bmp
rex_railgun_u01.bmp
rex_railgun_u02.bmp
rex_railgun_u03.bmp
rex_railgun_u04.bmp
rex_railgun_u5.bmp
rex_railgun_u6.bmp
rex_rg_parts_s01.bmp
rex_rg_parts_s02.bmp
rex_rg_parts_s03.bmp
rex_rg_parts_s04msk.bmp
rex_rg_parts_s06.bmp
rex_rg_parts_t01.bmp
rex_rg_parts_t02.bmp
rex_rg_parts_t03.bmp
rex_rg_parts_u01.bmp
rex_smoke_s.bmp
rex_smoke_t.bmp
rex_tail_b02.bmp
rex_tail_f01.bmp
rex_tail_f02.bmp
rex_tail_s01.bmp
rex_tail_t01.bmp
rex_tail_t02.bmp
rex_tail_t03.bmp
rex_tail_t04.bmp
rex_tail_u01.bmp
rex_tail_u02.bmp
rex_tail_u03.bmp
rex_thigh_b01.bmp
rex_thigh_b02.bmp
rex_thigh_b03.bmp
rex_thigh_f01.bmp
rex_thigh_f02.bmp
rex_thigh_s01in.bmp
rex_thigh_s01out.bmp
rex_thigh_s02in.bmp
rex_thigh_s02out.bmp
rex_thigh_s03out.bmp
rex_thigh_t01.bmp
rex_thigh_t02.bmp
rex_thigh_u01.bmp
rex_thigh_u02.bmp
rex_toe_b.bmp
rex_toe_f.bmp
rex_toe_s.bmp
rex_toe_t.bmp
rex_toe_u.bmp
rex_waist_b01.bmp
rex_waist_b02.bmp
rex_waist_f01.bmp
rex_waist_f02.bmp
rex_waist_f03.bmp
rex_waist_plate_alp_ovl.bmp
rex_waist_plate_ts2.bmp
rex_waist_s01.bmp
rex_waist_s01msk.bmp
rex_waist_s02.bmp
rex_waist_s03.bmp
rex_waist_s06.bmp
rex_waist_s07.bmp
rex_waist_t01.bmp
rex_waist_t02.bmp
rex_waist_t03.bmp
rex_waist_t04.bmp
rex_waist_t05.bmp
rex_waist_u01.bmp
rex_waist_u02.bmp
rex_waist_u03.bmp
rex_waist_u04.bmp
rex_waist_u05.bmp
rex_wing_b.bmp
rex_wing_f.bmp
rex_wing_s01.bmp
rex_wing_s02.bmp
rex_wing_t.bmp
rfender01.bmp_ac37daba8c0ba4ae07e64655a936fdb8
rgd5_body.bmp
rgd5_safe02.bmp
rgd5_splinter.bmp
rhacchi.bmp
rogo_alp_ovl.bmp
roof_bar00.bmp
roof_bar01.bmp
roof_bar02.bmp
roof_bar03.bmp
roof_wood01.bmp
rpv_def_wing_ovl_alp.bmp
rpv_item_feed_def.bmp
rus_body_def.bmp
rus_body_under.bmp
rus_body_vest.bmp
rus_face.bmp
rus_foot_def.bmp
rus_foot_s.bmp
s004a_drone_b.bmp
s006a_2f_rail_shd1_alp_ovl.bmp
s006a_2f_rail_shd2_alp_ovl.bmp
s006a_book1.bmp
s006a_book1_s1.bmp
s006a_book1_s2.bmp
s006a_book2.bmp
s006a_cable1_alp_ovl.bmp
s006a_cbox1.bmp
s006a_cbox2.bmp
s006a_cbox2_mid1.bmp
s006a_cbox2_mid1s.bmp
s006a_cbox3_long1.bmp
s006a_chair_top.bmp
s006a_iron_pillar1_side_alp_ovl.bmp
s006a_locker1.bmp
s006a_locker1_iner.bmp
s006a_low_shelf1.bmp
s006a_m2f_rail_shd1_alp_ovl.bmp
s006a_machine1_back.bmp
s006a_machine1_side.bmp
s006a_meter1.bmp
s006a_paperbox1.bmp
s006a_shelf_tenban1.bmp
s006a_step_floor.bmp
s022a_glass_def_alp.trans.bmp
s022a_stfance01.bmp
s041a_tree00.bmp
s041a_tree01.bmp
s041a_treebg_00_alp_ovl.bmp
s042a_armory_wall01.bmp
s042a_drwall00.bmp
s042a_drwall00a.bmp
s042a_fl04c2.bmp
s042a_sk00.bmp
s042a_sk01.bmp
s042a_wall02a.bmp
s043a_44dr01.bmp
s043a_fl01a_alp_ovl.bmp
s043a_fl02a_alp_ovl.bmp
s043a_fl03a.bmp
s043a_fl04.bmp
s043a_gate00.bmp
s043a_gate00a.bmp
s043a_gate01.bmp
s043a_gate06.bmp
s043a_tree00.bmp
s043a_wall01a1_alp_ovl.bmp
s043a_wall01a2_alp_ovl.bmp
s043a_wall01b.bmp
s043a_wall01c3.bmp
s043a_wall02a.bmp
s043a_wallbrk01_alp_ovl.bmp
s043a_wallpnl00_alp_ovl.bmp
s044a_drwall00a.bmp
s044a_drwall00d.bmp
s044a_fl01c_alp_ovl.bmp
s044a_flpnl00_alp_ovl.bmp
s044a_litboxsdw00_alp_ovl.bmp
s044a_pnl02_alp_ovl.bmp
s044a_pnl02a_alp_ovl.bmp
s044a_roof01a.bmp
s044a_s043a_wall02a.bmp
s044a_s051a_wall01a.bmp
s044a_wall05a.bmp
s044a_wallfont00_alp_ovl.bmp
s044a_wallfont01_alp_ovl.bmp
s044a_wallrusty02_alp_ovl.bmp
s044a_wallrusty03_alp_ovl.bmp
s044a_wlpnl00a_alp_ovl.bmp
s0504a_paper00.bmp
s051a_44wall01a.bmp
s051a_44wall02b.bmp
s052a_door_light_01_alp_ovl.bmp
s052a_door_light_04.bmp
s052a_ent_03_kage_01_alp_ovl.bmp
s052a_ent_kage_04_alp_ovl.bmp
s052a_ent_kage_05_alp_ovl.bmp
s052a_ent_mat.bmp
s052a_hashira_04.bmp
s052a_noon_doorlight_01_alp_ovl.bmp
s052a_noon_ent_kage_01_alp_ovl.bmp
s052a_noon_ent_kage_05_alp_ovl.bmp
s052a_noon_ent_kage_06_alp_ovl.bmp
s052a_noon_ent_kage_11_alp_ovl.bmp
s052a_noon_stlight_kage_01_alp_ovl.bmp
s052a_noon_stlight_kage_02_alp_ovl.bmp
s052a_serch_light_01.bmp
s052a_serch_light_03_decal.bmp
s052a_wall_door_01.bmp
s052a_win_kage_03_alp_ovl.bmp
s053a_bookstop.bmp
s053a_case00.bmp
s053a_comp_b00.bmp
s053a_comp_c00.bmp_153abc8b18d65f06652ce0f8d1a8845f
s053a_curtain_a01.bmp
s053a_curtain_b01.bmp
s053a_curtain_b02.bmp
s053a_curtain_b02.bmp_1309490d75c2430dc2d366809fe7ad59
s053a_curtain_b03.bmp
s053a_curtain_b03.bmp_914fed28396244c111e47c481d8e280c
s053a_desk_side2.bmp
s053a_door_b00.bmp
s053a_floor_b00.bmp
s053a_floor_mr_alp_ovl.bmp
s053a_floor_tile01.bmp
s053a_handrail_01_alp_ovl.bmp
s053a_lattice00.bmp_4de0c87e4a27313665fec72ece723765
s053a_light_a00_add_alp_ovl.bmp
s053a_light_a00_alp_ovl.bmp
s053a_light_a01_alp_ovl.bmp
s053a_light_a01_alp_ovl.bmp_8994a105daad707f9a830e4883514463
s053a_light_a03_alp_ovl.bmp
s053a_lightb00.bmp
s053a_locker00.bmp
s053a_locker00_mk.bmp
s053a_locker01_alp_tr.trans.bmp
s053a_noon_window00_alp_ovl.bmp
s053a_outsidefloor_b00.bmp
s053a_picture00.bmp
s053a_picture02.bmp
s053a_picture03.bmp
s053a_picture04.bmp
s053a_plant_a00_alp_ovl.bmp
s053a_pos_woman00_alp_ovl.bmp
s053a_pos_woman00_mod0001_alpx2_ovl.bmp
s053a_sdw02_alp_ovl.bmp
s053a_sdw_desk00_alp_ovl.bmp
s053a_sdw_ltc00_alp_ovl.bmp
s053a_sdw_ltc01_alp_ovl.bmp
s053a_sdw_ltc_fl00_add_alp_ovl.bmp
s053a_sdw_pillar00_alp_ovl.bmp
s053a_sdw_sofab_alp_ovl.bmp
s053a_sdw_square01_alp_ovl.bmp
s053a_sdw_tablewood00_alp_ovl.bmp
s053a_sdwa00_alp_ovl.bmp
s053a_sdwa00_alp_ovl.bmp_48cb97b621dabb7c29d26755d7d97bf1
s053a_sign_01_alp_ovl.bmp
s053a_sofa_a00.bmp
s053a_sofa_a01.bmp
s053a_step01.bmp_b36aa8f0ce2bf5ea41603eb3170b017f
s053a_table01.bmp
s053a_tablelight_a00_alp_ovl.bmp
s053a_tablelight_brk_alp_ovl.bmp
s053a_toilet_door00.bmp
s053a_wall_c00.bmp_0668734cfb9a4a38b23005f9552ea786
s053a_wall_tile00_mod0001_alpx2_ovl.bmp
s053a_walllightb00_add_alp_ovl.bmp
s053a_walllightb00_add_alp_ovl.bmp_10b47a5cf59f073759bb9287a032d6ea
s053a_walllightb01.bmp
s053a_walllightb01.bmp_9fc9ff629ce2295ed6fd8163e0f3b895
s053a_walllightb02_alp_ovl.bmp
s053a_walllightb_brk0.bmp
s053a_window00_alp_add_ovl.bmp
s053a_window00_alp_hlf.trans.bmp
s053a_window00_alp_hlf.trans.bmp_16325fb790fbe143db7bed558819befa
s053a_window00_alp_ovl.bmp
s053a_window01_alp_hlf.trans.bmp
s053a_window02_alp_hlf.trans.bmp
s053a_winframe_a00.bmp
s053a_winframe_a00.bmp_9f3b813a72fefb8b943ad35dee81541a
s053a_winframe_a02.bmp
s053a_winframe_b00.bmp
s053a_winframe_b00.bmp_285bcca3d7bf300b4939941595f2c8f2
s053a_winframe_c00.bmp
s053a_winframe_c00.bmp_f9f0e4fa200ee684e587992f1eed2a7f
s053a_winframe_d00.bmp
s054_shadow02_alp_ovl.bmp
s054_shadow_alp_ovl.bmp
s054a_256floor.bmp
s054a_award00.bmp
s054a_award00.bmp_cb817e0fe4875cfafe302b7651472bf8
s054a_award01.bmp
s054a_award01.bmp_34b7372dc522edb4207cdeb77fb5db6b
s054a_base00.bmp
s054a_book_blue_top.bmp
s054a_book_red.bmp
s054a_book_red_top.bmp
s054a_bookcase00.bmp_9ded16d04ee920ad135b132790113b6f
s054a_booktop00.bmp
s054a_casewin00_alp_ovl.bmp
s054a_chair01.bmp_1b5e8876c332d00a08f29bcaeb3ea381
s054a_chair01.bmp_4781543aba940e27d3e0f215a36fea93
s054a_chair01.bmp_936c0c25be0e76c4e520b8b475e29d90
s054a_chair02.bmp_24c63e2dcc7b892af9f0910ba6bbf546
s054a_chair02.bmp_4ee7dea99a93823c5a635bd5bf7c0f5d
s054a_chair02.bmp_e31e4a032eedf7c1fcf793a796b298c3
s054a_comp00.bmp
s054a_comp01.bmp
s054a_comp02.bmp
s054a_comp02.bmp_0389ea95f5ea4c16ee52df6d263841e0
s054a_desk_shelf2.bmp
s054a_desk_side.bmp
s054a_desk_side1.bmp
s054a_desk_side2.bmp_b0a5728aaec23cc54c54fb59f2ed2d19
s054a_desk_top.bmp
s054a_floor02.bmp
s054a_floor02.bmp_cd37d085bc3eb78e92fbeff3128fcd02
s054a_floor_b00_alp_ovl.bmp
s054a_light00.bmp
s054a_light00_add_alp_ovl.bmp
s054a_light00_add_alp_ovl.bmp_8bc0d76bef0252789376f3fc9fffd717
s054a_lightc00.bmp
s054a_lightc00.bmp_bd73c32fc87e5b9414ddba34bc4836f6
s054a_lightc01.bmp
s054a_lightc01.bmp_b6dfef8aa8e46e94478aaec1f790be22
s054a_msile00.bmp
s054a_paper_a01_alp_ovl.bmp
s054a_paper_a01_alp_ovl.bmp_2d1efa3e73f2af37ce2643c28a223850
s054a_paperb_alp_ovl.bmp
s054a_paperc_alp_ovl.bmp
s054a_papere_alp_ovl.bmp
s054a_picture00.bmp
s054a_picture00.bmp_b698b4077d94de7558b087287e97cb26
s054a_picture01.bmp
s054a_picture02.bmp
s054a_picture02.bmp_693f47332452b6270bec6591e9ff9edd
s054a_picture03.bmp
s054a_picture03.bmp_1ba8d392011f7139c0320c95e487b163
s054a_picture04.bmp
s054a_picture04.bmp_fea86e226ebe4e40ef1cef001168f81f
s054a_picture05.bmp
s054a_picture05.bmp_937f362cb3c8cc7e6b46fdd0f1e615c2
s054a_picture06.bmp
s054a_picture06.bmp_5eb825b0ba6cd0ab327245fe9feb16b4
s054a_picture06.bmp_6890c0ca7f17547075f7b137d8fd5327
s054a_picture07.bmp
s054a_picture07.bmp_f2120dc8e8730d4618e6c4c19deb0d1d
s054a_picture08.bmp
s054a_picture09.bmp
s054a_picture09.bmp_2b44077869d1e6790d4ecb1bb00d23a0
s054a_picture10.bmp
s054a_picture11.bmp
s054a_picture12.bmp
s054a_picture13.bmp
s054a_picture14.bmp
s054a_picture_mg00.bmp
s054a_picture_shago00.bmp
s054a_sdw_floor_l0_alp_ovl.bmp
s054a_sdw_floor_s0_alp_ovl.bmp
s054a_shelf00.bmp
s054a_shelf00.bmp_720bb2daff3b849476beba4e92cd3d44
s054a_shelf01.bmp
s054a_sofa.bmp
s054a_sofa.bmp_057b03aa6ac8d9a0a39483b9ee71b55a
s054a_table00.bmp
s054a_table00.bmp_b08d0ff7661130c5a396d5c61b42ffad
s054a_table01.bmp_920606ba85c5ab957ef922a5681a42f0
s054a_table01.bmp_d5490848a559d2046537cc7efad73bae
s054a_table_top.bmp
s054a_tel.bmp
s054a_time00.bmp
s054a_wall.bmp
s054a_wall01.bmp
s054a_wall01.bmp_edec0acd070ccd8fd37bc7e8271c0d21
s054a_wash00.bmp
s054a_wash00.bmp_74db8c19703d80be7f0218cb1d2aa09f
s054a_wash01.bmp
s054a_wash01.bmp_1ddc03ee90d6e54c997452164d45f3d4
s054a_wash02.bmp
s054a_wash03.bmp_c55b0b86cf71f14c54092020cb29b62a
s055a_bbord_00.bmp
s055a_bed_01.bmp
s055a_bed_03.bmp
s055a_bed_04.bmp
s055a_cagofl00.bmp
s055a_case_a02.bmp
s055a_cell_dai_01.bmp
s055a_cell_dai_02.bmp
s055a_cell_door00.bmp
s055a_cell_ironbars_01.bmp
s055a_cell_ironbars_04.bmp
s055a_cell_ironbars_05.bmp
s055a_cell_ironbars_06.bmp
s055a_curtain_b00.bmp_0c353ddcddf9b4e403dc69e654d810f5
s055a_d_table_00.bmp
s055a_door_under00.bmp
s055a_duct_00.bmp
s055a_heater00.bmp
s055a_heater00.bmp_9b8ed3f83ff4d40db739fe71aeca972e
s055a_heater00.bmp_a4ca845e881c2211d78c20a6e83c760f
s055a_heater01.bmp
s055a_heater01.bmp_0a0fb3ab697f549814b23b9208950ba1
s055a_heater02.bmp
s055a_heater02.bmp_55f612db6b43dac5da9f2a4336879f58
s055a_heater04.bmp
s055a_heater05.bmp
s055a_heater05.bmp_e8807a0d8416e3f2773f2e478fc9b61d
s055a_heater05.bmp_ed17b8e874f313548093e362d0864d62
s055a_heater06.bmp
s055a_pipe03.bmp
s055a_pos_woman00_alp_ovl.bmp
s055a_sdw01_alp_ovl.bmp
s055a_sdw_wall00_alp_ovl.bmp
s055a_senmen_03.bmp
s055a_senmen_05.bmp
s055a_toilet_04.bmp
s055a_toilet_05.bmp
s055a_toilet_06.bmp
s055a_toilet_07.bmp
s055a_wall00_alp_ovl.bmp
s055a_wall_d01.bmp
s056a_compdesk_02.bmp
s056a_compdesk_03.bmp
s056a_compdesk_p00.bmp
s056a_compdesk_p02.bmp
s056a_compdesk_sdw00_alp_ovl.bmp
s056a_compdesk_shelf0.bmp
s056a_d_table_01.bmp
s056a_light_a00.bmp
s056a_light_a02.bmp
s056a_paper_00.bmp
s056a_picturem_00.bmp
s056a_pipe_top.bmp
s056a_pos_women00.bmp
s056a_sdw_labo00_alp_ovl.bmp
s056a_sdw_tvroom00_alp_ovl.bmp
s056a_sdw_wall00_alp_ovl.bmp
s056a_sdw_wall01_alp_ovl.bmp
s056a_sdw_wall02_alp_ovl.bmp
s056a_sofa_01.bmp
s056a_sofa_02.bmp
s056a_sofa_03.bmp
s056a_text_00_alp_ovl.bmp
s056a_tv_01.bmp
s056a_tv_02.bmp
s056a_tv_03.bmp
s056a_tv_04.bmp
s056a_tv_05_alp_ovl.bmp
s056a_tv_06_alp_ovl.bmp
s056a_tv_07_alp_ovl.bmp
s056a_tvcase_00.bmp
s056a_tvcase_01.bmp
s062a_box06.bmp
s062a_box07.bmp
s062a_box09.bmp
s062a_map.bmp
s062a_mog_obj_03.bmp
s062a_mog_obj_04.bmp
s062a_mog_sdw_alp_add_03.trans.bmp
s062a_mog_sdw_alp_ovl_05.bmp
s062a_mog_sdw_alp_ovl_add_03.bmp
s062a_mog_sdw_alp_ovl_add_04.bmp
s062a_paper01.bmp
s062a_paper02.bmp
s062a_pictur_alp_ovl01.bmp
s062a_pictur_alp_ovl02.bmp
s062a_pictur_alp_ovl04.bmp
s062a_pictur_alp_ovl05.bmp
s062a_pictur_alp_ovl06.bmp
s062a_pillow01.bmp
s062a_wframe01.bmp
s062a_wodbrk02_alp_ovl.bmp
s066a_drfl00.bmp
s066a_fl01a2_alp_ovl.bmp
s066a_fl01a3_alp_ovl.bmp
s066a_fl02.bmp
s066a_laddersdw00a_alp_ovl.bmp
s066a_objbox01.bmp
s066a_pipe00_alp_ovl.bmp
s066a_pipe01_alp_ovl.bmp
s066a_wallrusty02a.bmp
s072a_door_mark01_alp_ovl.bmp
s073a_door_mark01_alp_ovl.bmp
s074a_door_00.bmp
s074a_fr.bmp
s074a_kusa2_alp_ovl.bmp
s074a_kusa3_alp_ovl.bmp
s074a_light01_alp_add.trans.bmp
s074a_light01_alp_add_ovl.bmp
s074a_obj_bin.bmp
s074a_obj_kan.bmp
s074a_sdw00_alp_ovl.bmp
s074a_sdw_floor01_alp_ovl.bmp
s074a_sdw_floor02_alp_ovl.bmp
s074a_sdw_wall02_alp_ovl.bmp
s074a_sdw_window0_alp_ovl.bmp
s074a_sdwbed_alp_ovl.bmp
s074a_wallkai.bmp
s074a_wood3.bmp
s075a_163a00a.bmp
s075a_163a02_alp_ovl.bmp
s075a_gg_sdw02_alp_ovl.bmp
s075a_gg_sdw03_alp_ovl.bmp
s075a_mog_ground_alp_ovl_03.bmp
s075a_mog_ground_alp_ovl_04.bmp
s075a_mog_ground_alp_ovl_05.bmp
s075a_mog_light_decal_05.bmp
s075a_mog_roof_alp_ovl_01.bmp
s075a_mog_sdw_alp_ovl_03.bmp
s075a_mog_sdw_alp_ovl_05.bmp
s075a_mog_sdw_alp_ovl_06.bmp
s075a_s163a_yagura_alp_ovl.bmp
s081a_lit00h_add_alp_ovl.bmp
s081a_mogi_deco_alp_ovl_01.bmp
s081a_mogi_door_02.bmp
s081a_mogi_light_decal_08.bmp
s081a_mogi_obj_alp_ovl_10.bmp
s081a_mogi_pipe_02.bmp
s081a_mogi_sdw_alp_ovl_02.bmp
s081a_mogi_sdw_alp_ovl_12.bmp
s081a_mogi_sdw_alp_ovl_13.bmp
s081a_mogi_sdw_alp_ovl_14.bmp
s081a_mogi_stain_alp_ovl_06.bmp
s081a_mogi_stain_alp_ovl_09.bmp
s081a_sdw00_alp_ovl.bmp
s091a_101wall02.bmp
s091a_101wall02.bmp_c7ef767ef6c9eca7e758a192b69a038e
s091a_111wall01.bmp
s091a_111wall01.bmp_7518a7d7e3f0e37d51188d33da58c99a
s091a_111wall02.bmp
s091a_112awindow00.bmp
s091a_112awindow00b.bmp
s091a_112awindow02_alp_ovl.bmp
s091a_121gate00.bmp
s091a_121gatedoor00_16.bmp
s091a_121gatedoor01.bmp
s091a_121gatedoor01_16.bmp
s091a_121gatefl00.bmp
s091a_121wall00.bmp
s091a_121wall01.bmp
s091a_121wall01.bmp_bd083f7623474b419049cf7a61f6cb8b
s091a_121wall01b.bmp
s091a_121wall01b.bmp_73a6d7716b53dac297f38e48b5d12157
s091a_121wall02.bmp
s091a_121wall02.bmp_ead051107076221ed90b17bd5f77abd2
s091a_barib.bmp
s091a_baric.bmp
s091a_baric.bmp_75179bc30bcf1226d4f65aa9e663e93f
s091a_bgpipec.bmp
s091a_bgwall00_alp_ovl.bmp
s091a_box01a.bmp
s091a_brcbox01.bmp
s091a_brcbox02.bmp
s091a_brcbox03.bmp
s091a_brflr.bmp
s091a_brsbox01.bmp
s091a_brsbox02.bmp
s091a_brsbox03.bmp
s091a_bwlightb_add_alp_ovl.bmp
s091a_bwlightd_alp_ovl.bmp
s091a_bwswitcha_alp_ovl.bmp
s091a_bwwallb.bmp
s091a_bwwalle.bmp
s091a_bwwindowa_alp_ovl.bmp
s091a_cautiona_alp_ovl.bmp
s091a_door00.bmp
s091a_door01a.bmp
s091a_drfl00.bmp
s091a_drfl00a.bmp
s091a_drwall00.bmp
s091a_drwall00.bmp_1ea1f469ccdb106b6de793b09f4ef4b5
s091a_endoor00.bmp
s091a_enfl00.bmp
s091a_entsdw00_alp_ovl.bmp
s091a_entsdw01_alp_ovl.bmp
s091a_fencebar00.bmp
s091a_fencedoor00_alp_ovl.bmp
s091a_fl05b3_alp_ovl.bmp
s091a_fl06a.bmp_1e2e303519a983d580d1c764078bb593
s091a_flpnl00_alp_ovl.bmp
s091a_flpnl01_alp_ovl.bmp
s091a_flpnl01_alp_ovl.bmp_34fe3d49df8e7d0f082189def61b07ee
s091a_flpnl03_alp_ovl.bmp
s091a_flpnl03_alp_ovl.bmp_94bdc7117b3a57423026f1c0e32084c8
s091a_flrusty00_alp_ovl.bmp
s091a_framea_alp_ovl.bmp
s091a_frameb_alp_ovl.bmp
s091a_fwinlighta_decal_add_alp_ovl.bmp
s091a_gate01.bmp
s091a_haidena02.bmp
s091a_haidena03.bmp
s091a_haidenc02.bmp
s091a_hangar_doors.bmp
s091a_hangar_rooft.bmp
s091a_hangd.bmp
s091a_holea_alp_ovl.bmp
s091a_hutdoora.bmp
s091a_hutdoora.bmp_fdb9ebf4a970eb05c836fb84b918f86b
s091a_ironb.bmp
s091a_irond.bmp
s091a_ironparts00a_alp_ovl.bmp
s091a_kanbanaura.bmp
s091a_kanbanb.bmp
s091a_kanbanbura.bmp
s091a_kanbanla.bmp
s091a_kanbanla.bmp_9dc09602b8e893d63be816928059af13
s091a_kanbanpu.bmp
s091a_kanbanpu.bmp_59d37e74158a265fa8c4f85b2b6de697
s091a_lighta.bmp
s091a_line02_alp_ovl.bmp
s091a_lit1_add_alp_ovl.bmp
s091a_mach04a.bmp
s091a_mark00_alp_ovl.bmp
s091a_mog_door_02.bmp
s091a_mog_window.bmp
s091a_objbox00.bmp
s091a_objdct00.bmp
s091a_objdct01.bmp
s091a_objdct02.bmp
s091a_pipeb.bmp
s091a_pipec.bmp
s091a_pnl00.bmp
s091a_pnl01_alp_ovl.bmp
s091a_pnl02_alp_ovl.bmp
s091a_pnl02a_alp_ovl.bmp
s091a_pnl03_alp_ovl.bmp
s091a_pnl04_alp_ovl.bmp
s091a_pnl07_alp_ovl.bmp
s091a_pole00a.bmp_a63e79100eeefa89865c80b340ee0d31
s091a_pole00b.bmp
s091a_posta.bmp
s091a_s101a_winglassa_alp_ovl.bmp
s091a_sewerfl00c2_alp_ovl.bmp
s091a_sewerfl00c_alp_ovl.bmp
s091a_shelfa.bmp
s091a_spotlightc.bmp
s091a_spotlightd_alp_ovl.bmp
s091a_spotlightd_alp_ovl.bmp_37447e79299273078de344ee3a264963
s091a_stop_alp_ovl.bmp
s091a_stop_alp_ovl.bmp_827d3be968f9398ef8247003fd46bd04
s091a_stop_alp_ovl.bmp_88c7cb04139bacb1ceb2bf227c9b95af
s091a_sysa.bmp
s091a_sysb.bmp
s091a_sysc.bmp
s091a_sysd_add_alp_ovl.bmp
s091a_syse.bmp
s091a_taiyakona_alp_ovl.bmp
s091a_taiyakonb_alp_ovl.bmp
s091a_tanka_alp_ovl.bmp
s091a_tankb2.bmp
s091a_wall04a.bmp
s091a_wallparts00_alp_ovl.bmp
s091a_wallpipe00_alp_ovl.bmp
s091a_wallpipe02_alp_ovl.bmp
s091a_watchtower00_alp_ovl.bmp
s091a_watchtower05_alp_ovl.bmp
s091a_win00_alp_ovl.bmp
s091a_wtsdwa_alp_ovl.bmp
s092a_s101a_roofa.bmp
s092a_s101a_roofwina.bmp
s092a_s111doora.bmp
s092a_s111doorc.bmp
s092a_s111lighta_alp_ovl.bmp
s092a_s111signb_alp_ovl.bmp
s093a_wallfont00_alp_ovl.bmp
s093a_wallpnl00_alp_ovl.bmp
s094a_flpnl00_alp_ovl.bmp
s094a_mark00_alp_ovl.bmp
s094a_n_sdw00_alp_ovl.bmp
s094a_objbox01.bmp
s094a_s112a_cor_floor_01a.bmp
s094a_s112a_cor_floor_07a.bmp
s094a_s112a_wall_02.bmp
s094a_wall01a.bmp
s094a_wallfont00_alp_ovl.bmp
s094a_wallobj00_alp_ovl.bmp
s094a_wallrusty00.bmp
s101a_bord00.bmp
s101a_bord02.bmp
s101a_boxb01.bmp
s101a_chaira00.bmp
s101a_chaira01.bmp
s101a_comp00_side2.bmp
s101a_comp02.bmp
s101a_comp03.bmp
s101a_comp04.bmp
s101a_comp05.bmp
s101a_comp06.bmp
s101a_comp07.bmp
s101a_comp08_alp_ovl.bmp
s101a_ddesk_00.bmp
s101a_ddesk_01.bmp
s101a_doorb.bmp
s101a_doorsign_04.bmp
s101a_e_box_00.bmp
s101a_e_box_01.bmp
s101a_grassframe00.bmp
s101a_handrail_a02.bmp
s101a_iron_00.bmp
s101a_light02_add_alp.trans.bmp
s101a_light_labo00_alp_ovl.bmp
s101a_lightb00.bmp
s101a_lightb01.bmp
s101a_lumber_shelf_00.bmp
s101a_mat00.bmp
s101a_office_cabinet_00.bmp
s101a_paper01.bmp
s101a_paper02.bmp
s101a_paper03.bmp
s101a_paper05.bmp
s101a_paper07.bmp
s101a_picture00_alp_ovl.bmp
s101a_picture02_alp_ovl.bmp
s101a_plant01.bmp
s101a_plant02.bmp
s101a_plantc00_alp_ovl.bmp
s101a_plantc01.bmp
s101a_poster00.bmp
s101a_roo_pillar_00.bmp
s101a_roof_mein00_alp_ovl.bmp
s101a_sbox01.bmp
s101a_sdw02_alp_ovl.bmp
s101a_sdw03_alp_ovl.bmp
s101a_sdw_bkbord00_alp_ovl.bmp
s101a_sdw_d00_alp_ovl.bmp
s101a_sdw_d01_alp_ovl.bmp
s101a_sdw_dtable00_alp_ovl.bmp
s101a_sdw_entrance00_alp_ovl.bmp
s101a_sdw_grtable00_alp_ovl.bmp
s101a_sdw_pillar_00_alp_ovl.bmp
s101a_sdw_sofa00_alp_ovl.bmp
s101a_sdw_square01_alp_ovl.bmp
s101a_sdw_study_00_alp_ovl.bmp
s101a_sdw_study_01_alp_ovl.bmp
s101a_sdw_study_02_alp_ovl.bmp
s101a_sdw_study_03_alp_ovl.bmp
s101a_sdw_tesuri_alp_ovl.bmp
s101a_sdw_triangle_alp_ovl.bmp
s101a_sdwa00_alp_ovl.bmp
s101a_sign_toilet_00.bmp
s101a_sink00.bmp
s101a_step_top00.bmp
s101a_table02a.bmp
s101a_table02b.bmp
s101a_table03.bmp
s101a_tablec00.bmp
s101a_text00_alp_ovl.bmp
s101a_text01_alp_ovl.bmp
s101a_toilet_sdw00_alp_ovl.bmp
s101a_toilet_sdw01_alp_ovl.bmp
s101a_toilet_sdw02_alp_ovl.bmp
s101a_vent_b00_alp_ovl.bmp
s101a_vent_b00_alp_ovl.bmp_555f5325e56974d11f2a8f5ac1a4d5a3
s101a_wall_d00.bmp
s101a_win00_alp_ovl.bmp
s101a_win_waku00.bmp
s111a_bed_03.bmp
s111a_bed_03.bmp_bb1e731c49c15efb596861d128993c0c
s111a_cement_01.bmp
s111a_cement_02.bmp
s111a_cor_light_04_alp_ovl.bmp
s111a_cor_roof_02.bmp
s111a_corridor_meca_01.bmp
s111a_corridor_poster_01_alp_ovl.bmp
s111a_corridor_win_01_alp_ovl.bmp
s111a_corridor_win_02.bmp
s111a_desk_01.bmp
s111a_desk_02.bmp
s111a_desk_03.bmp
s111a_desk_04_decal_alp_ovl.bmp
s111a_desk_06.bmp
s111a_desk_07.bmp
s111a_desk_08.bmp
s111a_floor_01_alp_ovl.bmp
s111a_floor_02_alp_ovl.bmp
s111a_floor_03_alp_ovl.bmp
s111a_heater_03.bmp_18eae6d5809a460ee43213d7afedf62c
s111a_isu_02.bmp
s111a_light_stand_00.bmp
s111a_light_stand_01.bmp
s111a_nidai_01.bmp
s111a_nidai_03.bmp
s111a_oil_can_01.bmp
s111a_oil_can_02.bmp
s111a_room_deco_moji_01_alp_ovl.bmp
s111a_room_door02_01.bmp
s111a_room_door02_02_alp.trans.bmp
s111a_room_door02_03.bmp
s111a_room_hako_01.bmp
s111a_room_hako_01.bmp_1833f0582c49c665d6eb91500858dbd9
s111a_room_hako_03.bmp
s111a_room_light_01_02_decal_alp_ovl.bmp
s111a_room_light_01_decal_alp_ovl.bmp
s111a_room_light_02_alp_ovl.bmp
s111a_room_light_10.bmp
s111a_room_meca_01.bmp_175fbaef831ce6ad20e5a81ae47085aa
s111a_room_meca_03_decal_alp_add_ovl.bmp
s111a_s091a_121gatefl00.bmp
s111a_s091a_121wall00.bmp
s111a_s091a_door00.bmp
s111a_s091a_door01.bmp
s111a_s091a_durmcan00.bmp
s111a_s091a_endoor00.bmp
s111a_s091a_enfl00.bmp
s111a_s091a_fencebar00.bmp
s111a_s091a_fl06a.bmp
s111a_s091a_flpnl01_alp_ovl.bmp
s111a_s091a_flpnl03_alp_ovl.bmp
s111a_s091a_flrusty00_alp_ovl.bmp
s111a_s091a_gate00.bmp
s111a_s091a_gate01.bmp
s111a_s091a_gatedoor01.bmp
s111a_s091a_hangar_doors.bmp
s111a_s091a_holea_alp_ovl.bmp
s111a_s091a_ironb.bmp
s111a_s091a_irond.bmp
s111a_s091a_kanbana.bmp
s111a_s091a_kanbanbura.bmp
s111a_s091a_pipeb.bmp
s111a_s091a_pipec.bmp
s111a_s091a_sewerfl00c.bmp
s111a_s091a_sysa.bmp
s111a_s091a_taiyakona_alp_ovl.bmp
s111a_s091a_taiyakonb_alp_ovl.bmp
s111a_s091a_wall00_alp_ovl.bmp
s111a_s091a_wall01.bmp
s111a_s091a_wallparts00_alp_ovl.bmp
s111a_s091a_watchtower02.bmp
s111a_sotokabe_02.bmp
s111a_sotokabe_03.bmp
s111a_sotokabe_04.bmp
s111a_tana_02.bmp
s111a_tana_04.bmp
s111a_tana_05.bmp
s111a_tana_06.bmp
s111a_toilet_03.bmp
s111a_toilet_05.bmp
s111a_toilet_06.bmp
s111a_txt_00_alp_ovl.bmp
s111a_wall_02.bmp
s111a_wall_05.bmp
s111a_wall_08.bmp
s111a_window_01.bmp
s111a_window_04.bmp
s111a_zumen_01_alp_ovl.bmp
s111a_zumen_02_alp_ovl.bmp
s111a_zumen_03_alp_ovl.bmp
s111a_zumen_04_alp_ovl.bmp
s111a_zumen_05_alp_ovl.bmp
s111a_zumen_06_alp_ovl.bmp
s112a_bedroom_kage_02_alp_ovl.bmp
s112a_blood_01_alp_ovl.bmp
s112a_blood_03_alp_ovl.bmp
s112a_blood_04_alp_ovl.bmp
s112a_blood_05_alp_ovl.bmp
s112a_board_01.bmp
s112a_cell_dai_01.bmp
s112a_cell_dai_03.bmp
s112a_cell_floor_kage_01_alp_ovl.bmp
s112a_cell_ironbars_04.bmp
s112a_cell_ironbars_05.bmp
s112a_cor_deco_01_alp_ovl.bmp
s112a_cor_floor_01.bmp
s112a_cor_floor_04.bmp
s112a_cor_floor_06.bmp
s112a_cor_ironbars_01.bmp
s112a_cor_meca_01.bmp
s112a_cor_wall_kage_01_alp_ovl.bmp
s112a_deco_num_alp_ovl.bmp
s112a_deco_num_brk_alp_ovl.bmp
s112a_goumon_kage_01_alp_ovl.bmp
s112a_goumon_meca_01.bmp
s112a_goumon_meca_05.bmp
s112a_goumon_meca_07.bmp
s112a_goumon_meca_08.bmp
s112a_ne_pos01_alp_ovl.bmp
s112a_ne_pos02_alp_ovl.bmp
s112a_ne_wc00_alp_ovl.bmp
s112a_ne_wc01_alp_ovl.bmp
s112a_pipe_tome_03.bmp
s112a_room_ironbars_02.bmp
s112a_room_ironbars_03.bmp
s112a_senmen_04.bmp
s112a_senmen_05.bmp
s112a_slide_door_02.bmp
s112a_toilet_haisui_01_alp_ovl.bmp
s112a_toilet_jaguchi_03.bmp
s112a_toilet_kage_01_alp_ovl.bmp
s112a_toilet_taol_01.bmp
s112a_wall_door_01.bmp
s112a_wall_door_02.bmp
s112a_wall_door_04.bmp
s113a_floor_03a.bmp
s113a_ladsdw00_alp_ovl.bmp
s113a_objbox01.bmp
s113a_pnl02_alp_ovl.bmp
s113a_roof_bar01.bmp
s113a_roof_bar02.bmp
s113a_roof_bar03.bmp
s113a_roof_bar04_alp_ovl.bmp
s113a_sdw02_alp_ovl.bmp
s113a_sk03c.bmp
s113a_stepsdw00b_alp_ovl.bmp
s113a_stepsdw00c_alp_ovl.bmp
s113a_stepsdw00f_alp_ovl.bmp
s113a_wall02a.bmp
s113a_wall04a.bmp
s113a_wall05.bmp
s113a_wall05a.bmp
s113a_wall06.bmp
s113a_wallfont00_alp_ovl.bmp
s113a_wallfont01_alp_ovl.bmp
s113a_wallrusty01_alp_ovl.bmp
s113a_wallrusty01a_alp_ovl.bmp
s121a_alarm_02.bmp
s121a_alarm_02_sdw_alp_ovl.bmp
s121a_cbox_b.bmp
s121a_mog_deco_alp_ovl_01.bmp
s121a_mog_door.bmp
s121a_mog_haikei_decal_alp_ovl_01.bmp
s121a_mog_haikei_decal_alp_ovl_02.bmp
s121a_mog_light_alp_ovl_01.bmp
s121a_mogi_fueltank_01.bmp
s121a_mogi_fueltank_04.bmp
s121a_mogi_fueltank_05.bmp
s121a_mogi_fueltank_alp_ovl_03.bmp
s121a_mogi_fueltank_alp_ovl_08.bmp
s121a_mogi_s101a_door_dummya.bmp
s122a_fence_alp_ovl_02.bmp
s122a_mogi_stain_alp_ovl_07.bmp
s123_mog_fire_alp_ovl_decal_01.bmp
s123_mog_floor_01.bmp
s123_mog_floor_02.bmp
s123_mog_floor_alp_ovl_03.bmp
s123_mog_frame_alp_ovl_03.bmp
s123_mog_gatedoor00.bmp
s123_mog_noise_01.bmp
s123_mog_rail_04.bmp
s123_mog_roof_decal_01.bmp
s123_mog_sdw_alp_ovl_01.bmp
s123a_mog_haikei_alp_ovl_01.bmp
s123a_mog_haikei_decal_alp_ovl_03.bmp
s123a_mog_pillar_04.bmp
s123a_mog_pillar_05.bmp
s131a_mo_door_alp_ovl_01.bmp
s131a_mo_obj_06.bmp
s131a_mog_light_decal_add_alp_ovl_06.bmp
s131a_mog_sdw_alp_ovl_01.bmp
s131a_mog_sdw_alp_ovl_02.bmp
s131a_mog_sdw_alp_ovl_05.bmp
s131a_mog_stain_alp_ovl_05.bmp
s152a_deco_number_01_alp_ovl.bmp
s152a_fence_02.bmp_c3c5fdcaba81a93e0f70c4e09b8c4e6a
s152a_floor_02.bmp
s152a_light_02.bmp
s152a_light_03.bmp
s152a_light_kage_02_alp_ovl.bmp
s152a_light_kage_03_alp_ovl.bmp
s152a_light_kage_04_alp_ovl.bmp
s152a_light_kage_06_alp_ovl.bmp
s152a_room_deco_02_alp_ovl.bmp
s152a_room_hari_01.bmp
s152a_room_hari_02.bmp
s152a_room_kage_02_alp_ovl.bmp
s152a_room_pipe02_04.bmp
s161a_deco_num_01_alp_ovl.bmp
s161a_deco_num_01_alp_ovl.bmp_603002bcc788caac6843d20a2e449d00
s161a_deco_num_01_alp_ovl.bmp_c143fd6d078b082d2985ddb94f9cb08e
s161a_dram_01.bmp
s161a_dram_01.bmp_967c2f17ab82f51e50a680774b2406c1
s161a_house_03.bmp
s161a_house_03.bmp_8c1fb36322f73ce66e6f080bae44d59f
s161a_house_05_alp_ovl.bmp
s161a_house_06.bmp
s161a_house_06.bmp_1349b8bb970412fcb4fc017916d302c4
s161a_house_08_alp_ovl.bmp
s161a_house_08_alp_ovl.bmp_b49dfb8fab108f50fe08e264f21f9a12
s161a_house_light_01.bmp
s161a_house_light_01.bmp_26df08e1a962a5b851f53a8ce500b5f6
s161a_souko_01.bmp
s161a_souko_01.bmp_ff18e14c9f41eaae72e054a08f17a6b3
s161a_speaker_04.bmp
s161a_yagura_02.bmp
s161a_yagura_06.bmp
s161a_yagura_06.bmp_3b2cf2bc6db8f6f149e2ecbb48dff494
s161a_zaimoku_01.bmp
s161ap0_bksakua.bmp
s161ap0_bkwallb.bmp
s161ap0_bkwina.bmp
s161ap0_s121a_cranec.bmp
s161ap0_s121a_craned.bmp
s161ap0_s121a_cranee.bmp
s161ap0_s121a_cranef.bmp
s161ap0_s121a_gatea.bmp
s161ap0_s121a_kaidana_alp_ovl.bmp
s161ap0_s121a_lightc_add_alp_ovl.bmp
s161ap0_s121a_lightd_add_alp_ovl.bmp
s161ap0_s121a_lighte_add_alp_ovl.bmp
s161ap0_s121a_tanka.bmp
s161ap0_s121a_tankb_alp_ovl.bmp
s161ap0_s121a_tankd.bmp
s161ap0_s121a_tanke.bmp
s161ap0_s121a_tankf.bmp
s161ap0_s121a_tankg_alp_ovl.bmp
s161ap0_s121a_wallc.bmp
s161ap0_s121a_wallu.bmp
s161ap1_brkwina_alp_ovl.bmp
s162_control_tower_01_alp_ovl.bmp
s162a_deco_number_02_alp_ovl.bmp
s162a_house_01.bmp
s162a_house_01.bmp_988a9a5cee6643d5cae3a4e6c150aed7
s162a_house_kage_alp_ovl.bmp
s162a_light_02_alp_ovl.bmp
s162a_light_03.bmp
s162a_light_04.bmp
s162ap1_101wall00.bmp
s162ap1_door00.bmp
s162ap1_door01.bmp
s162ap1_framea_alp_ovl.bmp
s162ap1_pipeb.bmp
s162ap1_pipec.bmp
s162ap1_wall00_alp_ovl.bmp
s162ap1_wall01.bmp
s162ap1_wall01a.bmp
s162ap1_watchtower02.bmp
s162ap2_frameb_alp_ovl.bmp
s164a_gate_fence_01_alp_ovl.bmp
s164a_gate_house_03.bmp
s164a_gate_house_05_alp_ovl.bmp
s164a_gate_kanban_01.bmp
s164a_kage_box_01_alp_ovl.bmp
s164a_kage_fence_01_alp_ovl.bmp
s164a_kage_fence_02_alp_ovl.bmp
s164a_kage_fence_03_alp_ovl.bmp
s164a_kage_gatehouse_01_alp_ovl.bmp
s164a_kage_gatehouse_03_alp_ovl.bmp
s164a_kage_kanban_02_alp_ovl.bmp
s164a_kage_yatura_02_alp_ovl.bmp
s171a_mo_box_03.bmp
s171a_mo_bridge_02.bmp
s171a_mo_bridge_02.bmp_4f0f38d21ecfacf2e42b392d68b3e80b
s171a_mo_bridge_03.bmp
s171a_mo_fence_02.bmp
s171a_mo_fence_04.bmp
s171a_mo_floor_alp_ovl_03.bmp
s171a_mo_pillar_05.bmp
s171a_mo_pillar_06.bmp
s171a_mo_pillar_07.bmp
s171a_mo_pillar_08.bmp
s171a_mo_pipe_02.bmp
s171a_mo_pipe_03.bmp
s171a_mo_river_alp_ovl_06.bmp
s171a_mo_river_alp_ovl_07.bmp
s171a_mo_sdw_alp_ovl_02.bmp
s171a_mo_sdw_alp_ovl_03.bmp
s171a_mo_sdw_alp_ovl_12.bmp
s171a_mo_wire_alp_01.trans.bmp
s171a_mo_wire_alp_ovl_01.bmp
s181a_btrt_sdw00_alp_ovl.bmp
s221a_cabinet_00.bmp
s221a_carpet_01_alp_ovl.bmp
s221a_ceil_00.bmp
s221a_curtain_a00_alp_ovl.bmp
s221a_curtain_b00_alp_ovl.bmp
s221a_door.bmp
s221a_flower_a00_alp_ovl.bmp
s221a_flower_a01_alp_ovl.bmp
s221a_flower_b00_alp_ovl.bmp
s221a_light_a00_alp_ovl.bmp
s221a_light_a01_alp_ovl.bmp
s221a_light_a03.bmp
s221a_photo00_alp_ovl.bmp
s221a_sdw_00_alp_ovl.bmp
s221a_sdw_a00_alp_ovl.bmp
s221a_towel_00.bmp
s221a_vista_a00_alp_ovl.bmp
s222a_america_01.bmp
s222a_room_chair_01.bmp
s222a_room_chair_03.bmp
s222a_room_desk_01.bmp
s222a_room_desk_komono_01_alp_ovl.bmp
s222a_room_desk_komono_03.bmp
s222a_room_desk_paper_01_ovl.bmp
s222a_room_door_03.bmp
s222a_room_door_04.bmp
s222a_room_gakubuchi_01.bmp
s222a_room_hikari_01_alp_ovl.bmp
s222a_room_hondana_02.bmp
s222a_room_hondana_03.bmp
s222a_room_hondana_05_alp_ovl.bmp
s222a_room_hondana_07.bmp
s222a_room_kage_13kabe_alp_ovl.bmp
s222a_room_phone_01.bmp
s222a_room_picture_01.bmp
s222a_room_picture_02.bmp
s222a_room_tans_01.bmp
s222a_room_tans_05.bmp
s222a_shelves_alp_ovl.bmp
s223a_chain02_alp_ovl.bmp
s223a_plant_a00_alp_ovl.bmp
s223a_plant_a01_alp_ovl.bmp
s223a_rendermap_usuda00_alp_ovl.bmp
s223a_stake01.bmp
s223a_stone.bmp
s223a_stone_back0.bmp
s223a_stone_boss.bmp
s223a_stone_cross0.bmp
s223a_stone_cross1.bmp
s223a_stone_high00.bmp
s223a_stone_side.bmp
s223a_stone_top.bmp
s22a_mog_bed_01.bmp
s22a_mog_bed_04.bmp
s22a_mog_book_01.bmp
s22a_mog_book_02.bmp
s22a_mog_desk_02.bmp
s22a_mog_desk_03.bmp
s22a_mog_desk_alp_ovl_06.bmp
s22a_mog_desk_alp_ovl_08.bmp
s22a_mog_light_alp_ovl_add_02.bmp
s22a_mog_obj_04.bmp
s22a_mog_obj_08.bmp
s22a_mog_obj_10.bmp
s22a_mog_obj_13.bmp
s22a_mog_obj_14.bmp
s22a_mog_obj_18.bmp
s22a_mog_obj_21.bmp
s22a_mog_obj_22.bmp
s22a_mog_obj_24.bmp
s22a_mog_obj_29.bmp
s22a_mog_obj_31.bmp
s22a_mog_obj_32.bmp
s22a_mog_obj_33.bmp
s22a_mog_obj_alp_ovl_17.bmp
s22a_mog_obj_alp_ovl_26.bmp
s22a_mog_obj_alp_ovl_28.bmp
s22a_mog_obj_alp_ovl_29.bmp
s22a_mog_obj_alp_ovl_33.bmp
s22a_mog_obj_alp_ovl_add_ara1.bmp
s22a_mog_pipe_02.bmp
s22a_mog_pipe_ovl_alp_01.bmp
s22a_mog_sdw_alp_ovl_03.bmp
s22a_mog_sdw_alp_ovl_07.bmp
s22a_mog_stain_alp_ovl_02.bmp
s22a_mog_tana_02.bmp
s22a_mog_wall_alp_ovl_03.bmp
s55a_floor_a00.bmp
s55a_floor_a02.bmp
s55a_floor_a02.bmp_5270606482100c6062a0ce8b67e0d746
saa_engrave.bmp
saa_engrave_ovl_sub_alp.bmp
saa_stock_pipe.bmp
saa_stock_side_ovl_sub_alp.bmp
sadorudw.bmp
sadorudw.bmp_5c579297d2e3752a812eec329957daad
sdbodyf.bmp
sdbodyft.bmp
sdbodysi.bmp
sdboruto.bmp
sdfgard.bmp
sdfkyouyou.bmp
sdfyokouchi.bmp
sdl_body_new_ovl_alp.bmp
sdshirinder.bmp
seat04.bmp
seat05.bmp
seat06.bmp
sec_face_sub_ovl_alp.bmp
sec_suits_add_ovl_alp.bmp
shago_craft_struc.bmp
shago_hach_in_a.bmp
shago_head_damage.bmp
shago_head_damage.bmp_7d2567c25a5cb80093e7afe68d0925db
shago_head_hatch.bmp
shago_hundred.bmp
shago_joint.bmp
shago_joint.bmp_e77f09d5a86f8f123fde4c72ebde7f70
shago_marking02_alp_ovl.bmp
shago_marking_alp_ovl.bmp
shago_missile_sub_alp_ovl.bmp
shago_picture_alp_ovl.bmp
shago_pit_steering_02.bmp
shelf.bmp
shida2_alp_ovl.bmp
ship_marking02_ovl_alp.bmp
ship_marking04_ovl_alp.bmp
shirindahead.bmp_2af01f8045176f976f6820189424a820
shot_emb.bmp
side_panel.bmp
side_table_sdw_alp_ovl.bmp
sideseet.bmp
sig_body_chest.bmp
sig_body_leg.bmp
sig_cap_logo_ovl_alp.bmp
sig_cloth.bmp
sig_face.bmp
sig_face_ovl_sub_alp.bmp
sig_foot_f.bmp
sig_foot_r.bmp
sig_foot_u.bmp
sig_hand_low.bmp
sig_idcard.bmp
sig_paeker.bmp
sign_labo_00_alp_ovl.bmp
sir_def_body.bmp
sir_def_body_ovl_sub_alp.bmp
sir_def_mouth.bmp
slight_back.bmp
slight_front.bmp
slight_front_brk.bmp
slight_option.bmp
slight_ray01_alp_ovl.bmp
slight_side.bmp
slight_stand.bmp
sna_after_arm_flirt.bmp
sna_after_body_flirt.bmp
sna_after_body_flirt_sub_ovl_alp.bmp
sna_after_ovl_mod1120_alp_emap.bmp
sna_arrow_dam_ovl_alp.bmp
sna_bandana_def.bmp
sna_bandana_def_sub_ovl_alp.bmp
sna_belt_bp.bmp
sna_cell_wound_ovl_alp.bmp
sna_def_hair_front_ovl_alp.bmp
sna_face_dam_eye_ovl_alp.bmp
sna_face_dam_hard_sub_ovl_alp.bmp
sna_face_def_sub_ovl_alp.bmp
sna_face_ed_def.bmp
sna_face_vr_def_sub_ovl_alp.bmp
sna_face_vr_sta_ovl_alp.bmp
sna_flirt_wound_ovl_alp.bmp
sna_foot_vr_sub_ovl_alp.bmp
sna_hair_back_ovl_alp.bmp
sna_item_para_belt_ovl_alp.bmp
sna_item_roastviper_dmo_mouse.bmp
sna_item_roastviper_dmo_niku_ovl_alp.bmp
sna_mgs3_arm_ovl_sub_alp.bmp
sna_mgs3_bandage_body.bmp
sna_mgs3_bandage_shl.bmp
sna_mgs3_bandana_def_ovl_alp.bmp
sna_mgs3_belt.bmp_77380cc45d92a52a1e8da9f59a6ea891
sna_mgs3_belt_ovl_sub_alp.bmp
sna_mgs3_belt_tor.bmp
sna_mgs3_ber_suit.bmp
sna_mgs3_body_ovl_alp.bmp
sna_mgs3_body_suit.bmp
sna_mgs3_body_suit_pok.bmp
sna_mgs3_foot_ed_sub_ovl_alp.bmp
sna_mgs3_foot_ed_sub_ovl_alp.bmp_5ac67550c4a45cccc2805dfcb28f5a63
sna_mgs3_halo_belt_ch_ovl_alp.bmp
sna_mgs3_naked_belt.bmp_387276427ee88d88dbacbd0ae1f73fd7
sna_mgs3_naked_belt_ovl_sub_alp.bmp
sna_mgs3_naked_belt_tor.bmp
sna_mgs3_txd_arm.bmp
sna_mgs3_txd_collar.bmp
sna_mgs3_txd_collar_ovl_sub_alp.bmp
sna_mgs3_txd_jacket.bmp
sna_mgs3_txd_leg.bmp
sna_mgs3_txd_shirt.bmp
sna_mgs3_txd_shoe.bmp
sna_mgs3_wl_op.bmp_c4cd1b877fd963681314270df67dbdf8
sna_mgs3_wpl.bmp_c8270b421a11c1d3172eaaa68ef98ee7
sna_mnt_arm_def.bmp
sna_mnt_boots_sub_ovl_alp.bmp
sna_mnt_rogo_ovl_alp.bmp
sna_mnt_shl_def.bmp
sna_naked_belt_ovl_sub_alp.bmp
sna_naked_belt_waist.bmp
sna_naked_body_sta_ovl_alp.bmp
sna_para_main_ovl_alp.bmp
sna_radio_b_ante.bmp
sna_rai_face_def_sub_ovl_alp.bmp
sna_scr_brunch.bmp
sna_ss_arm.bmp
sna_ss_belt_body.bmp
sna_ss_belt_crotch.bmp
sna_ss_belt_waist.bmp
sna_ss_body.bmp
sna_ss_finger.bmp
sna_ss_knee.bmp
sna_ss_side.bmp
sna_ss_text_ovl_alp.bmp
sna_ss_thigh.bmp
sna_ss_thigh_ovl_add_alp.bmp
sna_suit_fox_ovl_alp.bmp
sna_vr_hair_back_ovl_alp.bmp
sna_wor_def_boots1_ovl_sub_alp.bmp
sna_wor_def_boots2_ovl_sub_alp.bmp
sna_wor_def_shatu_sub_ovl_alp.bmp
sna_wor_white_armband_alp_ovl.bmp
sng_def_fbody.bmp
sng_def_ubody.bmp
snok_a.bmp
snok_label_alp_ovl.bmp
sofa_under1.bmp
sokorof_family_01.bmp
sor_board_01.bmp
spook.bmp
spook.bmp_5a899afde49a913a5843487f2d10e7f5
stage_vva_body.bmp
stage_vva_enjinp_a.bmp
stage_vva_fenjin.bmp
stage_vva_fowgia_a.bmp
stage_vva_fowgia_b.bmp
stage_vva_had_a.bmp
stage_vva_hara.bmp
stage_vva_hbiyoku.bmp
stage_vva_madon.bmp
stage_vva_mainwing_a.bmp
stage_vva_mainwing_b.bmp
stage_vva_mainwing_c.bmp
stage_vva_renjin.bmp
stage_vva_rhacchi.bmp
stage_vva_senaka.bmp
stage_vva_taiya.bmp
stage_vva_vbiyoku.bmp
stone_boss_text00_alp_ovl.bmp
stone_boss_text01_alp_ovl.bmp
storehouse_box02top.bmp
storehouse_box02top.bmp_f9e81dfba86df41be0a15367954216a6
storehouse_boxb02side.bmp
storehouse_boxb02top.bmp
storehouse_boxb02top.bmp_9eed08cdaac638aca4ced898ebb6f461
storehouse_brkbox02front.bmp
storehouse_brkbox02side.bmp
storehouse_brkbox02side.bmp_2f9b438c44a1b8ae9e57d0047248b261
storehouse_brkbox02top.bmp
storehouse_brkflour00.bmp
storehouse_brkflour00.bmp_56043cbc1a72ac0316a55815c22cda5a
storehouse_brkkan00.bmp
storehouse_brkpaper00_alp_ovl.bmp
storehouse_brkshelf00.bmp
storehouse_brkwall02.bmp
storehouse_flour00.bmp
storehouse_flour00.bmp_47a7a65661fd90b0a81f54b93b4bf59e
storehouse_kan00.bmp_15a526953817a450674cfc646a44fc85
storehouse_mark00_alp_ovl.bmp
storehouse_mark00_alp_ovl.bmp_51cc6e37cbeb7c61ba2a78e75ea736be
storehouse_mark00_alp_ovl.bmp_552ab5134217f9add4668bc3dabd5e7f
storehouse_paper00_alp_ovl.bmp
storehouse_paper00_alp_ovl.bmp_fca5cbc5860927391f4e56fb5dfce648
storehouse_plt00.bmp_acf98364b51a52714d56c2536eb758a2
storehouse_sdwbrk01_alp_ovl.bmp
storehouse_sdwbrk02_alp_ovl.bmp
stun_a.bmp
stun_label_alp_ovl.bmp
sub_maga_item.bmp
susb_wire2_iron.bmp
susb_wire2_iron.bmp_92d9c67ae0a8599113e65c5f3e4232f9
t20d_shitakusa_ik_alp_ovl.bmp
tablewood_cast00.bmp
tablewood_top_256.bmp_01112dee250e130a12b541a06712af20
tai_def_body.bmp
taiya.bmp
taiya_bre.bmp
taiya_sub_ovl_alp.bmp
taiyabase.bmp_a11c2814a15fd970457482377d756b1c
tank_break_left.bmp
tank_break_left_alp_ovl.bmp
tank_break_right.bmp
tape_alp_ovl.bmp
tape_break.bmp
teallamp.bmp
teallamp.bmp_dba50e6cbe3e141d31988b35585846d4
teallamp_radiation_ovl_alp.bmp
test2_add_alp.trans.bmp
text_red00_alp_ovl.bmp
thu_body_def_sub_ovl_alp.bmp
thu_coat_foot_sole_ovl_add_alp.bmp
thu_coat_toe_ovl_add_alp.bmp
thu_mgs3_body_rog_ovl_alp.bmp
thu_mgs3_face_hard_sub_ovl_alpx2.bmp
thu_mtg_alp_ovl.bmp
toilet_a03.bmp
toilet_a03.bmp_71b073c47c454e4fd822409ce41733b5
toilet_a05.bmp
toilet_wash00.bmp
tr_head04_alp_ovl.bmp
tr_kage01_alp_ovl.bmp
tr_kage01_alp_ovl.bmp_24edcc8d309aca356af26bbd0f032127
tr_kage01_alp_ovl.bmp_8de73370a77ed88daf066e07b3d305c5
tr_kage02_alp_ovl.bmp
tr_kage02_alp_ovl.bmp_122b310f446da5513b21d5bb172366d9
tr_kage02_alp_ovl.bmp_50a362d4da41361aaef78b9a805082a4
tr_kage03_alp_ovl.bmp
tr_kage04_alp_ovl.bmp
trap_hookrope.bmp
tsu_def_body.bmp
tsu_def_body_ovl_sub_alp.bmp
twn_def_body.bmp
urel_ber.bmp
usu_tree_branch00_alp_ovl.bmp
usu_tree_branch01_alp_ovl.bmp
vip_b_body.bmp
vip_b_face.bmp
vip_b_nekutai.bmp
vip_b_shats.bmp
vip_c_body.bmp
vip_c_face.bmp
vip_c_nekutai.bmp
vip_c_shats.bmp
vip_def_body.bmp
vip_def_dmo_body.bmp
vip_def_ovl_sub_alp_ovl.bmp
vva_break_b.bmp
vva_break_body.bmp
vva_break_enjin_a_alp_ovl.bmp
vva_break_enjin_a_alp_ovl.bmp_3c979f2fb85143b69118752a5d02b578
vva_break_enjin_b_alp_ovl.bmp
vva_break_enjin_c_alp_ovl.bmp
vva_break_hatch_a.bmp
vva_break_hatch_b.bmp
vva_break_jet_mount.bmp
vva_first_aid_kit_alp_ovl.bmp
vva_shadow_f_alp_add_ovl.bmp
vva_taiya.bmp
w121a_mecha_alp_ovl_03.bmp
w121a_speaker_01.bmp
w122a_floor_alp_ovl_01.bmp
w122a_floor_alp_ovl_04.bmp
w122a_floor_alp_ovl_06.bmp
w122a_font_alp_ovl_01.bmp
w122a_font_alp_ovl_02.bmp
w122a_mecha_02.bmp
w122a_mecha_03.bmp
w122a_mecha_10.bmp
w122a_mecha_11.bmp
w122a_mecha_17.bmp
w122a_mecha_21.bmp
w122a_mecha_alp_ovl_11.bmp
w122a_mecha_alp_ovl_12.bmp
w122a_mecha_alp_ovl_12.bmp_4e315f4933f3cbf837797ef3d74a056f
w122a_mecha_alp_ovl_13.bmp
w122a_mecha_alp_ovl_19.bmp
w122a_sdw_alp_ovl_02.bmp
w122a_sdw_alp_ovl_05.bmp
w122a_sdw_alp_ovl_06.bmp
w12b1_pipe_dodai_05.bmp
w12b1_pipe_dodai_05.bmp_456e5c3b9d35ae442ddce03e56ee1382
w12b1_pipe_dodai_06.bmp
w22a1g_tana01_03.bmp
w22a1h_box02.bmp
waiyer.bmp
waiyer.bmp_b6576e4ae64331e70f76f223fbd17930
walllighta01_alp_ovl.bmp
walllighta01_alp_ovl.bmp_3b5912247c27301fda9b2211292cfe27
walllighta02.bmp
walllighta03.bmp
walllighta04.bmp
walllighta_sdw0_alp_ovl.bmp
wigbody01.bmp
wigbody01.bmp_56de35a88f0c7896cc657721d449387e
wighad01.bmp_198cf8ae91aed6c4323f30804b24922e
wighad01.bmp_5405928570425eb68b17c7c1b9cb8e9e
wighara.bmp_ae8be5abb4466fb653fcbad30a0decc4
wigsenaka.bmp
will_kanagu.bmp
window01_alp_ovl.bmp
window_a.bmp
winef00_add_alp.trans.bmp
winker.bmp
wor_def_boots1.bmp
wor_def_boots1_ovl_sub_alp.bmp
wor_def_boots2.bmp
wor_def_boots2_ovl_sub_alp.bmp
wor_def_boots3.bmp
wor_def_eye_close.bmp
wor_def_eye_def.bmp
wor_def_eye_mu.bmp
wor_def_eye_open.bmp
wor_def_eye_pain.bmp
wor_def_eye_white.bmp
wor_def_leg.bmp
wor_def_pen.bmp
wor_def_pen_ovl_mod1120_alp_emap.bmp
wor_def_shatu.bmp
wor_def_shurts.bmp
wor_def_staffproof.bmp
wor_def_white.bmp
wor_def_white_dmo.bmp
wor_pendulum_eye.bmp
wor_pendulum_facedam_ovl_alp.bmp
wor_pendulum_shatu.bmp
wor_pendulum_staffproof.bmp
wor_sam_eye_def_a.bmp
wor_sam_eye_pain_a.bmp
wor_sam_eye_white_a.bmp
wor_suspend_boots3.bmp
wor_suspend_eye.bmp
wor_suspend_facedam_ovl_alp.bmp
wor_suspend_foot1.bmp
wor_suspend_foot2.bmp
wor_suspend_shurts.bmp
wor_suspend_white.bmp
wor_white_armband_alp_ovl.bmp
wor_white_botan_ovl_alp.bmp
wp_grd_a.bmp
wp_label_alp_ovl.bmp
xry_bee_body_ovl_alp.bmp
xry_bones.bmp
xry_bones.bmp_cd88d9a83f19c4aea2170db42c32b947
xry_buckbone.bmp
xry_buckbone.bmp_757b15579b5f0f455b392ebc3a72b2d4
xry_bust_ovl_alp.bmp
xry_crack.bmp
xry_lch_ovl_alp.bmp
yf_label_b_alp_ovl.bmp
yf_mark_a_alp_ovl.bmp
yk1.bmp
yk2.bmp
zro_def_body.bmp
zro_def_boot.bmp
zro_def_hair_fro_ovl_alp.bmp
zro_def_leg.bmp
zro_def_waist.bmp
zro_suit_dmo_idcard.bmp
zro_suit_dmo_suits.bmp
zro_suit_dmo_suits_ovl_alp_add.bmp
