004f81a4
005fcd31
0086d398
00ebff69
a123_mog_rail_rep_02.bmp
armory_ceil01_rep.bmp
armory_door01_rep.bmp
armory_doorframe02_rep.bmp
armory_pipe00_rep.bmp
book_side00.bmp_805a7428be9afac2a6f5f5854302bdaf
cave_bornyou_a02_rep_alp_ovl.bmp
cave_darkbluetex_rep.bmp
cave_orangetex_rep.bmp
cave_tree_a03_alp_ovl_rep.bmp
cave_tree_a04_alp_ovl_rep.bmp
cave_whitetex_rep.bmp
comp_pipe_b00_rep.bmp
ggbrk_fencea_rep.bmp
hangar_03_rep.bmp
hangar_03_rep.bmp_ad6818df324ce00558fd59c1487cdc5d
hangar_05_rep.bmp
hangar_06_decal_alp_ovl_rep.bmp
light_a00_add_alp_rep.trans.bmp
m_rocksukima_a01_alp_ovl_rep.bmp
mog_crane_alp_ovl_rep_10.bmp
mog_duct_rep_01.bmp
mog_floor_alp_ovl_rep_17.bmp
mog_floor_alp_ovl_rep_18.bmp
mog_floor_rep_03.bmp
mog_floor_rep_06.bmp
mog_floor_rep_08.bmp
mog_floor_rep_10.bmp
mog_floor_rep_10.bmp_bbea1c282b75f4ab89976b8ecc460cc0
mog_floor_rep_12.bmp
mog_floor_rep_14.bmp
mog_floor_rep_17.bmp
mog_ladder_rep_02.bmp
mog_line_alp_ovl_rep_03.bmp
mog_obj_alp_ovl_rep_01.bmp
mog_pillar_rep_03.bmp
mog_rail_rep_03.bmp
mog_roof_rep_04.bmp
mog_sdw_alp_ovl_rep_04.bmp
mog_wall_rep_14.bmp
mog_wire_alp_ovl_rep_02.bmp
s001a_fog_add_alp_ovl_rep.bmp
s002a_leafless_tree_dmg_rep.bmp
s002a_leafless_tree_rep.bmp
s006a_amadoi_rep.bmp
s006a_bed02_rep.bmp
s006a_bedspring_alp_ovl_rep.bmp
s006a_conc01_brk1_rep.bmp
s006a_frame1_rep.bmp
s006a_frame2_rep.bmp
s006a_gateflr_conc01_rep.bmp
s006a_iron_pillar1_rep_alp_ovl.bmp
s006a_pillar1_rep.bmp
s006a_roof2_rep.bmp
s006a_shelf_foot1_rep.bmp
s006a_shelf_wire_alp_ovl_rep.bmp
s006a_step_tesuri2_rep.bmp
s006a_step_tesuri3_rep.bmp
s006a_winf_side_alp_ovl_rep.bmp
s007a_eda_a02_1_alp_ovl_rep.bmp
s007a_eda_a02_2_alp_ovl_rep.bmp
s007a_tree_a03_rep.bmp
s007a_tree_a04_rep.bmp
s007a_tree_a06_rep.bmp
s012a_wire1_rep.bmp
s021a_fog_add_alp_ovl_rep.bmp
s022a_wall_rep04.bmp
s033a_dayleaf02_alp_ovl_rep.bmp
s033a_evenningleaf02_alp_ovl_rep.bmp
s033a_nightleaf02_alp_ovl_rep.bmp
s044a_flpnl00b_rep.bmp
s044a_flrusty00_rep.bmp
s045a_rusty00_rep.bmp
s051a_44wall03b_rep.bmp
s052a_bbwire_rep_alp_ovl_01.bmp
s052a_hashira_01.bmp
s052a_renga_wall_03_rep.bmp
s052a_renga_wall_03_rep_new.bmp
s052a_renga_wall_04_rep.bmp
s052a_roof_01_rep.bmp
s052a_tile_floor_02_rep.bmp
s061a_tree_lit2_alpx2_ovl_rep_mod1001.bmp
s063a_enkei_fog_alp_ovl_rep.bmp
s066a_ladder00_rep.bmp
s072a_kage_a04_rep_alp_ovl.bmp
s072a_stone_a01_alp_ovl_rep.bmp
s072a_wood_ita01_rep.bmp
s073a_74bed_alp_ovl_rep.bmp
s073a_tika_01_alp_ovl_rep.bmp
s075a_mog_snow_alp_ovl_rep_02.bmp
s075a_mog_wall_alp_ovl_rep_02.bmp
s075a_mog_wall_alp_ovl_rep_04.bmp
s075a_mog_wall_alp_ovl_rep_07.bmp
s081a_mogi_dummy_moutain_alp_ovl_rep_01.bmp
s081a_mogi_floor_alp_ovl_rep_05.bmp
s081a_mogi_pipe_rep_01.bmp
s081a_mogi_pipe_rep_04.bmp
s081a_mogi_pipe_rep_05.bmp
s081a_mogi_pipe_rep_06.bmp
s081a_mogi_rail_rep_01.bmp
s081a_mogi_rubble_rep_03.bmp
s081a_mogi_sdw_alp_ovl_rep_10.bmp
s081a_mogi_sewer_rep_01.bmp
s081a_mogi_wall_alp_ovl_rep_07.bmp
s081a_mogi_wire_alp_ovl_rep_01.bmp
s091a_bwlighta_rep.bmp
s091a_bwwalla_rep.bmp
s091a_fl03b_rep.bmp
s091a_fwinlightc_add_alp_ovl_rep.bmp
s091a_girdera_rep.bmp
s091a_mog_roof_rep_01.bmp
s091a_mog_roof_rep_01_16.bmp
s091a_mog_roof_rep_02.bmp
s091a_pipe00_rep.bmp
s091a_tanka2_rep.bmp
s091a_tanka_rep.bmp
s094a_wire00_alp_ovl_rep.bmp
s101a_door_floor_rep.bmp
s101a_wallup00_rep.bmp
s111a_cor_light_06_rep.bmp
s111a_heater_04_rep.bmp
s111a_s091a_fl03b_rep.bmp
s111a_s091a_hangar_roofd_rep.bmp
s111a_s091a_mog_roof_rep.bmp
s111a_s091a_sewerf00a_rep.bmp
s111a_s091a_tanka_rep.bmp
s111a_s091a_tettou_01_rep.bmp
s112a_deco_line_alp_ovl_rep.bmp
s112a_goumon_floor_03_alp_ovl_rep.bmp
s112a_goumon_rail_05_alp_ovl_rep.bmp
s113a_flpnl00a_rep.bmp
s113a_flrusty01a_rep.bmp
s121a_cloth_alp_ovl_rep_01.bmp
s121a_mog_wall_alp_ovl_rep_02.bmp
s121a_mogi_sdw_alp_ovl_rep_10.bmp
s123_mog_stain_alp_ovl_rep_03.bmp
s123_mog_wall_rep_02.bmp
s123_mog_wall_rep_05.bmp
s123_mog_wall_rep_07.bmp
s123a_mog_pillar_rep_02.bmp
s123a_mog_pillar_rep_03.bmp
s123a_mog_pillar_rep_03.bmp_1d2992e58d8559556f8b84c67a16cdab
s131a_black_a02_alp_ovl_rep.bmp
s131a_mo_floor_rep_01.bmp
s131a_mo_obj_rep_04.bmp
s131a_mo_river_add_alp_rep_03.trans.bmp
s131a_riverside_a03_alp_ovl_rep.bmp
s131a_sugi_02_alp_ovl_rep.bmp
s131a_sugi_03_alp_ovl_rep.bmp
s151a_demo_suimen_alp_ovl_rep.bmp
s151a_shadow_a01_alp_ovl_rep.bmp
s151a_treesfc_a01_alp_ovl_rep.bmp
s152a_fence_03_alp_ovl_rep.bmp
s152a_fence_03_alp_ovl_rep.bmp_3ecc7608c39f84d25e8df8cf029538a4
s152a_pipe_01_rep.bmp
s152a_room_pipe02_01_rep.bmp
s152a_room_pipe_02_rep.bmp
s152a_room_wall_04_rep.bmp
s152a_wall_tunagi_alp_ovl_rep.bmp
s161a_chosui_01_rep.bmp
s161a_house_01_rep.bmp
s161a_house_01_rep.bmp_2d1cadd1f2972966a772a982f85710e1
s161a_house_01_rep.bmp_80d86cb7e42a6cdc368aa6735fe6fa19
s161a_house_10_rep.bmp
s161a_house_10_rep.bmp_bc805a08e74ef86933157a1af084080d
s161a_p2_mog_crane_brk_rep_01.bmp
s161a_p2_mog_crane_brk_rep_02.bmp
s161a_tent_02_rep.bmp
s161a_tesuri_01_alp_ovl_rep.bmp
s161a_tettou_01_rep.bmp
s161a_tettou_01_rep.bmp_136e2320a81eca995f9beb4d5535ba44
s161a_tettou_02_rep.bmp
s161a_tettou_05_alp_ovl_rep.bmp
s161a_yagura_03_rep.bmp
s161a_yagura_03_rep.bmp_2daab4f4d4547004497b709cb182ebed
s161a_yagura_09_rep.bmp
s161a_zaimoku_02_rep.bmp_245bf221c3ef701641d981878923f889
s161ap0_bkducta_rep.bmp
s161ap0_insideflb_rep.bmp
s161ap0_insidefld_alp_ovl_rep.bmp
s161ap0_rail_rep_alp_ovl.bmp
s161ap0_roofinside_rep.bmp
s161ap0_s121a_craneh_rep.bmp
s161ap0_s121a_fla_rep.bmp
s161ap0_s121a_pipea_rep.bmp
s161ap0_s121a_walle_rep.bmp
s161ap0_s121a_wallg_rep.bmp
s161ap0_s121a_walli_rep.bmp
s161ap1_irona_rep.bmp
s162_control_tower_06_rep.bmp
s162a_deco_number_06_rep_alp_ovl.bmp
s162a_light_01_rep.bmp
s164a_gate_house_01_rep.bmp
s164a_gate_house_04_rep.bmp
s171a_conc01_rep.bmp
s171a_mo_pillar_rep_06.bmp
s171a_mo_sdw_alp_ovl_rep_11.bmp
s171a_mo_snow_rep_alp_ovl_01.bmp
s181a_eda_1_a02_1_alp_ovl_rep.bmp
s181a_eda_1_a02_2_alp_ovl_rep.bmp
s181a_tree_1_a01_rep.bmp
s181a_tree_1_a02_rep.bmp
s201a_thin_tree1_rep.bmp
s222a_room_wall_03_rep.bmp
s22a_mog_bed_03_rep.bmp
s22a_mog_code_alp_ovl_rep_02.bmp
s22a_mog_obj_alp_ovl_rep_18.bmp
s22a_mog_tana_rep_01.bmp
s71a_doorwall_a01_rep.bmp
s72a_wallbrk_a03_rep_alp_ovl.bmp
taki_tuta_a03_alp_ovl_rep.bmp
v000a_enkei_gld_a01_alp_ovl_rep.bmp
v000a_enkei_slt_a02_alp_ovl_rep.bmp
v000a_enkei_slt_a03_alp_ovl_rep.bmp
v007a_tettou_a01_alp_ovl_rep.bmp

----------

Stage mismatch counts:
  STAGE: s121a_1: 30
  STAGE: s121a_0: 28
  STAGE: s161a_0: 28
  STAGE: s162a: 28
  STAGE: s162a_0: 27
  STAGE: s163a: 27
  STAGE: s075a: 23
  STAGE: s075a_0: 23
  STAGE: s121a: 23
  STAGE: s161a_2: 22
  STAGE: s081a: 21
  STAGE: s091a: 20
  STAGE: s091b: 20
  STAGE: s091c: 20
  STAGE: s093a: 18
  STAGE: s093b: 18
  STAGE: s093c: 18
  STAGE: s094a: 18
  STAGE: s094b: 18
  STAGE: s094c: 18
  STAGE: s006a_0: 17
  STAGE: s092a: 17
  STAGE: s092a_0: 17
  STAGE: s092b: 17
  STAGE: s092c: 17
  STAGE: s161a: 17
  STAGE: s006a: 16
  STAGE: s006b: 16
  STAGE: s091a_0: 16
  STAGE: s161a_1: 16
  STAGE: v006a: 16
  STAGE: v006a_0: 16
  STAGE: v006b: 16
  STAGE: s122a: 15
  STAGE: s111a: 14
  STAGE: s164a_0: 14
  STAGE: s022a: 13
  STAGE: s093a_0: 13
  STAGE: s081a_0: 12
  STAGE: s163a_0: 11
  STAGE: s033a: 10
  STAGE: s052b: 10
  STAGE: s111a_0: 10
  STAGE: s052a: 8
  STAGE: s073a: 8
  STAGE: s073b: 8
  STAGE: s131a_0: 8
  STAGE: s163b: 8
  STAGE: s063a: 7
  STAGE: s063a_0: 7
  STAGE: s063b: 7
  STAGE: s152a: 7
  STAGE: s171a: 7
  STAGE: s171b: 7
  STAGE: v007a_0: 7
  STAGE: s064a: 6
  STAGE: s064a_0: 6
  STAGE: s064b: 6
  STAGE: s072a: 6
  STAGE: s072b: 6
  STAGE: s112a: 6
  STAGE: s112a_0: 6
  STAGE: s113a: 6
  STAGE: s171a_0: 6
  STAGE: s171b_0: 6
  STAGE: v007a: 6
  STAGE: s000a_1: 5
  STAGE: s065a: 5
  STAGE: s065a_0: 5
  STAGE: s065b: 5
  STAGE: s151a_0: 5
  STAGE: s211a_0: 5
  STAGE: s211a_3: 5
  STAGE: s032a: 4
  STAGE: s053a: 4
  STAGE: s056a: 4
  STAGE: s151a: 4
  STAGE: s152a_0: 4
  STAGE: s201a: 4
  STAGE: s201a_0: 4
  STAGE: s201a_1: 4
  STAGE: v000a_1: 4
  STAGE: v008a_0: 4
  STAGE: s002a: 3
  STAGE: s012a: 3
  STAGE: s021a: 3
  STAGE: s031a: 3
  STAGE: s032b: 3
  STAGE: s032b_0: 3
  STAGE: s042a: 3
  STAGE: s044a: 3
  STAGE: s044a_0: 3
  STAGE: s045a: 3
  STAGE: s054a_0: 3
  STAGE: s066a: 3
  STAGE: s071a: 3
  STAGE: s074a: 3
  STAGE: s074a_0: 3
  STAGE: s101a: 3
  STAGE: s101a_0: 3
  STAGE: s101b: 3
  STAGE: s181a: 3
  STAGE: s183a: 3
  STAGE: v000a_0: 3
  STAGE: s000a_0: 2
  STAGE: s001a: 2
  STAGE: s004a: 2
  STAGE: s004a_0: 2
  STAGE: s043a: 2
  STAGE: s043a_0: 2
  STAGE: s051a: 2
  STAGE: s051b: 2
  STAGE: s051b_0: 2
  STAGE: s061a: 2
  STAGE: s223a_0: 2
  STAGE: v001a: 2
  STAGE: v001a_0: 2
  STAGE: ending: 1
  STAGE: s003a: 1
  STAGE: s005a: 1
  STAGE: s023a: 1
  STAGE: s023a_0: 1
  STAGE: s041a: 1
  STAGE: s055a: 1
  STAGE: s062a: 1
  STAGE: s141a: 1
  STAGE: s141a_0: 1
  STAGE: s182a: 1
  STAGE: s191a: 1
  STAGE: s191a_0: 1
  STAGE: s191b: 1
  STAGE: s192a: 1
  STAGE: s192a_0: 1
  STAGE: s211a: 1
  STAGE: s211a_1: 1
  STAGE: s221a_0: 1
  STAGE: theater: 1
  STAGE: title: 1
  STAGE: v003a: 1
  STAGE: v004a: 1
  STAGE: v004a_0: 1
  STAGE: v005a: 1
  STAGE: v005a_0: 1
  STAGE: v005a_1: 1
  STAGE: v005a_2: 1
  SLOT: 727 [demo_m440_m450-m450_040_p030]: 1
  SLOT: 203 [maintitle-layer_choco]: 1
  SLOT: 408 [maintitle-layer_hornet]: 1
  SLOT: 522 [maintitle-layer_kyle]: 1
  SLOT: 403 [maintitle-layer_leaf]: 1
  SLOT: 016 [maintitle-layer_moss]: 1
  SLOT: 321 [maintitle-layer_plain]: 1
  SLOT: 262 [maintitle-layer_rain]: 1
  SLOT: 027 [maintitle-layer_snake]: 1
  SLOT: 332 [maintitle-layer_snow]: 1
  SLOT: 258 [maintitle-layer_spider]: 1
  SLOT: 432 [maintitle-layer_spirit]: 1
  SLOT: 062 [maintitle-layer_split]: 1
  SLOT: 348 [maintitle-layer_tiger]: 1
  SLOT: 387 [maintitle-layer_water]: 1

----------

NORMAL STAGES:

=== STAGE: s121a_1 (30 mismatched) ===
  -- TRI: 3ec511 (1) --
    837ea4 | 005fcd31

  -- TRI: fcfe17 (20) --
    4519ec | mog_crane_alp_ovl_rep_10.bmp
    b4dc16 | mog_duct_rep_01.bmp
    aedb5d | mog_floor_alp_ovl_rep_18.bmp
    705320 | mog_floor_rep_03.bmp
    705323 | mog_floor_rep_06.bmp
    705325 | mog_floor_rep_08.bmp
    70533d | mog_floor_rep_10.bmp_bbea1c282b75f4ab89976b8ecc460cc0
    70533f | mog_floor_rep_12.bmp
    705341 | mog_floor_rep_14.bmp
    705344 | mog_floor_rep_17.bmp
    f78d8b | mog_ladder_rep_02.bmp
    c5aa49 | mog_line_alp_ovl_rep_03.bmp
    3a9c4e | mog_rail_rep_03.bmp
    006c51 | mog_roof_rep_04.bmp
    779d5e | mog_sdw_alp_ovl_rep_04.bmp
    3d9c83 | mog_wall_rep_14.bmp
    742f64 | s101a_door_floor_rep.bmp
    476274 | s121a_cloth_alp_ovl_rep_01.bmp
    31f70c | s121a_mog_wall_alp_ovl_rep_02.bmp
    d42f86 | s121a_mogi_sdw_alp_ovl_rep_10.bmp

  -- TRI: fcfe19 (3) --
    f3d1ad | mog_pillar_rep_03.bmp
    3a9c4e | mog_rail_rep_03.bmp
    20d6e9 | s123a_mog_pillar_rep_03.bmp_1d2992e58d8559556f8b84c67a16cdab

  -- TRI: fcfe1a (6) --
    f78d8b | mog_ladder_rep_02.bmp
    771af3 | mog_obj_alp_ovl_rep_01.bmp
    3a9c4e | mog_rail_rep_03.bmp
    f1ae48 | mog_wire_alp_ovl_rep_02.bmp
    82efcd | s081a_mogi_pipe_rep_04.bmp
    d42f86 | s121a_mogi_sdw_alp_ovl_rep_10.bmp


=== STAGE: s121a_0 (28 mismatched) ===
  -- TRI: 3ec511 (1) --
    837ea4 | 005fcd31

  -- TRI: fcfe17 (20) --
    4519ec | mog_crane_alp_ovl_rep_10.bmp
    b4dc16 | mog_duct_rep_01.bmp
    aedb5d | mog_floor_alp_ovl_rep_18.bmp
    705320 | mog_floor_rep_03.bmp
    705323 | mog_floor_rep_06.bmp
    705325 | mog_floor_rep_08.bmp
    70533d | mog_floor_rep_10.bmp_bbea1c282b75f4ab89976b8ecc460cc0
    70533f | mog_floor_rep_12.bmp
    705341 | mog_floor_rep_14.bmp
    705344 | mog_floor_rep_17.bmp
    f78d8b | mog_ladder_rep_02.bmp
    c5aa49 | mog_line_alp_ovl_rep_03.bmp
    3a9c4e | mog_rail_rep_03.bmp
    006c51 | mog_roof_rep_04.bmp
    779d5e | mog_sdw_alp_ovl_rep_04.bmp
    3d9c83 | mog_wall_rep_14.bmp
    742f64 | s101a_door_floor_rep.bmp
    476274 | s121a_cloth_alp_ovl_rep_01.bmp
    31f70c | s121a_mog_wall_alp_ovl_rep_02.bmp
    d42f86 | s121a_mogi_sdw_alp_ovl_rep_10.bmp

  -- TRI: fcfe18 (7) --
    f78d8b | mog_ladder_rep_02.bmp
    771af3 | mog_obj_alp_ovl_rep_01.bmp
    f3d1ad | mog_pillar_rep_03.bmp
    3a9c4e | mog_rail_rep_03.bmp
    f1ae48 | mog_wire_alp_ovl_rep_02.bmp
    82efcd | s081a_mogi_pipe_rep_04.bmp
    d42f86 | s121a_mogi_sdw_alp_ovl_rep_10.bmp


=== STAGE: s161a_0 (28 mismatched) ===
  -- TRI: 3ec511 (1) --
    837ea4 | 005fcd31

  -- TRI: a7b7f9 (2) --
    eaf78f | s091a_mog_roof_rep_02.bmp
    8fac08 | s161ap0_roofinside_rep.bmp

  -- TRI: a7b7fa (15) --
    acaf78 | hangar_03_rep.bmp
    ccaf78 | hangar_05_rep.bmp
    a478b0 | hangar_06_decal_alp_ovl_rep.bmp
    be6ba9 | s091a_fl03b_rep.bmp
    7f44f0 | s091a_girdera_rep.bmp
    f072a0 | s161a_chosui_01_rep.bmp
    6e4dbb | s161a_house_01_rep.bmp
    4bc326 | s161a_tent_02_rep.bmp
    0be135 | s161a_tettou_01_rep.bmp_136e2320a81eca995f9beb4d5535ba44
    1be135 | s161a_tettou_02_rep.bmp
    4e8f01 | s161a_yagura_03_rep.bmp_2daab4f4d4547004497b709cb182ebed
    ae8f01 | s161a_yagura_09_rep.bmp
    fbec1b | s161ap0_insideflb_rep.bmp
    f0856b | s161ap0_insidefld_alp_ovl_rep.bmp
    485f8f | s161ap0_rail_rep_alp_ovl.bmp

  -- TRI: a7b7fb (10) --
    4519ec | mog_crane_alp_ovl_rep_10.bmp
    3a9c4e | mog_rail_rep_03.bmp
    fe9f74 | s161ap0_bkducta_rep.bmp
    fbec1b | s161ap0_insideflb_rep.bmp
    18cd52 | s161ap0_s121a_craneh_rep.bmp
    e93c90 | s161ap0_s121a_fla_rep.bmp
    e94c7d | s161ap0_s121a_pipea_rep.bmp
    300b8c | s161ap0_s121a_walle_rep.bmp
    500b8c | s161ap0_s121a_wallg_rep.bmp
    700b8c | s161ap0_s121a_walli_rep.bmp


=== STAGE: s162a (28 mismatched) ===
  -- TRI: 3ec511 (1) --
    837ea4 | 005fcd31

  -- TRI: a7b7fa (14) --
    ccaf78 | hangar_05_rep.bmp
    a478b0 | hangar_06_decal_alp_ovl_rep.bmp
    442e0e | s091a_bwwalla_rep.bmp
    be6ba9 | s091a_fl03b_rep.bmp
    7f44f0 | s091a_girdera_rep.bmp
    eaf78f | s091a_mog_roof_rep_02.bmp
    f072a0 | s161a_chosui_01_rep.bmp
    0be135 | s161a_tettou_01_rep.bmp
    1be135 | s161a_tettou_02_rep.bmp
    4e8f01 | s161a_yagura_03_rep.bmp_2daab4f4d4547004497b709cb182ebed
    fe9f74 | s161ap0_bkducta_rep.bmp
    fbec1b | s161ap0_insideflb_rep.bmp
    f0856b | s161ap0_insidefld_alp_ovl_rep.bmp
    485f8f | s161ap0_rail_rep_alp_ovl.bmp

  -- TRI: a7b7fb (8) --
    acaf78 | hangar_03_rep.bmp
    ccaf78 | hangar_05_rep.bmp
    a478b0 | hangar_06_decal_alp_ovl_rep.bmp
    f072a0 | s161a_chosui_01_rep.bmp
    6e4dbb | s161a_house_01_rep.bmp_80d86cb7e42a6cdc368aa6735fe6fa19
    0be135 | s161a_tettou_01_rep.bmp
    1be135 | s161a_tettou_02_rep.bmp
    4e8f01 | s161a_yagura_03_rep.bmp_2daab4f4d4547004497b709cb182ebed

  -- TRI: a7b7fd (1) --
    e3c7a1 | s162a_light_01_rep.bmp

  -- TRI: a7b7fe (4) --
    6e4dbb | s161a_house_01_rep.bmp_80d86cb7e42a6cdc368aa6735fe6fa19
    4bc326 | s161a_tent_02_rep.bmp
    4e8f01 | s161a_yagura_03_rep.bmp_2daab4f4d4547004497b709cb182ebed
    ae8f01 | s161a_yagura_09_rep.bmp


=== STAGE: s162a_0 (27 mismatched) ===
  -- TRI: 3ec511 (1) --
    837ea4 | 005fcd31

  -- TRI: a7b7fb (13) --
    acaf78 | hangar_03_rep.bmp
    ccaf78 | hangar_05_rep.bmp
    a478b0 | hangar_06_decal_alp_ovl_rep.bmp
    f072a0 | s161a_chosui_01_rep.bmp
    6e4dbb | s161a_house_01_rep.bmp
    4bc326 | s161a_tent_02_rep.bmp
    059801 | s161a_tesuri_01_alp_ovl_rep.bmp
    0be135 | s161a_tettou_01_rep.bmp_136e2320a81eca995f9beb4d5535ba44
    1be135 | s161a_tettou_02_rep.bmp
    4e8f01 | s161a_yagura_03_rep.bmp_2daab4f4d4547004497b709cb182ebed
    ae8f01 | s161a_yagura_09_rep.bmp
    32c8fc | s162a_deco_number_06_rep_alp_ovl.bmp
    e3c7a1 | s162a_light_01_rep.bmp

  -- TRI: a7b7fc (12) --
    ccaf78 | hangar_05_rep.bmp
    a478b0 | hangar_06_decal_alp_ovl_rep.bmp
    442e0e | s091a_bwwalla_rep.bmp
    7f44f0 | s091a_girdera_rep.bmp
    eaf78f | s091a_mog_roof_rep_02.bmp
    f072a0 | s161a_chosui_01_rep.bmp
    0be135 | s161a_tettou_01_rep.bmp
    1be135 | s161a_tettou_02_rep.bmp
    4e8f01 | s161a_yagura_03_rep.bmp_2daab4f4d4547004497b709cb182ebed
    fbec1b | s161ap0_insideflb_rep.bmp
    f0856b | s161ap0_insidefld_alp_ovl_rep.bmp
    485f8f | s161ap0_rail_rep_alp_ovl.bmp

  -- TRI: e7e615 (1) --
    872bad | 005fcd31


=== STAGE: s163a (27 mismatched) ===
  -- TRI: 3ec511 (1) --
    837ea4 | 005fcd31

  -- TRI: a7b7f9 (9) --
    6e4dbb | s161a_house_01_rep.bmp
    17d1cb | s161a_tettou_05_alp_ovl_rep.bmp
    4e8f01 | s161a_yagura_03_rep.bmp_2daab4f4d4547004497b709cb182ebed
    ae8f01 | s161a_yagura_09_rep.bmp
    584b43 | s162_control_tower_06_rep.bmp
    e3c7a1 | s162a_light_01_rep.bmp
    d52a9f | s164a_gate_house_01_rep.bmp
    052aa0 | s164a_gate_house_04_rep.bmp
    c523e0 | s171a_conc01_rep.bmp

  -- TRI: a7b7fb (17) --
    acaf78 | hangar_03_rep.bmp
    7f44f0 | s091a_girdera_rep.bmp
    eaf78e | s091a_mog_roof_rep_01.bmp
    eaf78f | s091a_mog_roof_rep_02.bmp
    bc2397 | s091a_tanka_rep.bmp
    6e4dbb | s161a_house_01_rep.bmp
    5e4dbd | s161a_house_10_rep.bmp
    4bc326 | s161a_tent_02_rep.bmp
    059801 | s161a_tesuri_01_alp_ovl_rep.bmp
    0be135 | s161a_tettou_01_rep.bmp
    1be135 | s161a_tettou_02_rep.bmp
    4e8f01 | s161a_yagura_03_rep.bmp_2daab4f4d4547004497b709cb182ebed
    ae8f01 | s161a_yagura_09_rep.bmp
    f0856b | s161ap0_insidefld_alp_ovl_rep.bmp
    485f8f | s161ap0_rail_rep_alp_ovl.bmp
    8fac08 | s161ap0_roofinside_rep.bmp
    32c8fc | s162a_deco_number_06_rep_alp_ovl.bmp


=== STAGE: s075a (23 mismatched) ===
  -- TRI: 3ec511 (1) --
    837ea4 | 005fcd31

  -- TRI: 550236 (4) --
    232ee4 | s075a_mog_snow_alp_ovl_rep_02.bmp
    318b8c | s075a_mog_wall_alp_ovl_rep_02.bmp
    318b8e | s075a_mog_wall_alp_ovl_rep_04.bmp
    318b91 | s075a_mog_wall_alp_ovl_rep_07.bmp

  -- TRI: 550237 (14) --
    2fc31a | 005fcd31
    acaf78 | hangar_03_rep.bmp_ad6818df324ce00558fd59c1487cdc5d
    442e0e | s091a_bwwalla_rep.bmp
    be6ba9 | s091a_fl03b_rep.bmp
    7f44f0 | s091a_girdera_rep.bmp
    c8f7d1 | s091a_mog_roof_rep_01_16.bmp
    eaf78f | s091a_mog_roof_rep_02.bmp
    375cf4 | s094a_wire00_alp_ovl_rep.bmp
    6e4dbb | s161a_house_01_rep.bmp_2d1cadd1f2972966a772a982f85710e1
    5e4dbd | s161a_house_10_rep.bmp_bc805a08e74ef86933157a1af084080d
    4bc326 | s161a_tent_02_rep.bmp
    4e8f01 | s161a_yagura_03_rep.bmp_2daab4f4d4547004497b709cb182ebed
    ae8f01 | s161a_yagura_09_rep.bmp
    a54fd0 | s161a_zaimoku_02_rep.bmp_245bf221c3ef701641d981878923f889

  -- TRI: a7b7f8 (4) --
    f072a0 | s161a_chosui_01_rep.bmp
    0be135 | s161a_tettou_01_rep.bmp
    1be135 | s161a_tettou_02_rep.bmp
    4e8f01 | s161a_yagura_03_rep.bmp_2daab4f4d4547004497b709cb182ebed


=== STAGE: s075a_0 (23 mismatched) ===
  -- TRI: 3ec511 (1) --
    837ea4 | 005fcd31

  -- TRI: 4537de (11) --
    acaf78 | hangar_03_rep.bmp_ad6818df324ce00558fd59c1487cdc5d
    232ee4 | s075a_mog_snow_alp_ovl_rep_02.bmp
    318b8c | s075a_mog_wall_alp_ovl_rep_02.bmp
    318b8e | s075a_mog_wall_alp_ovl_rep_04.bmp
    318b91 | s075a_mog_wall_alp_ovl_rep_07.bmp
    6e4dbb | s161a_house_01_rep.bmp_2d1cadd1f2972966a772a982f85710e1
    5e4dbd | s161a_house_10_rep.bmp_bc805a08e74ef86933157a1af084080d
    4bc326 | s161a_tent_02_rep.bmp
    4e8f01 | s161a_yagura_03_rep.bmp_2daab4f4d4547004497b709cb182ebed
    ae8f01 | s161a_yagura_09_rep.bmp
    a54fd0 | s161a_zaimoku_02_rep.bmp_245bf221c3ef701641d981878923f889

  -- TRI: 4537df (7) --
    442e0e | s091a_bwwalla_rep.bmp
    be6ba9 | s091a_fl03b_rep.bmp
    cb695a | s091a_fwinlightc_add_alp_ovl_rep.bmp
    7f44f0 | s091a_girdera_rep.bmp
    c8f7d1 | s091a_mog_roof_rep_01_16.bmp
    eaf78f | s091a_mog_roof_rep_02.bmp
    375cf4 | s094a_wire00_alp_ovl_rep.bmp

  -- TRI: 4537e0 (4) --
    f072a0 | s161a_chosui_01_rep.bmp
    0be135 | s161a_tettou_01_rep.bmp
    1be135 | s161a_tettou_02_rep.bmp
    4e8f01 | s161a_yagura_03_rep.bmp_2daab4f4d4547004497b709cb182ebed


=== STAGE: s121a (23 mismatched) ===
  -- TRI: 3ec511 (1) --
    837ea4 | 005fcd31

  -- TRI: fcfe2d (20) --
    4519ec | mog_crane_alp_ovl_rep_10.bmp
    b4dc16 | mog_duct_rep_01.bmp
    aedb5d | mog_floor_alp_ovl_rep_18.bmp
    705320 | mog_floor_rep_03.bmp
    705323 | mog_floor_rep_06.bmp
    705325 | mog_floor_rep_08.bmp
    70533d | mog_floor_rep_10.bmp_bbea1c282b75f4ab89976b8ecc460cc0
    70533f | mog_floor_rep_12.bmp
    705341 | mog_floor_rep_14.bmp
    705344 | mog_floor_rep_17.bmp
    f78d8b | mog_ladder_rep_02.bmp
    c5aa49 | mog_line_alp_ovl_rep_03.bmp
    3a9c4e | mog_rail_rep_03.bmp
    006c51 | mog_roof_rep_04.bmp
    779d5e | mog_sdw_alp_ovl_rep_04.bmp
    3d9c83 | mog_wall_rep_14.bmp
    742f64 | s101a_door_floor_rep.bmp
    476274 | s121a_cloth_alp_ovl_rep_01.bmp
    31f70c | s121a_mog_wall_alp_ovl_rep_02.bmp
    d42f86 | s121a_mogi_sdw_alp_ovl_rep_10.bmp

  -- TRI: fcfe2f (2) --
    f3d1ad | mog_pillar_rep_03.bmp
    d8a042 | s111a_cor_light_06_rep.bmp


=== STAGE: s161a_2 (22 mismatched) ===
  -- TRI: 3ec511 (1) --
    837ea4 | 005fcd31

  -- TRI: 45aee1 (16) --
    851276 | a123_mog_rail_rep_02.bmp
    b4dc16 | mog_duct_rep_01.bmp
    aedb5c | mog_floor_alp_ovl_rep_17.bmp
    705320 | mog_floor_rep_03.bmp
    70533d | mog_floor_rep_10.bmp
    70533f | mog_floor_rep_12.bmp
    705341 | mog_floor_rep_14.bmp
    006c51 | mog_roof_rep_04.bmp
    3d9c83 | mog_wall_rep_14.bmp
    f1ae48 | mog_wire_alp_ovl_rep_02.bmp
    9663e5 | s123_mog_stain_alp_ovl_rep_03.bmp
    881293 | s123_mog_wall_rep_02.bmp
    881296 | s123_mog_wall_rep_05.bmp
    881298 | s123_mog_wall_rep_07.bmp
    20d6e8 | s123a_mog_pillar_rep_02.bmp
    20d6e9 | s123a_mog_pillar_rep_03.bmp

  -- TRI: 5f8b45 (1) --
    be6ba9 | s091a_fl03b_rep.bmp

  -- TRI: 989c87 (1) --
    eca48a | s081a_mogi_rubble_rep_03.bmp

  -- TRI: d64b3a (3) --
    705325 | mog_floor_rep_08.bmp
    2f11cd | s161a_p2_mog_crane_brk_rep_01.bmp
    2f11ce | s161a_p2_mog_crane_brk_rep_02.bmp


=== STAGE: s081a (21 mismatched) ===
  -- TRI: 3ec511 (1) --
    837ea4 | 005fcd31

  -- TRI: a7b7f9 (11) --
    59aca8 | armory_door01_rep.bmp
    2686c4 | armory_doorframe02_rep.bmp
    25a291 | mog_ladder_rep_02.bmp
    570cab | s081a_mogi_floor_alp_ovl_rep_05.bmp
    82efca | s081a_mogi_pipe_rep_01.bmp
    82efce | s081a_mogi_pipe_rep_05.bmp
    82efcf | s081a_mogi_pipe_rep_06.bmp
    7c27d1 | s081a_mogi_rail_rep_01.bmp
    d3c786 | s081a_mogi_sdw_alp_ovl_rep_10.bmp
    75ea11 | s081a_mogi_wall_alp_ovl_rep_07.bmp
    76efd3 | s081a_mogi_wire_alp_ovl_rep_01.bmp

  -- TRI: a7b7fa (9) --
    25a291 | mog_ladder_rep_02.bmp
    4130f1 | s081a_mogi_dummy_moutain_alp_ovl_rep_01.bmp
    570cab | s081a_mogi_floor_alp_ovl_rep_05.bmp
    82efca | s081a_mogi_pipe_rep_01.bmp
    82efcf | s081a_mogi_pipe_rep_06.bmp
    7c27d1 | s081a_mogi_rail_rep_01.bmp
    97ca2b | s081a_mogi_sewer_rep_01.bmp
    76efd3 | s081a_mogi_wire_alp_ovl_rep_01.bmp
    264c4e | s71a_doorwall_a01_rep.bmp


=== STAGE: s091a (20 mismatched) ===
  -- TRI: 3ec511 (1) --
    837ea4 | 005fcd31

  -- TRI: a7b7f9 (15) --
    2fc31a | 005fcd31
    ccaf78 | hangar_05_rep.bmp
    a478b0 | hangar_06_decal_alp_ovl_rep.bmp
    444c3b | s091a_bwlighta_rep.bmp
    442e0e | s091a_bwwalla_rep.bmp
    be6ba9 | s091a_fl03b_rep.bmp
    cb695a | s091a_fwinlightc_add_alp_ovl_rep.bmp
    7f44f0 | s091a_girdera_rep.bmp
    eaf78f | s091a_mog_roof_rep_02.bmp
    133462 | s091a_pipe00_rep.bmp
    ab2604 | s091a_tanka2_rep.bmp
    375cf4 | s094a_wire00_alp_ovl_rep.bmp
    d8a042 | s111a_cor_light_06_rep.bmp
    4e8f01 | s161a_yagura_03_rep.bmp_2daab4f4d4547004497b709cb182ebed
    ae8f01 | s161a_yagura_09_rep.bmp

  -- TRI: a7b7fa (4) --
    f072a0 | s161a_chosui_01_rep.bmp
    0be135 | s161a_tettou_01_rep.bmp
    1be135 | s161a_tettou_02_rep.bmp
    4e8f01 | s161a_yagura_03_rep.bmp_2daab4f4d4547004497b709cb182ebed


=== STAGE: s091b (20 mismatched) ===
  -- TRI: 3ec511 (1) --
    837ea4 | 005fcd31

  -- TRI: a7b7f9 (15) --
    2fc31a | 005fcd31
    ccaf78 | hangar_05_rep.bmp
    a478b0 | hangar_06_decal_alp_ovl_rep.bmp
    444c3b | s091a_bwlighta_rep.bmp
    442e0e | s091a_bwwalla_rep.bmp
    be6ba9 | s091a_fl03b_rep.bmp
    cb695a | s091a_fwinlightc_add_alp_ovl_rep.bmp
    7f44f0 | s091a_girdera_rep.bmp
    eaf78f | s091a_mog_roof_rep_02.bmp
    133462 | s091a_pipe00_rep.bmp
    ab2604 | s091a_tanka2_rep.bmp
    375cf4 | s094a_wire00_alp_ovl_rep.bmp
    d8a042 | s111a_cor_light_06_rep.bmp
    4e8f01 | s161a_yagura_03_rep.bmp_2daab4f4d4547004497b709cb182ebed
    ae8f01 | s161a_yagura_09_rep.bmp

  -- TRI: a7b7fa (4) --
    f072a0 | s161a_chosui_01_rep.bmp
    0be135 | s161a_tettou_01_rep.bmp
    1be135 | s161a_tettou_02_rep.bmp
    4e8f01 | s161a_yagura_03_rep.bmp_2daab4f4d4547004497b709cb182ebed


=== STAGE: s091c (20 mismatched) ===
  -- TRI: 3ec511 (1) --
    837ea4 | 005fcd31

  -- TRI: a7b7f9 (15) --
    2fc31a | 005fcd31
    ccaf78 | hangar_05_rep.bmp
    a478b0 | hangar_06_decal_alp_ovl_rep.bmp
    444c3b | s091a_bwlighta_rep.bmp
    442e0e | s091a_bwwalla_rep.bmp
    be6ba9 | s091a_fl03b_rep.bmp
    cb695a | s091a_fwinlightc_add_alp_ovl_rep.bmp
    7f44f0 | s091a_girdera_rep.bmp
    eaf78f | s091a_mog_roof_rep_02.bmp
    133462 | s091a_pipe00_rep.bmp
    ab2604 | s091a_tanka2_rep.bmp
    375cf4 | s094a_wire00_alp_ovl_rep.bmp
    d8a042 | s111a_cor_light_06_rep.bmp
    4e8f01 | s161a_yagura_03_rep.bmp_2daab4f4d4547004497b709cb182ebed
    ae8f01 | s161a_yagura_09_rep.bmp

  -- TRI: a7b7fa (4) --
    f072a0 | s161a_chosui_01_rep.bmp
    0be135 | s161a_tettou_01_rep.bmp
    1be135 | s161a_tettou_02_rep.bmp
    4e8f01 | s161a_yagura_03_rep.bmp_2daab4f4d4547004497b709cb182ebed


=== STAGE: s093a (18 mismatched) ===
  -- TRI: 3ec511 (1) --
    837ea4 | 005fcd31

  -- TRI: a7b7f9 (13) --
    c3b169 | armory_pipe00_rep.bmp
    ccaf78 | hangar_05_rep.bmp
    a478b0 | hangar_06_decal_alp_ovl_rep.bmp
    444c3b | s091a_bwlighta_rep.bmp
    442e0e | s091a_bwwalla_rep.bmp
    be6ba9 | s091a_fl03b_rep.bmp
    cb695a | s091a_fwinlightc_add_alp_ovl_rep.bmp
    7f44f0 | s091a_girdera_rep.bmp
    eaf78f | s091a_mog_roof_rep_02.bmp
    375cf4 | s094a_wire00_alp_ovl_rep.bmp
    d8a042 | s111a_cor_light_06_rep.bmp
    4e8f01 | s161a_yagura_03_rep.bmp_2daab4f4d4547004497b709cb182ebed
    ae8f01 | s161a_yagura_09_rep.bmp

  -- TRI: a7b7fa (4) --
    f072a0 | s161a_chosui_01_rep.bmp
    0be135 | s161a_tettou_01_rep.bmp
    1be135 | s161a_tettou_02_rep.bmp
    4e8f01 | s161a_yagura_03_rep.bmp_2daab4f4d4547004497b709cb182ebed


=== STAGE: s093b (18 mismatched) ===
  -- TRI: 3ec511 (1) --
    837ea4 | 005fcd31

  -- TRI: a7b7f9 (13) --
    c3b169 | armory_pipe00_rep.bmp
    ccaf78 | hangar_05_rep.bmp
    a478b0 | hangar_06_decal_alp_ovl_rep.bmp
    444c3b | s091a_bwlighta_rep.bmp
    442e0e | s091a_bwwalla_rep.bmp
    be6ba9 | s091a_fl03b_rep.bmp
    cb695a | s091a_fwinlightc_add_alp_ovl_rep.bmp
    7f44f0 | s091a_girdera_rep.bmp
    eaf78f | s091a_mog_roof_rep_02.bmp
    375cf4 | s094a_wire00_alp_ovl_rep.bmp
    d8a042 | s111a_cor_light_06_rep.bmp
    4e8f01 | s161a_yagura_03_rep.bmp_2daab4f4d4547004497b709cb182ebed
    ae8f01 | s161a_yagura_09_rep.bmp

  -- TRI: a7b7fa (4) --
    f072a0 | s161a_chosui_01_rep.bmp
    0be135 | s161a_tettou_01_rep.bmp
    1be135 | s161a_tettou_02_rep.bmp
    4e8f01 | s161a_yagura_03_rep.bmp_2daab4f4d4547004497b709cb182ebed


=== STAGE: s093c (18 mismatched) ===
  -- TRI: 3ec511 (1) --
    837ea4 | 005fcd31

  -- TRI: a7b7f9 (13) --
    c3b169 | armory_pipe00_rep.bmp
    ccaf78 | hangar_05_rep.bmp
    a478b0 | hangar_06_decal_alp_ovl_rep.bmp
    444c3b | s091a_bwlighta_rep.bmp
    442e0e | s091a_bwwalla_rep.bmp
    be6ba9 | s091a_fl03b_rep.bmp
    cb695a | s091a_fwinlightc_add_alp_ovl_rep.bmp
    7f44f0 | s091a_girdera_rep.bmp
    eaf78f | s091a_mog_roof_rep_02.bmp
    375cf4 | s094a_wire00_alp_ovl_rep.bmp
    d8a042 | s111a_cor_light_06_rep.bmp
    4e8f01 | s161a_yagura_03_rep.bmp_2daab4f4d4547004497b709cb182ebed
    ae8f01 | s161a_yagura_09_rep.bmp

  -- TRI: a7b7fa (4) --
    f072a0 | s161a_chosui_01_rep.bmp
    0be135 | s161a_tettou_01_rep.bmp
    1be135 | s161a_tettou_02_rep.bmp
    4e8f01 | s161a_yagura_03_rep.bmp_2daab4f4d4547004497b709cb182ebed


=== STAGE: s094a (18 mismatched) ===
  -- TRI: 3ec511 (1) --
    837ea4 | 005fcd31

  -- TRI: a7b7f9 (13) --
    ccaf78 | hangar_05_rep.bmp
    a478b0 | hangar_06_decal_alp_ovl_rep.bmp
    be6ba9 | s091a_fl03b_rep.bmp
    cb695a | s091a_fwinlightc_add_alp_ovl_rep.bmp
    7f44f0 | s091a_girdera_rep.bmp
    eaf78f | s091a_mog_roof_rep_02.bmp
    133462 | s091a_pipe00_rep.bmp
    375cf4 | s094a_wire00_alp_ovl_rep.bmp
    cc0416 | s112a_deco_line_alp_ovl_rep.bmp
    6e4dbb | s161a_house_01_rep.bmp_2d1cadd1f2972966a772a982f85710e1
    4bc326 | s161a_tent_02_rep.bmp
    4e8f01 | s161a_yagura_03_rep.bmp_2daab4f4d4547004497b709cb182ebed
    ae8f01 | s161a_yagura_09_rep.bmp

  -- TRI: a7b7fa (4) --
    f072a0 | s161a_chosui_01_rep.bmp
    0be135 | s161a_tettou_01_rep.bmp
    1be135 | s161a_tettou_02_rep.bmp
    4e8f01 | s161a_yagura_03_rep.bmp_2daab4f4d4547004497b709cb182ebed


=== STAGE: s094b (18 mismatched) ===
  -- TRI: 3ec511 (1) --
    837ea4 | 005fcd31

  -- TRI: a7b7f9 (13) --
    ccaf78 | hangar_05_rep.bmp
    a478b0 | hangar_06_decal_alp_ovl_rep.bmp
    be6ba9 | s091a_fl03b_rep.bmp
    cb695a | s091a_fwinlightc_add_alp_ovl_rep.bmp
    7f44f0 | s091a_girdera_rep.bmp
    eaf78f | s091a_mog_roof_rep_02.bmp
    133462 | s091a_pipe00_rep.bmp
    375cf4 | s094a_wire00_alp_ovl_rep.bmp
    cc0416 | s112a_deco_line_alp_ovl_rep.bmp
    6e4dbb | s161a_house_01_rep.bmp_2d1cadd1f2972966a772a982f85710e1
    4bc326 | s161a_tent_02_rep.bmp
    4e8f01 | s161a_yagura_03_rep.bmp_2daab4f4d4547004497b709cb182ebed
    ae8f01 | s161a_yagura_09_rep.bmp

  -- TRI: a7b7fa (4) --
    f072a0 | s161a_chosui_01_rep.bmp
    0be135 | s161a_tettou_01_rep.bmp
    1be135 | s161a_tettou_02_rep.bmp
    4e8f01 | s161a_yagura_03_rep.bmp_2daab4f4d4547004497b709cb182ebed


=== STAGE: s094c (18 mismatched) ===
  -- TRI: 3ec511 (1) --
    837ea4 | 005fcd31

  -- TRI: a7b7f9 (13) --
    ccaf78 | hangar_05_rep.bmp
    a478b0 | hangar_06_decal_alp_ovl_rep.bmp
    be6ba9 | s091a_fl03b_rep.bmp
    cb695a | s091a_fwinlightc_add_alp_ovl_rep.bmp
    7f44f0 | s091a_girdera_rep.bmp
    eaf78f | s091a_mog_roof_rep_02.bmp
    133462 | s091a_pipe00_rep.bmp
    375cf4 | s094a_wire00_alp_ovl_rep.bmp
    cc0416 | s112a_deco_line_alp_ovl_rep.bmp
    6e4dbb | s161a_house_01_rep.bmp_2d1cadd1f2972966a772a982f85710e1
    4bc326 | s161a_tent_02_rep.bmp
    4e8f01 | s161a_yagura_03_rep.bmp_2daab4f4d4547004497b709cb182ebed
    ae8f01 | s161a_yagura_09_rep.bmp

  -- TRI: a7b7fa (4) --
    f072a0 | s161a_chosui_01_rep.bmp
    0be135 | s161a_tettou_01_rep.bmp
    1be135 | s161a_tettou_02_rep.bmp
    4e8f01 | s161a_yagura_03_rep.bmp_2daab4f4d4547004497b709cb182ebed


=== STAGE: s006a_0 (17 mismatched) ===
  -- TRI: 3ec511 (1) --
    837ea4 | 005fcd31

  -- TRI: a7b7f9 (13) --
    b50ca1 | s006a_amadoi_rep.bmp
    2fc00a | s006a_conc01_brk1_rep.bmp
    da0eca | s006a_frame1_rep.bmp
    ea0eca | s006a_frame2_rep.bmp
    d4810b | s006a_gateflr_conc01_rep.bmp
    377796 | s006a_iron_pillar1_rep_alp_ovl.bmp
    438411 | s006a_pillar1_rep.bmp
    ca064c | s006a_roof2_rep.bmp
    e89cbd | s006a_shelf_foot1_rep.bmp
    a70095 | s006a_shelf_wire_alp_ovl_rep.bmp
    1eb791 | s006a_step_tesuri2_rep.bmp
    2eb791 | s006a_step_tesuri3_rep.bmp
    02e560 | s006a_winf_side_alp_ovl_rep.bmp

  -- TRI: a7b7fa (3) --
    85ff12 | 005fcd31
    b9b320 | s006a_bed02_rep.bmp
    f0b505 | s006a_bedspring_alp_ovl_rep.bmp


=== STAGE: s092a (17 mismatched) ===
  -- TRI: 3ec511 (1) --
    837ea4 | 005fcd31

  -- TRI: a7b7f9 (12) --
    2fc31a | 005fcd31
    c3b169 | armory_pipe00_rep.bmp
    ccaf78 | hangar_05_rep.bmp
    a478b0 | hangar_06_decal_alp_ovl_rep.bmp
    444c3b | s091a_bwlighta_rep.bmp
    442e0e | s091a_bwwalla_rep.bmp
    be6ba9 | s091a_fl03b_rep.bmp
    cb695a | s091a_fwinlightc_add_alp_ovl_rep.bmp
    7f44f0 | s091a_girdera_rep.bmp
    eaf78f | s091a_mog_roof_rep_02.bmp
    133462 | s091a_pipe00_rep.bmp
    d8a042 | s111a_cor_light_06_rep.bmp

  -- TRI: a7b7fa (4) --
    f072a0 | s161a_chosui_01_rep.bmp
    0be135 | s161a_tettou_01_rep.bmp
    1be135 | s161a_tettou_02_rep.bmp
    4e8f01 | s161a_yagura_03_rep.bmp_2daab4f4d4547004497b709cb182ebed


=== STAGE: s092a_0 (17 mismatched) ===
  -- TRI: 3ec511 (1) --
    837ea4 | 005fcd31

  -- TRI: a7b7f9 (12) --
    2fc31a | 005fcd31
    c3b169 | armory_pipe00_rep.bmp
    ccaf78 | hangar_05_rep.bmp
    a478b0 | hangar_06_decal_alp_ovl_rep.bmp
    444c3b | s091a_bwlighta_rep.bmp
    442e0e | s091a_bwwalla_rep.bmp
    be6ba9 | s091a_fl03b_rep.bmp
    cb695a | s091a_fwinlightc_add_alp_ovl_rep.bmp
    7f44f0 | s091a_girdera_rep.bmp
    eaf78f | s091a_mog_roof_rep_02.bmp
    133462 | s091a_pipe00_rep.bmp
    d8a042 | s111a_cor_light_06_rep.bmp

  -- TRI: a7b7fa (4) --
    f072a0 | s161a_chosui_01_rep.bmp
    0be135 | s161a_tettou_01_rep.bmp
    1be135 | s161a_tettou_02_rep.bmp
    4e8f01 | s161a_yagura_03_rep.bmp_2daab4f4d4547004497b709cb182ebed


=== STAGE: s092b (17 mismatched) ===
  -- TRI: 3ec511 (1) --
    837ea4 | 005fcd31

  -- TRI: a7b7f9 (12) --
    2fc31a | 005fcd31
    c3b169 | armory_pipe00_rep.bmp
    ccaf78 | hangar_05_rep.bmp
    a478b0 | hangar_06_decal_alp_ovl_rep.bmp
    444c3b | s091a_bwlighta_rep.bmp
    442e0e | s091a_bwwalla_rep.bmp
    be6ba9 | s091a_fl03b_rep.bmp
    cb695a | s091a_fwinlightc_add_alp_ovl_rep.bmp
    7f44f0 | s091a_girdera_rep.bmp
    eaf78f | s091a_mog_roof_rep_02.bmp
    133462 | s091a_pipe00_rep.bmp
    d8a042 | s111a_cor_light_06_rep.bmp

  -- TRI: a7b7fa (4) --
    f072a0 | s161a_chosui_01_rep.bmp
    0be135 | s161a_tettou_01_rep.bmp
    1be135 | s161a_tettou_02_rep.bmp
    4e8f01 | s161a_yagura_03_rep.bmp_2daab4f4d4547004497b709cb182ebed


=== STAGE: s092c (17 mismatched) ===
  -- TRI: 3ec511 (1) --
    837ea4 | 005fcd31

  -- TRI: a7b7f9 (12) --
    2fc31a | 005fcd31
    c3b169 | armory_pipe00_rep.bmp
    ccaf78 | hangar_05_rep.bmp
    a478b0 | hangar_06_decal_alp_ovl_rep.bmp
    444c3b | s091a_bwlighta_rep.bmp
    442e0e | s091a_bwwalla_rep.bmp
    be6ba9 | s091a_fl03b_rep.bmp
    cb695a | s091a_fwinlightc_add_alp_ovl_rep.bmp
    7f44f0 | s091a_girdera_rep.bmp
    eaf78f | s091a_mog_roof_rep_02.bmp
    133462 | s091a_pipe00_rep.bmp
    d8a042 | s111a_cor_light_06_rep.bmp

  -- TRI: a7b7fa (4) --
    f072a0 | s161a_chosui_01_rep.bmp
    0be135 | s161a_tettou_01_rep.bmp
    1be135 | s161a_tettou_02_rep.bmp
    4e8f01 | s161a_yagura_03_rep.bmp_2daab4f4d4547004497b709cb182ebed


=== STAGE: s161a (17 mismatched) ===
  -- TRI: 3ec511 (1) --
    837ea4 | 005fcd31

  -- TRI: a7b7fa (9) --
    444c3b | s091a_bwlighta_rep.bmp
    442e0e | s091a_bwwalla_rep.bmp
    be6ba9 | s091a_fl03b_rep.bmp
    7f44f0 | s091a_girdera_rep.bmp
    eaf78f | s091a_mog_roof_rep_02.bmp
    133462 | s091a_pipe00_rep.bmp
    375cf4 | s094a_wire00_alp_ovl_rep.bmp
    d8a042 | s111a_cor_light_06_rep.bmp
    fbec1b | s161ap0_insideflb_rep.bmp

  -- TRI: a7b7fb (7) --
    f538f9 | ggbrk_fencea_rep.bmp
    ccaf78 | hangar_05_rep.bmp
    a478b0 | hangar_06_decal_alp_ovl_rep.bmp
    f072a0 | s161a_chosui_01_rep.bmp
    0be135 | s161a_tettou_01_rep.bmp
    1be135 | s161a_tettou_02_rep.bmp
    4e8f01 | s161a_yagura_03_rep.bmp_2daab4f4d4547004497b709cb182ebed


=== STAGE: s006a (16 mismatched) ===
  -- TRI: 3ec511 (1) --
    837ea4 | 005fcd31

  -- TRI: a7b7f9 (15) --
    b50ca1 | s006a_amadoi_rep.bmp
    b9b320 | s006a_bed02_rep.bmp
    f0b505 | s006a_bedspring_alp_ovl_rep.bmp
    2fc00a | s006a_conc01_brk1_rep.bmp
    da0eca | s006a_frame1_rep.bmp
    ea0eca | s006a_frame2_rep.bmp
    d4810b | s006a_gateflr_conc01_rep.bmp
    377796 | s006a_iron_pillar1_rep_alp_ovl.bmp
    438411 | s006a_pillar1_rep.bmp
    ca064c | s006a_roof2_rep.bmp
    e89cbd | s006a_shelf_foot1_rep.bmp
    a70095 | s006a_shelf_wire_alp_ovl_rep.bmp
    1eb791 | s006a_step_tesuri2_rep.bmp
    2eb791 | s006a_step_tesuri3_rep.bmp
    02e560 | s006a_winf_side_alp_ovl_rep.bmp


=== STAGE: s006b (16 mismatched) ===
  -- TRI: 3ec511 (1) --
    837ea4 | 005fcd31

  -- TRI: a7b7f9 (15) --
    b50ca1 | s006a_amadoi_rep.bmp
    b9b320 | s006a_bed02_rep.bmp
    f0b505 | s006a_bedspring_alp_ovl_rep.bmp
    2fc00a | s006a_conc01_brk1_rep.bmp
    da0eca | s006a_frame1_rep.bmp
    ea0eca | s006a_frame2_rep.bmp
    d4810b | s006a_gateflr_conc01_rep.bmp
    377796 | s006a_iron_pillar1_rep_alp_ovl.bmp
    438411 | s006a_pillar1_rep.bmp
    ca064c | s006a_roof2_rep.bmp
    e89cbd | s006a_shelf_foot1_rep.bmp
    a70095 | s006a_shelf_wire_alp_ovl_rep.bmp
    1eb791 | s006a_step_tesuri2_rep.bmp
    2eb791 | s006a_step_tesuri3_rep.bmp
    02e560 | s006a_winf_side_alp_ovl_rep.bmp


=== STAGE: s091a_0 (16 mismatched) ===
  -- TRI: 3ec511 (1) --
    837ea4 | 005fcd31

  -- TRI: a7b7f9 (11) --
    2fc31a | 005fcd31
    444c3b | s091a_bwlighta_rep.bmp
    442e0e | s091a_bwwalla_rep.bmp
    be6ba9 | s091a_fl03b_rep.bmp
    cb695a | s091a_fwinlightc_add_alp_ovl_rep.bmp
    7f44f0 | s091a_girdera_rep.bmp
    eaf78f | s091a_mog_roof_rep_02.bmp
    133462 | s091a_pipe00_rep.bmp
    ab2604 | s091a_tanka2_rep.bmp
    375cf4 | s094a_wire00_alp_ovl_rep.bmp
    d8a042 | s111a_cor_light_06_rep.bmp

  -- TRI: a7b7fa (4) --
    f072a0 | s161a_chosui_01_rep.bmp
    0be135 | s161a_tettou_01_rep.bmp
    1be135 | s161a_tettou_02_rep.bmp
    4e8f01 | s161a_yagura_03_rep.bmp_2daab4f4d4547004497b709cb182ebed


=== STAGE: s161a_1 (16 mismatched) ===
  -- TRI: 3ec511 (1) --
    837ea4 | 005fcd31

  -- TRI: 4e6bbd (3) --
    444c3b | s091a_bwlighta_rep.bmp
    442e0e | s091a_bwwalla_rep.bmp
    d8a042 | s111a_cor_light_06_rep.bmp

  -- TRI: a7b7fa (10) --
    f538f9 | ggbrk_fencea_rep.bmp
    ccaf78 | hangar_05_rep.bmp
    a478b0 | hangar_06_decal_alp_ovl_rep.bmp
    442e0e | s091a_bwwalla_rep.bmp
    be6ba9 | s091a_fl03b_rep.bmp
    7f44f0 | s091a_girdera_rep.bmp
    eaf78f | s091a_mog_roof_rep_02.bmp
    133462 | s091a_pipe00_rep.bmp
    fbec1b | s161ap0_insideflb_rep.bmp
    76bf16 | s161ap1_irona_rep.bmp

  -- TRI: a7b7fb (2) --
    0be135 | s161a_tettou_01_rep.bmp
    1be135 | s161a_tettou_02_rep.bmp


=== STAGE: v006a (16 mismatched) ===
  -- TRI: 3ec511 (1) --
    837ea4 | 005fcd31

  -- TRI: a7b7f9 (13) --
    b50ca1 | s006a_amadoi_rep.bmp
    2fc00a | s006a_conc01_brk1_rep.bmp
    da0eca | s006a_frame1_rep.bmp
    ea0eca | s006a_frame2_rep.bmp
    d4810b | s006a_gateflr_conc01_rep.bmp
    377796 | s006a_iron_pillar1_rep_alp_ovl.bmp
    438411 | s006a_pillar1_rep.bmp
    ca064c | s006a_roof2_rep.bmp
    e89cbd | s006a_shelf_foot1_rep.bmp
    a70095 | s006a_shelf_wire_alp_ovl_rep.bmp
    1eb791 | s006a_step_tesuri2_rep.bmp
    2eb791 | s006a_step_tesuri3_rep.bmp
    02e560 | s006a_winf_side_alp_ovl_rep.bmp

  -- TRI: a7b7fa (2) --
    b9b320 | s006a_bed02_rep.bmp
    f0b505 | s006a_bedspring_alp_ovl_rep.bmp


=== STAGE: v006a_0 (16 mismatched) ===
  -- TRI: 3ec511 (1) --
    837ea4 | 005fcd31

  -- TRI: a7b7f9 (15) --
    b50ca1 | s006a_amadoi_rep.bmp
    b9b320 | s006a_bed02_rep.bmp
    f0b505 | s006a_bedspring_alp_ovl_rep.bmp
    2fc00a | s006a_conc01_brk1_rep.bmp
    da0eca | s006a_frame1_rep.bmp
    ea0eca | s006a_frame2_rep.bmp
    d4810b | s006a_gateflr_conc01_rep.bmp
    377796 | s006a_iron_pillar1_rep_alp_ovl.bmp
    438411 | s006a_pillar1_rep.bmp
    ca064c | s006a_roof2_rep.bmp
    e89cbd | s006a_shelf_foot1_rep.bmp
    a70095 | s006a_shelf_wire_alp_ovl_rep.bmp
    1eb791 | s006a_step_tesuri2_rep.bmp
    2eb791 | s006a_step_tesuri3_rep.bmp
    02e560 | s006a_winf_side_alp_ovl_rep.bmp


=== STAGE: v006b (16 mismatched) ===
  -- TRI: 3ec511 (1) --
    837ea4 | 005fcd31

  -- TRI: a7b7f9 (13) --
    b50ca1 | s006a_amadoi_rep.bmp
    2fc00a | s006a_conc01_brk1_rep.bmp
    da0eca | s006a_frame1_rep.bmp
    ea0eca | s006a_frame2_rep.bmp
    d4810b | s006a_gateflr_conc01_rep.bmp
    377796 | s006a_iron_pillar1_rep_alp_ovl.bmp
    438411 | s006a_pillar1_rep.bmp
    ca064c | s006a_roof2_rep.bmp
    e89cbd | s006a_shelf_foot1_rep.bmp
    a70095 | s006a_shelf_wire_alp_ovl_rep.bmp
    1eb791 | s006a_step_tesuri2_rep.bmp
    2eb791 | s006a_step_tesuri3_rep.bmp
    02e560 | s006a_winf_side_alp_ovl_rep.bmp

  -- TRI: a7b7fa (2) --
    b9b320 | s006a_bed02_rep.bmp
    f0b505 | s006a_bedspring_alp_ovl_rep.bmp


=== STAGE: s122a (15 mismatched) ===
  -- TRI: 3ec511 (1) --
    837ea4 | 005fcd31

  -- TRI: 4537df (14) --
    b4dc16 | mog_duct_rep_01.bmp
    70533d | mog_floor_rep_10.bmp_bbea1c282b75f4ab89976b8ecc460cc0
    70533f | mog_floor_rep_12.bmp
    705341 | mog_floor_rep_14.bmp
    705344 | mog_floor_rep_17.bmp
    f78d8b | mog_ladder_rep_02.bmp
    771af3 | mog_obj_alp_ovl_rep_01.bmp
    f3d1ad | mog_pillar_rep_03.bmp
    3a9c4e | mog_rail_rep_03.bmp
    006c51 | mog_roof_rep_04.bmp
    3d9c83 | mog_wall_rep_14.bmp
    f1ae48 | mog_wire_alp_ovl_rep_02.bmp
    82efcd | s081a_mogi_pipe_rep_04.bmp
    d42f86 | s121a_mogi_sdw_alp_ovl_rep_10.bmp


=== STAGE: s111a (14 mismatched) ===
  -- TRI: 3ec511 (1) --
    837ea4 | 005fcd31

  -- TRI: 4537e0 (11) --
    eaf78f | s091a_mog_roof_rep_02.bmp
    133462 | s091a_pipe00_rep.bmp
    08f6eb | s111a_s091a_fl03b_rep.bmp
    9501bf | s111a_s091a_hangar_roofd_rep.bmp
    8b6118 | s111a_s091a_mog_roof_rep.bmp
    42d936 | s111a_s091a_sewerf00a_rep.bmp
    06aed9 | s111a_s091a_tanka_rep.bmp
    206ce9 | s111a_s091a_tettou_01_rep.bmp
    f072a0 | s161a_chosui_01_rep.bmp
    1be135 | s161a_tettou_02_rep.bmp
    4e8f01 | s161a_yagura_03_rep.bmp_2daab4f4d4547004497b709cb182ebed

  -- TRI: 4537e2 (2) --
    d8a042 | s111a_cor_light_06_rep.bmp
    3103e9 | s111a_heater_04_rep.bmp


=== STAGE: s164a_0 (14 mismatched) ===
  -- TRI: 3ec511 (1) --
    837ea4 | 005fcd31

  -- TRI: 75a6e0 (4) --
    0be135 | s161a_tettou_01_rep.bmp
    1be135 | s161a_tettou_02_rep.bmp
    09b561 | s161a_tettou_05_alp_ovl_rep.bmp
    86c365 | s171a_mo_snow_rep_alp_ovl_01.bmp

  -- TRI: 75a6e1 (7) --
    6e4dbb | s161a_house_01_rep.bmp
    4e8f01 | s161a_yagura_03_rep.bmp
    ae8f01 | s161a_yagura_09_rep.bmp
    e3c7a1 | s162a_light_01_rep.bmp
    d52a9f | s164a_gate_house_01_rep.bmp
    052aa0 | s164a_gate_house_04_rep.bmp
    c523e0 | s171a_conc01_rep.bmp

  -- TRI: 75a6e2 (2) --
    32c8fc | s162a_deco_number_06_rep_alp_ovl.bmp
    86c365 | s171a_mo_snow_rep_alp_ovl_01.bmp


=== STAGE: s022a (13 mismatched) ===
  -- TRI: 3ec511 (2) --
    837ea4 | 005fcd31
    ab7170 | mog_crane_alp_ovl_rep_10.bmp

  -- TRI: a7b7f9 (7) --
    2f7b28 | armory_ceil01_rep.bmp
    c3b169 | armory_pipe00_rep.bmp
    0017a9 | s022a_wall_rep04.bmp
    7d275e | s22a_mog_bed_03_rep.bmp
    d4aeec | s22a_mog_code_alp_ovl_rep_02.bmp
    98ad8f | s22a_mog_obj_alp_ovl_rep_18.bmp
    8de886 | s22a_mog_tana_rep_01.bmp

  -- TRI: a7b7fa (4) --
    d1622d | s181a_eda_1_a02_1_alp_ovl_rep.bmp
    d1722d | s181a_eda_1_a02_2_alp_ovl_rep.bmp
    4fee2e | s181a_tree_1_a01_rep.bmp
    5fee2e | s181a_tree_1_a02_rep.bmp


=== STAGE: s093a_0 (13 mismatched) ===
  -- TRI: 2bacbf (2) --
    f072a0 | s161a_chosui_01_rep.bmp
    4e8f01 | s161a_yagura_03_rep.bmp_2daab4f4d4547004497b709cb182ebed

  -- TRI: 3ec511 (1) --
    837ea4 | 005fcd31

  -- TRI: 7cbb97 (2) --
    0be135 | s161a_tettou_01_rep.bmp
    1be135 | s161a_tettou_02_rep.bmp

  -- TRI: dfbd06 (8) --
    c3b169 | armory_pipe00_rep.bmp
    444c3b | s091a_bwlighta_rep.bmp
    442e0e | s091a_bwwalla_rep.bmp
    be6ba9 | s091a_fl03b_rep.bmp
    cb695a | s091a_fwinlightc_add_alp_ovl_rep.bmp
    7f44f0 | s091a_girdera_rep.bmp
    eaf78f | s091a_mog_roof_rep_02.bmp
    d8a042 | s111a_cor_light_06_rep.bmp


=== STAGE: s081a_0 (12 mismatched) ===
  -- TRI: 3ec511 (1) --
    837ea4 | 005fcd31

  -- TRI: a7b7f9 (11) --
    59aca8 | armory_door01_rep.bmp
    2686c4 | armory_doorframe02_rep.bmp
    25a291 | mog_ladder_rep_02.bmp
    4130f1 | s081a_mogi_dummy_moutain_alp_ovl_rep_01.bmp
    570cab | s081a_mogi_floor_alp_ovl_rep_05.bmp
    82efca | s081a_mogi_pipe_rep_01.bmp
    82efcf | s081a_mogi_pipe_rep_06.bmp
    7c27d1 | s081a_mogi_rail_rep_01.bmp
    97ca2b | s081a_mogi_sewer_rep_01.bmp
    76efd3 | s081a_mogi_wire_alp_ovl_rep_01.bmp
    264c4e | s71a_doorwall_a01_rep.bmp


=== STAGE: s163a_0 (11 mismatched) ===
  -- TRI: 3ec511 (1) --
    837ea4 | 005fcd31

  -- TRI: a7b7fa (10) --
    6e4dbb | s161a_house_01_rep.bmp
    17d1cb | s161a_tettou_05_alp_ovl_rep.bmp
    4e8f01 | s161a_yagura_03_rep.bmp_2daab4f4d4547004497b709cb182ebed
    ae8f01 | s161a_yagura_09_rep.bmp
    584b43 | s162_control_tower_06_rep.bmp
    32c8fc | s162a_deco_number_06_rep_alp_ovl.bmp
    e3c7a1 | s162a_light_01_rep.bmp
    d52a9f | s164a_gate_house_01_rep.bmp
    052aa0 | s164a_gate_house_04_rep.bmp
    c523e0 | s171a_conc01_rep.bmp


=== STAGE: s033a (10 mismatched) ===
  -- TRI: 3ec511 (1) --
    837ea4 | 005fcd31

  -- TRI: 40018e (1) --
    ec799d | s033a_dayleaf02_alp_ovl_rep.bmp

  -- TRI: 40018f (1) --
    1bb342 | s033a_evenningleaf02_alp_ovl_rep.bmp

  -- TRI: 400190 (1) --
    02ce68 | s033a_nightleaf02_alp_ovl_rep.bmp

  -- TRI: 4557a6 (1) --
    992e35 | cave_whitetex_rep.bmp

  -- TRI: 4557c6 (1) --
    ed8a3d | cave_orangetex_rep.bmp

  -- TRI: 4557e6 (1) --
    861a3c | cave_darkbluetex_rep.bmp

  -- TRI: 455da7 (1) --
    992e35 | cave_whitetex_rep.bmp

  -- TRI: 455dc7 (1) --
    ed8a3d | cave_orangetex_rep.bmp

  -- TRI: 455de7 (1) --
    861a3c | cave_darkbluetex_rep.bmp


=== STAGE: s052b (10 mismatched) ===
  -- TRI: 3ec511 (1) --
    837ea4 | 005fcd31

  -- TRI: 4537e0 (2) --
    2f7b28 | armory_ceil01_rep.bmp
    c3b169 | armory_pipe00_rep.bmp

  -- TRI: 4537e1 (7) --
    661029 | s052a_bbwire_rep_alp_ovl_01.bmp
    240ab8 | s052a_hashira_01.bmp
    f2874a | s052a_renga_wall_03_rep.bmp
    02874b | s052a_renga_wall_04_rep.bmp
    3e5317 | s052a_roof_01_rep.bmp
    219cc0 | s052a_tile_floor_02_rep.bmp
    5f47cc | s152a_fence_03_alp_ovl_rep.bmp_3ecc7608c39f84d25e8df8cf029538a4


=== STAGE: s111a_0 (10 mismatched) ===
  -- TRI: 3ec511 (1) --
    837ea4 | 005fcd31

  -- TRI: 4537e0 (5) --
    eaf78f | s091a_mog_roof_rep_02.bmp
    133462 | s091a_pipe00_rep.bmp
    08f6eb | s111a_s091a_fl03b_rep.bmp
    8b6118 | s111a_s091a_mog_roof_rep.bmp
    42d936 | s111a_s091a_sewerf00a_rep.bmp

  -- TRI: 4537e1 (2) --
    d8a042 | s111a_cor_light_06_rep.bmp
    3103e9 | s111a_heater_04_rep.bmp

  -- TRI: 45aa97 (2) --
    d8a042 | s111a_cor_light_06_rep.bmp
    3103e9 | s111a_heater_04_rep.bmp


=== STAGE: s052a (8 mismatched) ===
  -- TRI: 3ec511 (1) --
    837ea4 | 005fcd31

  -- TRI: 4537df (7) --
    661029 | s052a_bbwire_rep_alp_ovl_01.bmp
    240ab8 | s052a_hashira_01.bmp
    f2874a | s052a_renga_wall_03_rep.bmp
    02874b | s052a_renga_wall_04_rep.bmp
    3e5317 | s052a_roof_01_rep.bmp
    219cc0 | s052a_tile_floor_02_rep.bmp
    5f47cc | s152a_fence_03_alp_ovl_rep.bmp_3ecc7608c39f84d25e8df8cf029538a4


=== STAGE: s073a (8 mismatched) ===
  -- TRI: 3ec511 (1) --
    837ea4 | 005fcd31

  -- TRI: a7b7f9 (5) --
    25671f | m_rocksukima_a01_alp_ovl_rep.bmp
    be6c69 | s072a_kage_a04_rep_alp_ovl.bmp
    621719 | s073a_74bed_alp_ovl_rep.bmp
    f365aa | s073a_tika_01_alp_ovl_rep.bmp
    264c4e | s71a_doorwall_a01_rep.bmp

  -- TRI: a7b7fa (2) --
    2686c4 | armory_doorframe02_rep.bmp
    cf574c | s72a_wallbrk_a03_rep_alp_ovl.bmp


=== STAGE: s073b (8 mismatched) ===
  -- TRI: 3ec511 (1) --
    837ea4 | 005fcd31

  -- TRI: a7b7f9 (5) --
    25671f | m_rocksukima_a01_alp_ovl_rep.bmp
    be6c69 | s072a_kage_a04_rep_alp_ovl.bmp
    621719 | s073a_74bed_alp_ovl_rep.bmp
    f365aa | s073a_tika_01_alp_ovl_rep.bmp
    264c4e | s71a_doorwall_a01_rep.bmp

  -- TRI: a7b7fa (2) --
    2686c4 | armory_doorframe02_rep.bmp
    cf574c | s72a_wallbrk_a03_rep_alp_ovl.bmp


=== STAGE: s131a_0 (8 mismatched) ===
  -- TRI: 3ec511 (2) --
    837ea4 | 005fcd31
    b22dc4 | s131a_mo_river_add_alp_rep_03.trans.bmp

  -- TRI: a7b7f9 (6) --
    bb5f91 | s131a_black_a02_alp_ovl_rep.bmp
    52daf7 | s131a_mo_floor_rep_01.bmp
    a6488b | s131a_mo_obj_rep_04.bmp
    6931bb | s131a_riverside_a03_alp_ovl_rep.bmp
    f7edea | s131a_sugi_02_alp_ovl_rep.bmp
    f7fdea | s131a_sugi_03_alp_ovl_rep.bmp


=== STAGE: s163b (8 mismatched) ===
  -- TRI: 3ec511 (1) --
    837ea4 | 005fcd31

  -- TRI: c6422e (1) --
    32c8fc | s162a_deco_number_06_rep_alp_ovl.bmp

  -- TRI: c6422f (2) --
    32c8fc | s162a_deco_number_06_rep_alp_ovl.bmp
    e3c7a1 | s162a_light_01_rep.bmp

  -- TRI: c64230 (2) --
    32c8fc | s162a_deco_number_06_rep_alp_ovl.bmp
    e3c7a1 | s162a_light_01_rep.bmp

  -- TRI: c64231 (2) --
    32c8fc | s162a_deco_number_06_rep_alp_ovl.bmp
    e3c7a1 | s162a_light_01_rep.bmp


=== STAGE: s063a (7 mismatched) ===
  -- TRI: 3ec511 (1) --
    837ea4 | 005fcd31

  -- TRI: 730311 (3) --
    ab2dbc | s061a_tree_lit2_alpx2_ovl_rep_mod1001.bmp
    d1622d | s181a_eda_1_a02_1_alp_ovl_rep.bmp
    d1722d | s181a_eda_1_a02_2_alp_ovl_rep.bmp

  -- TRI: a7b7f9 (3) --
    2f7b28 | armory_ceil01_rep.bmp
    c3b169 | armory_pipe00_rep.bmp
    b4eda7 | s063a_enkei_fog_alp_ovl_rep.bmp


=== STAGE: s063a_0 (7 mismatched) ===
  -- TRI: 3ec511 (1) --
    837ea4 | 005fcd31

  -- TRI: a7b7f9 (3) --
    2f7b28 | armory_ceil01_rep.bmp
    c3b169 | armory_pipe00_rep.bmp
    b4eda7 | s063a_enkei_fog_alp_ovl_rep.bmp

  -- TRI: a7b7fa (3) --
    ab2dbc | s061a_tree_lit2_alpx2_ovl_rep_mod1001.bmp
    d1622d | s181a_eda_1_a02_1_alp_ovl_rep.bmp
    d1722d | s181a_eda_1_a02_2_alp_ovl_rep.bmp


=== STAGE: s063b (7 mismatched) ===
  -- TRI: 3ec511 (1) --
    837ea4 | 005fcd31

  -- TRI: a7b7f9 (3) --
    2f7b28 | armory_ceil01_rep.bmp
    c3b169 | armory_pipe00_rep.bmp
    b4eda7 | s063a_enkei_fog_alp_ovl_rep.bmp

  -- TRI: a7b7fa (3) --
    ab2dbc | s061a_tree_lit2_alpx2_ovl_rep_mod1001.bmp
    d1622d | s181a_eda_1_a02_1_alp_ovl_rep.bmp
    d1722d | s181a_eda_1_a02_2_alp_ovl_rep.bmp


=== STAGE: s152a (7 mismatched) ===
  -- TRI: 3ec511 (1) --
    837ea4 | 005fcd31

  -- TRI: a7b7fa (6) --
    5f47cc | s152a_fence_03_alp_ovl_rep.bmp
    7f4b16 | s152a_pipe_01_rep.bmp
    c79369 | s152a_room_pipe02_01_rep.bmp
    df0258 | s152a_room_pipe_02_rep.bmp
    fb3a73 | s152a_room_wall_04_rep.bmp
    e40700 | s152a_wall_tunagi_alp_ovl_rep.bmp


=== STAGE: s171a (7 mismatched) ===
  -- TRI: 3ec511 (1) --
    837ea4 | 005fcd31

  -- TRI: 453dbe (1) --
    86c365 | s171a_mo_snow_rep_alp_ovl_01.bmp

  -- TRI: 453dbf (5) --
    0be135 | s161a_tettou_01_rep.bmp
    1be135 | s161a_tettou_02_rep.bmp
    44cccf | s171a_mo_pillar_rep_06.bmp
    1993b8 | s171a_mo_sdw_alp_ovl_rep_11.bmp
    86c365 | s171a_mo_snow_rep_alp_ovl_01.bmp


=== STAGE: s171b (7 mismatched) ===
  -- TRI: 3ec511 (1) --
    837ea4 | 005fcd31

  -- TRI: a7b7f9 (1) --
    86c365 | s171a_mo_snow_rep_alp_ovl_01.bmp

  -- TRI: a7b7fa (5) --
    0be135 | s161a_tettou_01_rep.bmp
    1be135 | s161a_tettou_02_rep.bmp
    44cccf | s171a_mo_pillar_rep_06.bmp
    1993b8 | s171a_mo_sdw_alp_ovl_rep_11.bmp
    86c365 | s171a_mo_snow_rep_alp_ovl_01.bmp


=== STAGE: v007a_0 (7 mismatched) ===
  -- TRI: 092709 (5) --
    88c417 | s007a_eda_a02_1_alp_ovl_rep.bmp
    88d417 | s007a_eda_a02_2_alp_ovl_rep.bmp
    002317 | s007a_tree_a03_rep.bmp
    102317 | s007a_tree_a04_rep.bmp
    302317 | s007a_tree_a06_rep.bmp

  -- TRI: 3ec511 (2) --
    4f81a4 | 004f81a4
    837ea4 | 005fcd31


=== STAGE: s064a (6 mismatched) ===
  -- TRI: 3ec511 (1) --
    837ea4 | 005fcd31

  -- TRI: a7b7f9 (3) --
    b4eda7 | s063a_enkei_fog_alp_ovl_rep.bmp
    d1622d | s181a_eda_1_a02_1_alp_ovl_rep.bmp
    d1722d | s181a_eda_1_a02_2_alp_ovl_rep.bmp

  -- TRI: a7b7fb (2) --
    d1622d | s181a_eda_1_a02_1_alp_ovl_rep.bmp
    d1722d | s181a_eda_1_a02_2_alp_ovl_rep.bmp


=== STAGE: s064a_0 (6 mismatched) ===
  -- TRI: 3ec511 (1) --
    837ea4 | 005fcd31

  -- TRI: a7b7f9 (3) --
    b4eda7 | s063a_enkei_fog_alp_ovl_rep.bmp
    d1622d | s181a_eda_1_a02_1_alp_ovl_rep.bmp
    d1722d | s181a_eda_1_a02_2_alp_ovl_rep.bmp

  -- TRI: a7b7fa (2) --
    d1622d | s181a_eda_1_a02_1_alp_ovl_rep.bmp
    d1722d | s181a_eda_1_a02_2_alp_ovl_rep.bmp


=== STAGE: s064b (6 mismatched) ===
  -- TRI: 3ec511 (1) --
    837ea4 | 005fcd31

  -- TRI: a7b7f9 (3) --
    b4eda7 | s063a_enkei_fog_alp_ovl_rep.bmp
    d1622d | s181a_eda_1_a02_1_alp_ovl_rep.bmp
    d1722d | s181a_eda_1_a02_2_alp_ovl_rep.bmp

  -- TRI: a7b7fb (2) --
    d1622d | s181a_eda_1_a02_1_alp_ovl_rep.bmp
    d1722d | s181a_eda_1_a02_2_alp_ovl_rep.bmp


=== STAGE: s072a (6 mismatched) ===
  -- TRI: 3ec511 (1) --
    837ea4 | 005fcd31

  -- TRI: 4537df (5) --
    25671f | m_rocksukima_a01_alp_ovl_rep.bmp
    be6c69 | s072a_kage_a04_rep_alp_ovl.bmp
    fcaa89 | s072a_stone_a01_alp_ovl_rep.bmp
    8a4c2a | s072a_wood_ita01_rep.bmp
    cf574c | s72a_wallbrk_a03_rep_alp_ovl.bmp


=== STAGE: s072b (6 mismatched) ===
  -- TRI: 3ec511 (1) --
    837ea4 | 005fcd31

  -- TRI: 4537df (5) --
    25671f | m_rocksukima_a01_alp_ovl_rep.bmp
    be6c69 | s072a_kage_a04_rep_alp_ovl.bmp
    fcaa89 | s072a_stone_a01_alp_ovl_rep.bmp
    8a4c2a | s072a_wood_ita01_rep.bmp
    cf574c | s72a_wallbrk_a03_rep_alp_ovl.bmp


=== STAGE: s112a (6 mismatched) ===
  -- TRI: 3ec511 (1) --
    837ea4 | 005fcd31

  -- TRI: 494aa8 (4) --
    3103e9 | s111a_heater_04_rep.bmp
    cc0416 | s112a_deco_line_alp_ovl_rep.bmp
    007ea5 | s112a_goumon_floor_03_alp_ovl_rep.bmp
    764a56 | s112a_goumon_rail_05_alp_ovl_rep.bmp

  -- TRI: 9b9558 (1) --
    be6ba9 | s091a_fl03b_rep.bmp


=== STAGE: s112a_0 (6 mismatched) ===
  -- TRI: 3ec511 (1) --
    837ea4 | 005fcd31

  -- TRI: 494aa8 (4) --
    3103e9 | s111a_heater_04_rep.bmp
    cc0416 | s112a_deco_line_alp_ovl_rep.bmp
    007ea5 | s112a_goumon_floor_03_alp_ovl_rep.bmp
    764a56 | s112a_goumon_rail_05_alp_ovl_rep.bmp

  -- TRI: 9b9558 (1) --
    be6ba9 | s091a_fl03b_rep.bmp


=== STAGE: s113a (6 mismatched) ===
  -- TRI: 3ec511 (2) --
    837ea4 | 005fcd31
    b22dc4 | s131a_mo_river_add_alp_rep_03.trans.bmp

  -- TRI: aa2e07 (4) --
    2fc31a | 005fcd31
    6f5342 | s066a_ladder00_rep.bmp
    4978ca | s113a_flpnl00a_rep.bmp
    f67ab5 | s113a_flrusty01a_rep.bmp


=== STAGE: s171a_0 (6 mismatched) ===
  -- TRI: 3ec511 (1) --
    837ea4 | 005fcd31

  -- TRI: a7b7fb (5) --
    0be135 | s161a_tettou_01_rep.bmp
    1be135 | s161a_tettou_02_rep.bmp
    44cccf | s171a_mo_pillar_rep_06.bmp
    1993b8 | s171a_mo_sdw_alp_ovl_rep_11.bmp
    86c365 | s171a_mo_snow_rep_alp_ovl_01.bmp


=== STAGE: s171b_0 (6 mismatched) ===
  -- TRI: 3ec511 (1) --
    837ea4 | 005fcd31

  -- TRI: a7b7f9 (5) --
    0be135 | s161a_tettou_01_rep.bmp
    1be135 | s161a_tettou_02_rep.bmp
    44cccf | s171a_mo_pillar_rep_06.bmp
    1993b8 | s171a_mo_sdw_alp_ovl_rep_11.bmp
    86c365 | s171a_mo_snow_rep_alp_ovl_01.bmp


=== STAGE: v007a (6 mismatched) ===
  -- TRI: 18a3a3 (5) --
    88c417 | s007a_eda_a02_1_alp_ovl_rep.bmp
    88d417 | s007a_eda_a02_2_alp_ovl_rep.bmp
    002317 | s007a_tree_a03_rep.bmp
    102317 | s007a_tree_a04_rep.bmp
    302317 | s007a_tree_a06_rep.bmp

  -- TRI: 3ec511 (1) --
    837ea4 | 005fcd31


=== STAGE: s000a_1 (5 mismatched) ===
  -- TRI: 3ec511 (1) --
    837ea4 | 005fcd31

  -- TRI: 7c4f7e (4) --
    119931 | s002a_leafless_tree_dmg_rep.bmp
    047917 | s002a_leafless_tree_rep.bmp
    86f0d2 | v000a_enkei_slt_a02_alp_ovl_rep.bmp
    8700d2 | v000a_enkei_slt_a03_alp_ovl_rep.bmp


=== STAGE: s065a (5 mismatched) ===
  -- TRI: 3ec511 (1) --
    837ea4 | 005fcd31

  -- TRI: a7b7f9 (1) --
    b4eda7 | s063a_enkei_fog_alp_ovl_rep.bmp

  -- TRI: a7b7fa (3) --
    ab2dbc | s061a_tree_lit2_alpx2_ovl_rep_mod1001.bmp
    d1622d | s181a_eda_1_a02_1_alp_ovl_rep.bmp
    d1722d | s181a_eda_1_a02_2_alp_ovl_rep.bmp


=== STAGE: s065a_0 (5 mismatched) ===
  -- TRI: 3ec511 (1) --
    837ea4 | 005fcd31

  -- TRI: a7b7f9 (1) --
    b4eda7 | s063a_enkei_fog_alp_ovl_rep.bmp

  -- TRI: a7b7fa (3) --
    ab2dbc | s061a_tree_lit2_alpx2_ovl_rep_mod1001.bmp
    d1622d | s181a_eda_1_a02_1_alp_ovl_rep.bmp
    d1722d | s181a_eda_1_a02_2_alp_ovl_rep.bmp


=== STAGE: s065b (5 mismatched) ===
  -- TRI: 3ec511 (1) --
    837ea4 | 005fcd31

  -- TRI: a7b7f9 (1) --
    b4eda7 | s063a_enkei_fog_alp_ovl_rep.bmp

  -- TRI: a7b7fa (3) --
    ab2dbc | s061a_tree_lit2_alpx2_ovl_rep_mod1001.bmp
    d1622d | s181a_eda_1_a02_1_alp_ovl_rep.bmp
    d1722d | s181a_eda_1_a02_2_alp_ovl_rep.bmp


=== STAGE: s151a_0 (5 mismatched) ===
  -- TRI: 3ec511 (1) --
    837ea4 | 005fcd31

  -- TRI: 4537df (1) --
    5b7ecd | s151a_demo_suimen_alp_ovl_rep.bmp

  -- TRI: 4537e0 (3) --
    00fc6c | s151a_shadow_a01_alp_ovl_rep.bmp
    4015f5 | s151a_treesfc_a01_alp_ovl_rep.bmp
    8e4788 | taki_tuta_a03_alp_ovl_rep.bmp


=== STAGE: s211a_0 (5 mismatched) ===
  -- TRI: 3ec511 (2) --
    837ea4 | 005fcd31
    86d398 | 0086d398

  -- TRI: 4537e0 (3) --
    d1622d | s181a_eda_1_a02_1_alp_ovl_rep.bmp
    d1722d | s181a_eda_1_a02_2_alp_ovl_rep.bmp
    95e9bc | s201a_thin_tree1_rep.bmp


=== STAGE: s211a_3 (5 mismatched) ===
  -- TRI: 3ec511 (2) --
    837ea4 | 005fcd31
    86d398 | 0086d398

  -- TRI: 494ac6 (1) --
    95e9bc | s201a_thin_tree1_rep.bmp

  -- TRI: 629c08 (2) --
    d1622d | s181a_eda_1_a02_1_alp_ovl_rep.bmp
    d1722d | s181a_eda_1_a02_2_alp_ovl_rep.bmp


=== STAGE: s032a (4 mismatched) ===
  -- TRI: 04b188 (1) --
    1e7e32 | cave_bornyou_a02_rep_alp_ovl.bmp

  -- TRI: 3ec511 (1) --
    837ea4 | 005fcd31

  -- TRI: d7a030 (2) --
    832377 | cave_tree_a03_alp_ovl_rep.bmp
    833377 | cave_tree_a04_alp_ovl_rep.bmp


=== STAGE: s053a (4 mismatched) ===
  -- TRI: 3ec511 (2) --
    837ea4 | 005fcd31
    e51546 | light_a00_add_alp_rep.trans.bmp

  -- TRI: a94e07 (2) --
    c3b169 | armory_pipe00_rep.bmp
    e06d8b | s052a_renga_wall_03_rep_new.bmp


=== STAGE: s056a (4 mismatched) ===
  -- TRI: 3ec511 (2) --
    837ea4 | 005fcd31
    e51546 | light_a00_add_alp_rep.trans.bmp

  -- TRI: a94ec7 (2) --
    160c73 | book_side00.bmp_805a7428be9afac2a6f5f5854302bdaf
    bff639 | comp_pipe_b00_rep.bmp


=== STAGE: s151a (4 mismatched) ===
  -- TRI: 3ec511 (1) --
    837ea4 | 005fcd31

  -- TRI: 4537e0 (3) --
    00fc6c | s151a_shadow_a01_alp_ovl_rep.bmp
    4015f5 | s151a_treesfc_a01_alp_ovl_rep.bmp
    8e4788 | taki_tuta_a03_alp_ovl_rep.bmp


=== STAGE: s152a_0 (4 mismatched) ===
  -- TRI: 3ec511 (1) --
    837ea4 | 005fcd31

  -- TRI: 495aa9 (3) --
    5f47cc | s152a_fence_03_alp_ovl_rep.bmp
    7f4b16 | s152a_pipe_01_rep.bmp
    e40700 | s152a_wall_tunagi_alp_ovl_rep.bmp


=== STAGE: s201a (4 mismatched) ===
  -- TRI: 3ec511 (1) --
    837ea4 | 005fcd31

  -- TRI: 4537e2 (3) --
    d1622d | s181a_eda_1_a02_1_alp_ovl_rep.bmp
    d1722d | s181a_eda_1_a02_2_alp_ovl_rep.bmp
    95e9bc | s201a_thin_tree1_rep.bmp


=== STAGE: s201a_0 (4 mismatched) ===
  -- TRI: 3ec511 (1) --
    837ea4 | 005fcd31

  -- TRI: 4537e2 (3) --
    d1622d | s181a_eda_1_a02_1_alp_ovl_rep.bmp
    d1722d | s181a_eda_1_a02_2_alp_ovl_rep.bmp
    95e9bc | s201a_thin_tree1_rep.bmp


=== STAGE: s201a_1 (4 mismatched) ===
  -- TRI: 3ec511 (1) --
    837ea4 | 005fcd31

  -- TRI: 4537e2 (3) --
    d1622d | s181a_eda_1_a02_1_alp_ovl_rep.bmp
    d1722d | s181a_eda_1_a02_2_alp_ovl_rep.bmp
    95e9bc | s201a_thin_tree1_rep.bmp


=== STAGE: v000a_1 (4 mismatched) ===
  -- TRI: 3ec511 (2) --
    837ea4 | 005fcd31
    ebff69 | 00ebff69

  -- TRI: 4af45f (2) --
    86f0d2 | v000a_enkei_slt_a02_alp_ovl_rep.bmp
    8700d2 | v000a_enkei_slt_a03_alp_ovl_rep.bmp


=== STAGE: v008a_0 (4 mismatched) ===
  -- TRI: 3ec511 (2) --
    4f81a4 | 004f81a4
    837ea4 | 005fcd31

  -- TRI: 59eb92 (1) --
    86f0d2 | v000a_enkei_slt_a02_alp_ovl_rep.bmp

  -- TRI: e9502a (1) --
    c277ab | v007a_tettou_a01_alp_ovl_rep.bmp


=== STAGE: s002a (3 mismatched) ===
  -- TRI: 3ec511 (1) --
    837ea4 | 005fcd31

  -- TRI: a92587 (2) --
    119931 | s002a_leafless_tree_dmg_rep.bmp
    047917 | s002a_leafless_tree_rep.bmp


=== STAGE: s012a (3 mismatched) ===
  -- TRI: 3ec511 (1) --
    837ea4 | 005fcd31

  -- TRI: 9ff604 (1) --
    bee50a | s012a_wire1_rep.bmp

  -- TRI: a7b7fa (1) --
    ab2dbc | s061a_tree_lit2_alpx2_ovl_rep_mod1001.bmp


=== STAGE: s021a (3 mismatched) ===
  -- TRI: 01d9d9 (2) --
    a60d9b | s021a_fog_add_alp_ovl_rep.bmp
    ab2dbc | s061a_tree_lit2_alpx2_ovl_rep_mod1001.bmp

  -- TRI: 3ec511 (1) --
    837ea4 | 005fcd31


=== STAGE: s031a (3 mismatched) ===
  -- TRI: 3ec511 (1) --
    837ea4 | 005fcd31

  -- TRI: b7a02e (1) --
    992e35 | cave_whitetex_rep.bmp

  -- TRI: e4b187 (1) --
    1e7e32 | cave_bornyou_a02_rep_alp_ovl.bmp


=== STAGE: s032b (3 mismatched) ===
  -- TRI: 3ec511 (1) --
    837ea4 | 005fcd31

  -- TRI: d7a030 (2) --
    832377 | cave_tree_a03_alp_ovl_rep.bmp
    833377 | cave_tree_a04_alp_ovl_rep.bmp


=== STAGE: s032b_0 (3 mismatched) ===
  -- TRI: 3ec511 (1) --
    837ea4 | 005fcd31

  -- TRI: d7a030 (2) --
    832377 | cave_tree_a03_alp_ovl_rep.bmp
    833377 | cave_tree_a04_alp_ovl_rep.bmp


=== STAGE: s042a (3 mismatched) ===
  -- TRI: 3ec511 (1) --
    837ea4 | 005fcd31

  -- TRI: a7b7f9 (1) --
    c3b169 | armory_pipe00_rep.bmp

  -- TRI: a7b7fa (1) --
    c3b169 | armory_pipe00_rep.bmp


=== STAGE: s044a (3 mismatched) ===
  -- TRI: 3ec511 (1) --
    837ea4 | 005fcd31

  -- TRI: a7b7f9 (2) --
    9977e2 | s044a_flpnl00b_rep.bmp
    1ee145 | s044a_flrusty00_rep.bmp


=== STAGE: s044a_0 (3 mismatched) ===
  -- TRI: 3ec511 (1) --
    837ea4 | 005fcd31

  -- TRI: a7b7f9 (2) --
    9977e2 | s044a_flpnl00b_rep.bmp
    1ee145 | s044a_flrusty00_rep.bmp


=== STAGE: s045a (3 mismatched) ===
  -- TRI: 3ec511 (1) --
    837ea4 | 005fcd31

  -- TRI: 4537df (1) --
    b8c997 | s045a_rusty00_rep.bmp

  -- TRI: 4537e0 (1) --
    ab2dbc | s061a_tree_lit2_alpx2_ovl_rep_mod1001.bmp


=== STAGE: s054a_0 (3 mismatched) ===
  -- TRI: 3ec511 (1) --
    837ea4 | 005fcd31

  -- TRI: a94e49 (2) --
    9977e2 | s044a_flpnl00b_rep.bmp
    1ee145 | s044a_flrusty00_rep.bmp


=== STAGE: s066a (3 mismatched) ===
  -- TRI: 3ec511 (1) --
    837ea4 | 005fcd31

  -- TRI: a7b7f9 (2) --
    ab2dbc | s061a_tree_lit2_alpx2_ovl_rep_mod1001.bmp
    6f5342 | s066a_ladder00_rep.bmp


=== STAGE: s071a (3 mismatched) ===
  -- TRI: 3c3108 (2) --
    25671f | m_rocksukima_a01_alp_ovl_rep.bmp
    be6c69 | s072a_kage_a04_rep_alp_ovl.bmp

  -- TRI: 3ec511 (1) --
    837ea4 | 005fcd31


=== STAGE: s074a (3 mismatched) ===
  -- TRI: 3ec511 (1) --
    837ea4 | 005fcd31

  -- TRI: fcfe2e (2) --
    232ee4 | s075a_mog_snow_alp_ovl_rep_02.bmp
    318b8e | s075a_mog_wall_alp_ovl_rep_04.bmp


=== STAGE: s074a_0 (3 mismatched) ===
  -- TRI: 3ec511 (1) --
    837ea4 | 005fcd31

  -- TRI: fcfe2e (2) --
    232ee4 | s075a_mog_snow_alp_ovl_rep_02.bmp
    318b8e | s075a_mog_wall_alp_ovl_rep_04.bmp


=== STAGE: s101a (3 mismatched) ===
  -- TRI: 3ec511 (1) --
    837ea4 | 005fcd31

  -- TRI: 553108 (2) --
    742f64 | s101a_door_floor_rep.bmp
    37d912 | s101a_wallup00_rep.bmp


=== STAGE: s101a_0 (3 mismatched) ===
  -- TRI: 3ec511 (1) --
    837ea4 | 005fcd31

  -- TRI: 494688 (2) --
    742f64 | s101a_door_floor_rep.bmp
    37d912 | s101a_wallup00_rep.bmp


=== STAGE: s101b (3 mismatched) ===
  -- TRI: 3ec511 (1) --
    837ea4 | 005fcd31

  -- TRI: a6e51b (2) --
    742f64 | s101a_door_floor_rep.bmp
    37d912 | s101a_wallup00_rep.bmp


=== STAGE: s181a (3 mismatched) ===
  -- TRI: 3ec511 (1) --
    837ea4 | 005fcd31

  -- TRI: a7b7fa (2) --
    d1622d | s181a_eda_1_a02_1_alp_ovl_rep.bmp
    d1722d | s181a_eda_1_a02_2_alp_ovl_rep.bmp


=== STAGE: s183a (3 mismatched) ===
  -- TRI: 3ec511 (1) --
    837ea4 | 005fcd31

  -- TRI: a7b7fa (2) --
    d1622d | s181a_eda_1_a02_1_alp_ovl_rep.bmp
    d1722d | s181a_eda_1_a02_2_alp_ovl_rep.bmp


=== STAGE: v000a_0 (3 mismatched) ===
  -- TRI: 3ec511 (2) --
    837ea4 | 005fcd31
    ebff69 | 00ebff69

  -- TRI: 4af45d (1) --
    56d0d2 | v000a_enkei_gld_a01_alp_ovl_rep.bmp


=== STAGE: s000a_0 (2 mismatched) ===
  -- TRI: 3ec511 (1) --
    837ea4 | 005fcd31

  -- TRI: 7b4f7c (1) --
    56d0d2 | v000a_enkei_gld_a01_alp_ovl_rep.bmp


=== STAGE: s001a (2 mismatched) ===
  -- TRI: 3ec511 (1) --
    837ea4 | 005fcd31

  -- TRI: a92588 (1) --
    a58d9b | s001a_fog_add_alp_ovl_rep.bmp


=== STAGE: s004a (2 mismatched) ===
  -- TRI: 3bd505 (1) --
    047917 | s002a_leafless_tree_rep.bmp

  -- TRI: 3ec511 (1) --
    837ea4 | 005fcd31


=== STAGE: s004a_0 (2 mismatched) ===
  -- TRI: 32407d (1) --
    047917 | s002a_leafless_tree_rep.bmp

  -- TRI: 3ec511 (1) --
    837ea4 | 005fcd31


=== STAGE: s043a (2 mismatched) ===
  -- TRI: 3ec511 (1) --
    837ea4 | 005fcd31

  -- TRI: a7b7f9 (1) --
    b45317 | s051a_44wall03b_rep.bmp


=== STAGE: s043a_0 (2 mismatched) ===
  -- TRI: 3ec511 (1) --
    837ea4 | 005fcd31

  -- TRI: a7b7f9 (1) --
    b45317 | s051a_44wall03b_rep.bmp


=== STAGE: s051a (2 mismatched) ===
  -- TRI: 3ec511 (1) --
    837ea4 | 005fcd31

  -- TRI: a7b7f9 (1) --
    b45407 | s051a_44wall03b_rep.bmp


=== STAGE: s051b (2 mismatched) ===
  -- TRI: 3ec511 (1) --
    837ea4 | 005fcd31

  -- TRI: a7b7f9 (1) --
    b45407 | s051a_44wall03b_rep.bmp


=== STAGE: s051b_0 (2 mismatched) ===
  -- TRI: 3ec511 (1) --
    837ea4 | 005fcd31

  -- TRI: 48da88 (1) --
    b45407 | s051a_44wall03b_rep.bmp


=== STAGE: s061a (2 mismatched) ===
  -- TRI: 3ec511 (1) --
    837ea4 | 005fcd31

  -- TRI: a7b7f9 (1) --
    ab2dbc | s061a_tree_lit2_alpx2_ovl_rep_mod1001.bmp


=== STAGE: s223a_0 (2 mismatched) ===
  -- TRI: 3ec511 (1) --
    837ea4 | 005fcd31

  -- TRI: ab3e07 (1) --
    6b3a82 | s222a_room_wall_03_rep.bmp


=== STAGE: v001a (2 mismatched) ===
  -- TRI: 3ec511 (1) --
    837ea4 | 005fcd31

  -- TRI: c50822 (1) --
    a58d9b | s001a_fog_add_alp_ovl_rep.bmp


=== STAGE: v001a_0 (2 mismatched) ===
  -- TRI: 3ec511 (1) --
    837ea4 | 005fcd31

  -- TRI: 5c6d7a (1) --
    a58d9b | s001a_fog_add_alp_ovl_rep.bmp


=== STAGE: ending (1 mismatched) ===
  -- TRI: 3ec511 (1) --
    837ea4 | 005fcd31


=== STAGE: s003a (1 mismatched) ===
  -- TRI: 3ec511 (1) --
    837ea4 | 005fcd31


=== STAGE: s005a (1 mismatched) ===
  -- TRI: 3ec511 (1) --
    837ea4 | 005fcd31


=== STAGE: s023a (1 mismatched) ===
  -- TRI: 3ec511 (1) --
    837ea4 | 005fcd31


=== STAGE: s023a_0 (1 mismatched) ===
  -- TRI: 3ec511 (1) --
    837ea4 | 005fcd31


=== STAGE: s041a (1 mismatched) ===
  -- TRI: 3ec511 (1) --
    837ea4 | 005fcd31


=== STAGE: s055a (1 mismatched) ===
  -- TRI: 3ec511 (1) --
    837ea4 | 005fcd31


=== STAGE: s062a (1 mismatched) ===
  -- TRI: 3ec511 (1) --
    837ea4 | 005fcd31


=== STAGE: s141a (1 mismatched) ===
  -- TRI: 3ec511 (1) --
    837ea4 | 005fcd31


=== STAGE: s141a_0 (1 mismatched) ===
  -- TRI: 3ec511 (1) --
    837ea4 | 005fcd31


=== STAGE: s182a (1 mismatched) ===
  -- TRI: 3ec511 (1) --
    837ea4 | 005fcd31


=== STAGE: s191a (1 mismatched) ===
  -- TRI: 3ec511 (1) --
    837ea4 | 005fcd31


=== STAGE: s191a_0 (1 mismatched) ===
  -- TRI: 3ec511 (1) --
    837ea4 | 005fcd31


=== STAGE: s191b (1 mismatched) ===
  -- TRI: 3ec511 (1) --
    837ea4 | 005fcd31


=== STAGE: s192a (1 mismatched) ===
  -- TRI: 3ec511 (1) --
    837ea4 | 005fcd31


=== STAGE: s192a_0 (1 mismatched) ===
  -- TRI: 3ec511 (1) --
    837ea4 | 005fcd31


=== STAGE: s211a (1 mismatched) ===
  -- TRI: 3ec511 (1) --
    837ea4 | 005fcd31


=== STAGE: s211a_1 (1 mismatched) ===
  -- TRI: 3ec511 (1) --
    837ea4 | 005fcd31


=== STAGE: s221a_0 (1 mismatched) ===
  -- TRI: 3ec511 (1) --
    837ea4 | 005fcd31


=== STAGE: theater (1 mismatched) ===
  -- TRI: 3ec511 (1) --
    837ea4 | 005fcd31


=== STAGE: title (1 mismatched) ===
  -- TRI: 3ec511 (1) --
    837ea4 | 005fcd31


=== STAGE: v003a (1 mismatched) ===
  -- TRI: 3ec511 (1) --
    837ea4 | 005fcd31


=== STAGE: v004a (1 mismatched) ===
  -- TRI: 3ec511 (1) --
    837ea4 | 005fcd31


=== STAGE: v004a_0 (1 mismatched) ===
  -- TRI: 3ec511 (1) --
    837ea4 | 005fcd31


=== STAGE: v005a (1 mismatched) ===
  -- TRI: 3ec511 (1) --
    837ea4 | 005fcd31


=== STAGE: v005a_0 (1 mismatched) ===
  -- TRI: 3ec511 (1) --
    837ea4 | 005fcd31


=== STAGE: v005a_1 (1 mismatched) ===
  -- TRI: 3ec511 (1) --
    837ea4 | 005fcd31


=== STAGE: v005a_2 (1 mismatched) ===
  -- TRI: 3ec511 (1) --
    837ea4 | 005fcd31


----------

SLOTS:

=== SLOT: 727 [demo_m440_m450-m450_040_p030] (1 mismatched) ===
  -- TRI: 777f9b (1) --
    3a9c4e | mog_rail_rep_03.bmp


=== SLOT: 203 [maintitle-layer_choco] (1 mismatched) ===
  -- TRI: 020fd0 (1) --
    5fcd31 | 005fcd31


=== SLOT: 408 [maintitle-layer_hornet] (1 mismatched) ===
  -- TRI: b3a53e (1) --
    5fcd31 | 005fcd31


=== SLOT: 522 [maintitle-layer_kyle] (1 mismatched) ===
  -- TRI: 0c541d (1) --
    5fcd31 | 005fcd31


=== SLOT: 403 [maintitle-layer_leaf] (1 mismatched) ===
  -- TRI: 0c82be (1) --
    5fcd31 | 005fcd31


=== SLOT: 016 [maintitle-layer_moss] (1 mismatched) ===
  -- TRI: 0d2d0b (1) --
    5fcd31 | 005fcd31


=== SLOT: 321 [maintitle-layer_plain] (1 mismatched) ===
  -- TRI: d3d88f (1) --
    5fcd31 | 005fcd31


=== SLOT: 262 [maintitle-layer_rain] (1 mismatched) ===
  -- TRI: 0f73c6 (1) --
    5fcd31 | 005fcd31


=== SLOT: 027 [maintitle-layer_snake] (1 mismatched) ===
  -- TRI: 04d8c7 (1) --
    5fcd31 | 005fcd31


=== SLOT: 332 [maintitle-layer_snow] (1 mismatched) ===
  -- TRI: 10288f (1) --
    5fcd31 | 005fcd31


=== SLOT: 258 [maintitle-layer_spider] (1 mismatched) ===
  -- TRI: befd52 (1) --
    5fcd31 | 005fcd31


=== SLOT: 432 [maintitle-layer_spirit] (1 mismatched) ===
  -- TRI: bf35d4 (1) --
    5fcd31 | 005fcd31


=== SLOT: 062 [maintitle-layer_split] (1 mismatched) ===
  -- TRI: 060496 (1) --
    5fcd31 | 005fcd31


=== SLOT: 348 [maintitle-layer_tiger] (1 mismatched) ===
  -- TRI: 127014 (1) --
    5fcd31 | 005fcd31


=== SLOT: 387 [maintitle-layer_water] (1 mismatched) ===
  -- TRI: 3ea414 (1) --
    5fcd31 | 005fcd31


