0000021b
00005011.img
00031504
0003a157.img
0003a157.img_03f17ff9395846ea5bf936552c3b988a
0003a157.img_072734442395aa77b4dc73a300e14635
0003a157.img_079c21f87c2396e85d5f7c82637e7352
0003a157.img_185cf90c2eaa2eef3aeb870ec4834671
0003a157.img_1ba470027dacd7c10adf661610dc04e1
0003a157.img_1ece3f27cf607206241327a91b57c89d
0003a157.img_2be35633bee586cebc75a438f0e6e4e2
0003a157.img_3175e6874d78a2e57eb432e68c004751
0003a157.img_335003ac512d622e8ff81548074823df
0003a157.img_40340683d6a287e2af39d3760e2162ee
0003a157.img_42c8b0bc2f3455093d90a25729ed91b4
0003a157.img_4344dd0f107c82e1ab241f4f84165e45
0003a157.img_4b9c199f7524b4531a399cdcae08fec1
0003a157.img_4ca343a31ddc4dfa5528cda5ec7f111b
0003a157.img_4f9b6c4f12bbb06f5abff743fcd1085c
0003a157.img_5667dcc8ac21297c981a8ec40fbe8c19
0003a157.img_56df4e5f35dee2941e00cbdcacd04fd1
0003a157.img_5aab7ee976ca7144ad954ec48d7f93a4
0003a157.img_68d061fb998272c35600430d51659598
0003a157.img_70d31f246558c4f580b0374defb6bdb2
0003a157.img_7f44ac4b5710b0a4e618d21d87b63de1
0003a157.img_89fb46309dec3e73cf0af435d75612bc
0003a157.img_8a1bf389847c5277575f65a87d707776
0003a157.img_8ce501972e9b7908be5585cdfc2be0a4
0003a157.img_8e47400085fdb32a4b0d7074929174f7
0003a157.img_938598d4a616f43eebbcf7870bb3a641
0003a157.img_b5f0a7ccc931259672c395e02daf5c4a
0003a157.img_b8e21cf55f0d808db1b31817da1b8d12
0003a157.img_bcf56bfe3db15abfc750268e7f5174c7
0003a157.img_c5891bd5da126da6f5e76224cbcd00b0
0003a157.img_cb75a58f0c068f44d888ce45e65894af
0003a157.img_e24452b395efe665c10dd879c9efd649
0003a157.img_e4856e14c95d0d7d93a4ef11546df433
0003a157.img_e88c0cb5c7f3449120f1f1f62980cdf0
0003a157.img_f0a023edf77daaaa485f569e28b23488
0003a157.img_f327b39ad21edb1d0512ebe14c8315c5
0003a157.img_f338b1aa17146d40502eb55896857452
0003a157.img_f3a959460eba4c009e7c4033581abb86
0003a157.img_f4d589d12767497bfeb21185f0ec710b
0003a157.img_f86a2cbae5c969c4f37a6ef62ff21901
0003a157.img_fe7cce545d819c784fd506cca4c9d7d8
0003a514
0003f2e2
000589dd.img
00064917.img
0007080a.img
00078701.img
00089f76
000bac79.img
000baecd.img
000ecbfd.img
000ef413
00104da1.img
0010eab5.img
0011b5d7
0012b5d7
0013def6.img
00155d88
00163d74
0016829d.img
0016ae13.img
0016df98
00186029
0018c9cf.img
0018c9d7.img
0018c9db.img
0018c9df.img
0018c9e3.img
0018c9e7.img
0018c9eb.img
0018c9ef.img
0018c9f3.img
0018ca4f.img
0018ca53.img
0018ca57.img
0018ca63.img
0018ca67.img
0018ca6b.img
0018ca6f.img
0018ca73.img
0018cacf.img
0018cad3.img
0019800b
001a9cc0.img
001ba28f.img
001c8f27.img
0020e365.img
00225e9c
0022b2d3
00266501
0026d01e
002a44f7
002b5ada.img
002cb85e.img
00306be9
00306c69
00306ce9
00306d69
00306ee9
00308be9
00308ce9
00309be9
00309c69
00309ce9
0030abe9
0030ac69
0030ace9
0030ad69
0030ade9
0030bbe9
0030bc69
0030bc6d
0030bde9
0030be69
0030cbe9
0030cc69
0030cce9
0030cd69
0030cde9
0030ce69
0030dbe9
0030dc69
0030dce9
0030dd69
0030dde9
0030ebe9
0030fbe9
0030fc69
0030fce9
0030fd69
00316be9
00316c69
00316ce9
00316ee9
00318be9
00318c69
00318ce9
00319be9
00319c69
00319ce9
0031abe9
0031ac69
0031ace9
0031ad69
0031ade9
0031bbe9
0031bc69
0031bc6d
0031bde9
0031be69
0031cbe9
0031cc69
0031cce9
0031cd69
0031ce69
0031dbe9
0031dc69
0031dce9
0031dd69
0031dde9
0031ebe9
0031fbe9
0031fc69
0031fce9
0031fd69
00326be9
00327be9
00327c69
00327ce9
00328be9
00328c69
0032bc69
0032c4c8
0032cc69
0032cce9
0032dbe9
0032ebe9
0032ec69
0032ece9
0032fbe9
0032fc69
00330503.img
003326d9
00336be9
00336be9_8ce84330a816de3c9e9cacf4c2390ef2
00336c69
00336ce9
00336d69
00336ee9
00337be9
00337c69
00337ce9
00337f00
00338be9
00338be9_40a9962a574ddd022d30a09335d00298
00338c69
00338c69_5a6a61d237167595d31852011eea51ed
00338ce9
00339be9
00339c69
00339ce9
0033abe9
0033ac69
0033ace9
0033ad69
0033ade9
0033bbe9
0033bc69
0033bc69_7884dfdcadec6f2a9cd1b0f042093063
0033bc6d
0033bde9
0033be69
0033cbe9
0033cc69
0033cc69_e0df82ced404d49d1cc10f61f7b78802
0033cce9
0033cce9_9b66e5847270bfba9f040cede1820951
0033cd69
0033cde9
0033ce69
0033dbe9
0033dbe9_e2f15027570cf3cdb8ebc2e7446a231a
0033dc69
0033dce9
0033dd69
0033dde9
0033ebe9
0033ebe9_74455759f8c34556343a33b4c26a1fbb
0033ec69
0033ece9
0033fbe9
0033fbe9_e30818ab79e34d6e32dee54983d1463f
0033fc69
0033fc69_3321c5f2479e09d0a10035b6153ced86
0033fce9
0033fd69
00342f5b
00347be9
00356be9
00357be9
00357be9_1409304ce76718d9a5126ad56628869a
00357c69
00357ce9
00358be9
00358c69
0035bc69
0035cbe9
0035cc69
0035cce9
0035ce0b
0035dbe9
0035ded2.img
0035ebe9
0035ec69
0035ece9
0035fbe9
0035fc69
0036bd68
00377be9
0037b2cc
003807d3
0038c9cf.img
0038c9d3.img
0038c9d7.img
0038c9db.img
0038c9df.img
0038c9e3.img
0038c9e7.img
0038c9eb.img
0038c9f3.img
0038ca53.img
0038ca57.img
0038ca63.img
0038ca67.img
0038ca6f.img
0038ca73.img
0039c9e3.img
003a0253
003d06bf
003d0d74
003d6be9.img
003d6c69.img
003d6ce9.img
003d6d69.img
003d6de9.img
003d6e69.img
003d6ee9.img
003d7c69.img
003d8be9.img
003d8c69.img
003d8ce9.img
003d9be9.img
003d9c69.img
003d9ce9.img
003dabe9.img
003dac69.img
003dace9.img
003dad69.img
003dade9.img
003dbbe9.img
003dbc69.img
003dbc6d.img
003dbde9.img
003dbe69.img
003dcbe9.img
003dcc69.img
003dcce9.img
003dcd69.img
003dcde9.img
003dce69.img
003ddbe9.img
003ddc69.img
003ddce9.img
003ddd69.img
003ddde9.img
003debe9.img
003dfbe9.img
003dfc69.img
003dfce9.img
003dfd69.img
003f1510
003f6be9.img
003f7be9.img
003f7c69.img
003f7ce9.img
003f8be9.img
003f8c69.img
003fa520
003fbbe9.img
003fbc69.img
003fcbe9.img
003fcc69.img
003fcce9.img
003fdbe9.img
003febe9.img
003fec69.img
003fece9.img
003ffbe9.img
003ffc69.img
00416be9.img
00417be9.img
004244b2
00447c28
00461c15.img
00466f52
00466f56
0047048a
004733d7.img
00476f52
00476f56
0047de97.img
00488d27
00496f52
00496f56
0049b9cb
004cec39.img
004ecb45.img
004faaab.img
005206bf
00536f52.img
00536f56.img
005764f7
00583c39.img
0058c9cf.img
0058c9d7.img
0058c9db.img
0058c9df.img
0058c9e7.img
0058c9eb.img
0058c9f3.img
0058ca53.img
0058ca67.img
0058ca6f.img
005b44ed
005d7993.img
005eb9cb
005ed1e5.img
005ee3c5.img
005f73b4.img
005fe3c5.img
005feda9
0060def0.img
0060e3c5.img
0061b17c
0062ded9.img
006377aa.img
00652f51
0065fadb.img
00660dfc
0066ce01
0067bd5e
006907c9
006ec4d4
006f66d8
006fbeff
00701506
0070a516
00713f17
0071b304
00723f17
00733f17
0073b5c3
00743f17
00746cd0
0074b5c3
00753f17
00763f17
00765dfa-sna_def_olive~0063d2755986c53e88ca8238dcc91517
00765dfa-sna_def_olive~11b6c529be02c7be258feb2b9c0d765b
00765dfa-sna_def_olive~226720d60bf32248d4b2ff4d91332ff5
00765dfa-sna_def_olive~25834abebf04d0988daad5bf2794029f
00765dfa-sna_def_olive~3899b0451a9bf3a066c06607da896be5
00765dfa-sna_def_olive~595bccc37f7fd4e109580710c4e05ace
00765dfa-sna_def_olive~5b3d1598f27e95be7e3c4707df16c674
00765dfa-sna_def_olive~86d6763dde8ecfc17f0757fd8e4ef306
00765dfa-sna_def_olive~9d26662c63d25efb0d45047f2138adde
00765dfa-sna_def_olive~a921b3a31002786d9ab96ce815775207
00765dfa-sna_def_olive~aa50c1cc5d6b4a104c9f98591f5fe392
00765dfa-sna_def_olive~bf83de4607fa1858fee936ce855f1bf2
00765dfa-sna_def_olive~cd4b56738f492778c2200038dc1286dd
00765dfa-sna_def_olive~d4d384d014eaf51ba3c47999300d13b6
00765dfa-sna_def_olive~d911c904e6c6ec906da9f684a40302be
00765dfa-sna_def_olive~e13e0de15eb8f17eb8b7cdcc907a8c73
00765dfa-sna_def_olive~e5992dad6ebeda010e8d35d02c628c98
00765dfa-sna_def_olive~fe6f8be43a9b674bd5151a36957fbfa8
0076b17c
0076ded2.img
00773f17
00783f17
0078c9cf.img
0078c9df.img
0078c9e7.img
0078c9eb.img
0078c9f3.img
0078c9fe
00793f17
007a0eb6
007cab39
007db4a7
007e021f
007e44be
007ebdd7
007f59aa.img
00807c34
008287b5.img
00830496
00848d33
008514ff
008696f4
0088df28
0088f148
00896cd0
008c59bd.img
008e5121.img
008e9d03.img
008ed488
0091ab39
00944f72.img
009636d8
00968eff
0098c9cf.img
0098c9df.img
0098c9e3.img
0098c9e7.img
0098c9eb.img
00999367.img
0099b5be
009ab5be
009b2164.img
009b9f73
009bedb5
009fc4ca
00a0e2e2
00a1f410
00a20e08
00a2aa3e.img
00a3a885.img
00a4aedb.img
00ab6026
00acdea9.img
00ad7f16
00ae7f16
00af44b4
00af7f16
00b07f16
00b17c2a
00b17f16
00b27f16
00b37f16
00b3cf98
00b4048c
00b47f16
00b4ca0a
00b55e99
00b57f16
00b58d29
00b5b2d0
00b60ec2
00b74807.img
00b8c9cf.img
00b8c9e3.img
00b8c9e7.img
00b9b4b3
00b9d01b
00b9e027
00b9e02b
00ba022b
00babde3
00bbb0ad.img
00bd49ca.img
00bd89a1.img
00bf1537
00bfa83f.img
00c0a83f.img
00c0be86.img
00c1a83f.img
00c29700
00c2a83f.img
00c4df34
00c4f154
00ca1ad1.img
00cad494
00ccedab
00d2ded2.img
00d30dfe
00d31745.img
00d44f16
00d476d8.img
00d54f16
00d5cd7d.img
00d5def0.img
00d64f16
00d6eac6.img
00d74f16
00d79f7f
00d84f16
00d89049.img
00d8c9cf.img
00d94f16
00d9fd74
00da3e27.img
00da4f16
00db4f16
00dc4f16
00dd22e1
00ddf41c
00df7f97.img
00e338a3.img
00e3e4ba.img
00e5ca00
00e69824.img
00e70eb8
00e76032
00e786c5.img
00e84efe.img
00e88014
00ea64f4
00eab4a9
00eb0221
00ebbdd9
00ee44ea
00efa8aa.img
00f15ea5
00f1b2dc
00f30f4f.img
00f396f6
00f40f4f.img
00f5bdc3.img
00f5d027
00f5df2a
00f5f14a
00f82f4e
00f9cdfe
00fa2962.img
00fabd5b
00fbd48a
00fc07c6
e01_1.bmp
e01_2.bmp_f0b63fb0ea7e68f56e4e83a511bf37e1
e01_3.bmp_541acc1ad8a115247861fcf34368023d
e01_4.bmp_54f96d8a29ca80b1a3feabfd6ad0ce4b
e02_1.bmp
e02_2.bmp_75c18656e1070488b65f4ef3c5459c6a
e02_3.bmp_9f9413fdf4806383d89d42846a722a3f
e02_4.bmp_e98df2b1939851f47c8a6c28ea1d4cda
e03_1.bmp
e03_2.bmp_9dacb2c715572785a6dae28acd90e8b1
e04_1.bmp
e04_2.bmp_04dda450a93965ec055c9b3e101e099b
e04_3.bmp_6e40581365c7129ba9808c175223db1c
e04_4.bmp_8c6cd8cff37073ad12c3337cfc6743c9
e05_1.bmp
e05_2.bmp_82b3b58938902ff77960ab86bece7fde
e05_3.bmp_af67f0040e86439009598c872cff2e9d
e05_4.bmp_36713177f73649f66e6d12e18911a8b2
k08_1.bmp
k08_2.bmp
k08_3.bmp
k08_4.bmp
mgs3_keycon_arrow_l
mgs3_keycon_arrow_r
mgs3_keycon_check
mgs3_keycon_list_base_00
mgs3_keycon_list_base_01
mgs3_keycon_list_base_03
mgs3_keycon_list_base_04
mgs3_keycon_list_base_05
mgs3_keycon_type_base_00
option_save_frame_cursor
options_frame_back
options_frame_back_small
options_line_00
options_save_frame_black
options_save_icon_mute
options_save_icon_volume
options_save_volume_00
options_save_volume_01
red_nozzle_b_ovl_alpx2.bmp
s221a_render_rep_mod1001_alpx2_ovl.bmp
shago_hand_glass_ovl_alpx2.bmp
thu_mgs3_arm_cord_sub_ovl_alpx2.bmp
u06_3.bmp
u06_4.bmp
